2024-08-25 09:39:23,285 [trainer.py] => config: ./exps/dualprompt_cifar_B0_Inc5.json
2024-08-25 09:39:23,286 [trainer.py] => prefix:  
2024-08-25 09:39:23,286 [trainer.py] => dataset: cifar224
2024-08-25 09:39:23,286 [trainer.py] => memory_size: 0
2024-08-25 09:39:23,286 [trainer.py] => memory_per_class: 0
2024-08-25 09:39:23,286 [trainer.py] => fixed_memory: False
2024-08-25 09:39:23,286 [trainer.py] => shuffle: True
2024-08-25 09:39:23,286 [trainer.py] => init_cls: 20
2024-08-25 09:39:23,286 [trainer.py] => increment: 20
2024-08-25 09:39:23,286 [trainer.py] => model_name: dualprompt
2024-08-25 09:39:23,286 [trainer.py] => backbone_type: vit_base_patch16_224_in21k_dualprompt
2024-08-25 09:39:23,286 [trainer.py] => get_original_backbone: True
2024-08-25 09:39:23,286 [trainer.py] => device: [device(type='cuda', index=0)]
2024-08-25 09:39:23,286 [trainer.py] => seed: 1993
2024-08-25 09:39:23,286 [trainer.py] => tuned_epoch: 20
2024-08-25 09:39:23,286 [trainer.py] => init_lr: 0.001
2024-08-25 09:39:23,286 [trainer.py] => batch_size: 48
2024-08-25 09:39:23,286 [trainer.py] => weight_decay: 0
2024-08-25 09:39:23,286 [trainer.py] => min_lr: 1e-05
2024-08-25 09:39:23,286 [trainer.py] => optimizer: adam
2024-08-25 09:39:23,286 [trainer.py] => scheduler: constant
2024-08-25 09:39:23,286 [trainer.py] => reinit_optimizer: True
2024-08-25 09:39:23,286 [trainer.py] => global_pool: token
2024-08-25 09:39:23,286 [trainer.py] => head_type: token
2024-08-25 09:39:23,286 [trainer.py] => freeze: ['blocks', 'patch_embed', 'cls_token', 'norm', 'pos_embed']
2024-08-25 09:39:23,286 [trainer.py] => pretrained: True
2024-08-25 09:39:23,287 [trainer.py] => drop: 0.0
2024-08-25 09:39:23,287 [trainer.py] => drop_path: 0.0
2024-08-25 09:39:23,287 [trainer.py] => use_g_prompt: True
2024-08-25 09:39:23,287 [trainer.py] => g_prompt_length: 5
2024-08-25 09:39:23,287 [trainer.py] => g_prompt_layer_idx: [0, 1]
2024-08-25 09:39:23,287 [trainer.py] => use_prefix_tune_for_g_prompt: True
2024-08-25 09:39:23,287 [trainer.py] => use_e_prompt: True
2024-08-25 09:39:23,287 [trainer.py] => e_prompt_layer_idx: [2, 3, 4]
2024-08-25 09:39:23,287 [trainer.py] => use_prefix_tune_for_e_prompt: True
2024-08-25 09:39:23,287 [trainer.py] => prompt_pool: True
2024-08-25 09:39:23,287 [trainer.py] => size: 10
2024-08-25 09:39:23,287 [trainer.py] => length: 5
2024-08-25 09:39:23,287 [trainer.py] => top_k: 1
2024-08-25 09:39:23,287 [trainer.py] => initializer: uniform
2024-08-25 09:39:23,287 [trainer.py] => prompt_key: True
2024-08-25 09:39:23,287 [trainer.py] => prompt_key_init: uniform
2024-08-25 09:39:23,287 [trainer.py] => use_prompt_mask: True
2024-08-25 09:39:23,287 [trainer.py] => shared_prompt_pool: True
2024-08-25 09:39:23,287 [trainer.py] => shared_prompt_key: False
2024-08-25 09:39:23,287 [trainer.py] => batchwise_prompt: True
2024-08-25 09:39:23,287 [trainer.py] => embedding_key: cls
2024-08-25 09:39:23,287 [trainer.py] => predefined_key: 
2024-08-25 09:39:23,287 [trainer.py] => pull_constraint: True
2024-08-25 09:39:23,287 [trainer.py] => pull_constraint_coeff: 0.1
2024-08-25 09:39:23,287 [trainer.py] => same_key_value: False
2024-08-25 09:39:25,139 [data_manager.py] => [68, 56, 78, 8, 23, 84, 90, 65, 74, 76, 40, 89, 3, 92, 55, 9, 26, 80, 43, 38, 58, 70, 77, 1, 85, 19, 17, 50, 28, 53, 13, 81, 45, 82, 6, 59, 83, 16, 15, 44, 91, 41, 72, 60, 79, 52, 20, 10, 31, 54, 37, 95, 14, 71, 96, 98, 97, 2, 64, 66, 42, 22, 35, 86, 24, 34, 87, 21, 99, 0, 88, 27, 18, 94, 11, 12, 47, 25, 30, 46, 62, 69, 36, 61, 7, 63, 75, 5, 32, 4, 51, 48, 73, 93, 39, 67, 29, 49, 57, 33]
2024-08-25 09:39:32,256 [dualprompt.py] => 86,128,996 model total parameters.
2024-08-25 09:39:32,256 [dualprompt.py] => 330,340 model training parameters.
2024-08-25 09:39:32,256 [dualprompt.py] => g_prompt: 15360
2024-08-25 09:39:32,256 [dualprompt.py] => e_prompt.prompt: 230400
2024-08-25 09:39:32,256 [dualprompt.py] => e_prompt.prompt_key: 7680
2024-08-25 09:39:32,257 [dualprompt.py] => head.weight: 76800
2024-08-25 09:39:32,270 [dualprompt.py] => head.bias: 100
2024-08-25 09:39:32,271 [trainer.py] => All params: 172004552
2024-08-25 09:39:32,271 [trainer.py] => Trainable params: 330340
2024-08-25 09:39:32,271 [dualprompt.py] => Learning on 0-20
2024-08-25 10:15:07,717 [dualprompt.py] => Task 0, Epoch 20/20 => Loss 0.301, Train_accy 89.22, Test_accy 96.30
2024-08-25 10:15:22,279 [trainer.py] => No NME accuracy.
2024-08-25 10:15:22,280 [trainer.py] => CNN: {'total': 96.3, '00-19': 96.3, 'old': 0, 'new': 96.3}
2024-08-25 10:15:22,280 [trainer.py] => CNN top1 curve: [96.3]
2024-08-25 10:15:22,280 [trainer.py] => CNN top5 curve: [99.55]

Average Accuracy (CNN): 96.3
2024-08-25 10:15:22,280 [trainer.py] => Average Accuracy (CNN): 96.3 

2024-08-25 10:15:22,281 [trainer.py] => All params: 172004552
2024-08-25 10:15:22,282 [trainer.py] => Trainable params: 330340
2024-08-25 10:15:22,282 [dualprompt.py] => Learning on 20-40
2024-08-25 10:51:53,601 [dualprompt.py] => Task 1, Epoch 20/20 => Loss 0.207, Train_accy 91.59, Test_accy 93.52
2024-08-25 10:52:21,838 [trainer.py] => No NME accuracy.
2024-08-25 10:52:21,839 [trainer.py] => CNN: {'total': 93.52, '00-19': 92.55, '20-39': 94.5, 'old': 92.55, 'new': 94.5}
2024-08-25 10:52:21,839 [trainer.py] => CNN top1 curve: [96.3, 93.52]
2024-08-25 10:52:21,839 [trainer.py] => CNN top5 curve: [99.55, 99.2]

Average Accuracy (CNN): 94.91
2024-08-25 10:52:21,839 [trainer.py] => Average Accuracy (CNN): 94.91 

2024-08-25 10:52:21,842 [trainer.py] => All params: 172004552
2024-08-25 10:52:21,844 [trainer.py] => Trainable params: 330340
2024-08-25 10:52:21,844 [dualprompt.py] => Learning on 40-60
2024-08-25 11:29:50,667 [dualprompt.py] => Task 2, Epoch 20/20 => Loss 0.231, Train_accy 90.89, Test_accy 91.27
2024-08-25 11:30:32,843 [trainer.py] => No NME accuracy.
2024-08-25 11:30:32,843 [trainer.py] => CNN: {'total': 91.27, '00-19': 90.4, '20-39': 92.6, '40-59': 90.8, 'old': 91.5, 'new': 90.8}
2024-08-25 11:30:32,843 [trainer.py] => CNN top1 curve: [96.3, 93.52, 91.27]
2024-08-25 11:30:32,844 [trainer.py] => CNN top5 curve: [99.55, 99.2, 99.03]

Average Accuracy (CNN): 93.7
2024-08-25 11:30:32,844 [trainer.py] => Average Accuracy (CNN): 93.7 

2024-08-25 11:30:32,846 [trainer.py] => All params: 172004552
2024-08-25 11:30:32,847 [trainer.py] => Trainable params: 330340
2024-08-25 11:30:32,848 [dualprompt.py] => Learning on 60-80
2024-08-25 12:08:51,661 [dualprompt.py] => Task 3, Epoch 20/20 => Loss 0.214, Train_accy 91.53, Test_accy 88.44
2024-08-25 12:09:47,675 [trainer.py] => No NME accuracy.
2024-08-25 12:09:47,676 [trainer.py] => CNN: {'total': 88.44, '00-19': 88.85, '20-39': 92.15, '40-59': 86.95, '60-79': 85.8, 'old': 89.32, 'new': 85.8}
2024-08-25 12:09:47,676 [trainer.py] => CNN top1 curve: [96.3, 93.52, 91.27, 88.44]
2024-08-25 12:09:47,676 [trainer.py] => CNN top5 curve: [99.55, 99.2, 99.03, 98.7]

Average Accuracy (CNN): 92.38
2024-08-25 12:09:47,676 [trainer.py] => Average Accuracy (CNN): 92.38 

2024-08-25 12:09:47,677 [trainer.py] => All params: 172004552
2024-08-25 12:09:47,678 [trainer.py] => Trainable params: 330340
2024-08-25 12:09:47,678 [dualprompt.py] => Learning on 80-100
2024-08-25 12:48:58,790 [dualprompt.py] => Task 4, Epoch 20/20 => Loss 0.212, Train_accy 91.70, Test_accy 87.46
2024-08-25 12:50:08,307 [trainer.py] => No NME accuracy.
2024-08-25 12:50:08,309 [trainer.py] => CNN: {'total': 87.46, '00-19': 87.7, '20-39': 92.0, '40-59': 85.95, '60-79': 84.1, '80-99': 87.55, 'old': 87.44, 'new': 87.55}
2024-08-25 12:50:08,309 [trainer.py] => CNN top1 curve: [96.3, 93.52, 91.27, 88.44, 87.46]
2024-08-25 12:50:08,309 [trainer.py] => CNN top5 curve: [99.55, 99.2, 99.03, 98.7, 98.34]

Average Accuracy (CNN): 91.4
2024-08-25 12:50:08,310 [trainer.py] => Average Accuracy (CNN): 91.4 

Accuracy Matrix (CNN):
[[96.3  92.55 90.4  88.85 87.7 ]
 [ 0.   94.5  92.6  92.15 92.  ]
 [ 0.    0.   90.8  86.95 85.95]
 [ 0.    0.    0.   85.8  84.1 ]
 [ 0.    0.    0.    0.   87.55]]
2024-08-25 12:50:08,311 [trainer.py] => Forgetting (CNN): 4.412499999999998
2024-08-25 12:50:11,612 [trainer.py] => config: ./exps/dualprompt_cifar_B0_Inc10.json
2024-08-25 12:50:11,612 [trainer.py] => prefix:  
2024-08-25 12:50:11,612 [trainer.py] => dataset: cifar224
2024-08-25 12:50:11,612 [trainer.py] => memory_size: 0
2024-08-25 12:50:11,612 [trainer.py] => memory_per_class: 0
2024-08-25 12:50:11,612 [trainer.py] => fixed_memory: False
2024-08-25 12:50:11,612 [trainer.py] => shuffle: True
2024-08-25 12:50:11,612 [trainer.py] => init_cls: 10
2024-08-25 12:50:11,612 [trainer.py] => increment: 10
2024-08-25 12:50:11,612 [trainer.py] => model_name: dualprompt
2024-08-25 12:50:11,612 [trainer.py] => backbone_type: vit_base_patch16_224_in21k_dualprompt
2024-08-25 12:50:11,612 [trainer.py] => get_original_backbone: True
2024-08-25 12:50:11,612 [trainer.py] => device: [device(type='cuda', index=0)]
2024-08-25 12:50:11,612 [trainer.py] => seed: 1993
2024-08-25 12:50:11,612 [trainer.py] => tuned_epoch: 20
2024-08-25 12:50:11,613 [trainer.py] => init_lr: 0.001
2024-08-25 12:50:11,613 [trainer.py] => batch_size: 48
2024-08-25 12:50:11,613 [trainer.py] => weight_decay: 0
2024-08-25 12:50:11,613 [trainer.py] => min_lr: 1e-05
2024-08-25 12:50:11,613 [trainer.py] => optimizer: adam
2024-08-25 12:50:11,613 [trainer.py] => scheduler: constant
2024-08-25 12:50:11,613 [trainer.py] => reinit_optimizer: True
2024-08-25 12:50:11,613 [trainer.py] => global_pool: token
2024-08-25 12:50:11,613 [trainer.py] => head_type: token
2024-08-25 12:50:11,613 [trainer.py] => freeze: ['blocks', 'patch_embed', 'cls_token', 'norm', 'pos_embed']
2024-08-25 12:50:11,613 [trainer.py] => pretrained: True
2024-08-25 12:50:11,613 [trainer.py] => drop: 0.0
2024-08-25 12:50:11,613 [trainer.py] => drop_path: 0.0
2024-08-25 12:50:11,613 [trainer.py] => use_g_prompt: True
2024-08-25 12:50:11,613 [trainer.py] => g_prompt_length: 5
2024-08-25 12:50:11,613 [trainer.py] => g_prompt_layer_idx: [0, 1]
2024-08-25 12:50:11,613 [trainer.py] => use_prefix_tune_for_g_prompt: True
2024-08-25 12:50:11,613 [trainer.py] => use_e_prompt: True
2024-08-25 12:50:11,613 [trainer.py] => e_prompt_layer_idx: [2, 3, 4]
2024-08-25 12:50:11,613 [trainer.py] => use_prefix_tune_for_e_prompt: True
2024-08-25 12:50:11,613 [trainer.py] => prompt_pool: True
2024-08-25 12:50:11,613 [trainer.py] => size: 10
2024-08-25 12:50:11,613 [trainer.py] => length: 5
2024-08-25 12:50:11,613 [trainer.py] => top_k: 1
2024-08-25 12:50:11,613 [trainer.py] => initializer: uniform
2024-08-25 12:50:11,613 [trainer.py] => prompt_key: True
2024-08-25 12:50:11,613 [trainer.py] => prompt_key_init: uniform
2024-08-25 12:50:11,613 [trainer.py] => use_prompt_mask: True
2024-08-25 12:50:11,614 [trainer.py] => shared_prompt_pool: True
2024-08-25 12:50:11,614 [trainer.py] => shared_prompt_key: False
2024-08-25 12:50:11,614 [trainer.py] => batchwise_prompt: True
2024-08-25 12:50:11,614 [trainer.py] => embedding_key: cls
2024-08-25 12:50:11,614 [trainer.py] => predefined_key: 
2024-08-25 12:50:11,614 [trainer.py] => pull_constraint: True
2024-08-25 12:50:11,614 [trainer.py] => pull_constraint_coeff: 0.1
2024-08-25 12:50:11,614 [trainer.py] => same_key_value: False
2024-08-25 12:50:13,287 [data_manager.py] => [68, 56, 78, 8, 23, 84, 90, 65, 74, 76, 40, 89, 3, 92, 55, 9, 26, 80, 43, 38, 58, 70, 77, 1, 85, 19, 17, 50, 28, 53, 13, 81, 45, 82, 6, 59, 83, 16, 15, 44, 91, 41, 72, 60, 79, 52, 20, 10, 31, 54, 37, 95, 14, 71, 96, 98, 97, 2, 64, 66, 42, 22, 35, 86, 24, 34, 87, 21, 99, 0, 88, 27, 18, 94, 11, 12, 47, 25, 30, 46, 62, 69, 36, 61, 7, 63, 75, 5, 32, 4, 51, 48, 73, 93, 39, 67, 29, 49, 57, 33]
2024-08-25 12:50:20,796 [dualprompt.py] => 86,128,996 model total parameters.
2024-08-25 12:50:20,797 [dualprompt.py] => 330,340 model training parameters.
2024-08-25 12:50:20,797 [dualprompt.py] => g_prompt: 15360
2024-08-25 12:50:20,797 [dualprompt.py] => e_prompt.prompt: 230400
2024-08-25 12:50:20,797 [dualprompt.py] => e_prompt.prompt_key: 7680
2024-08-25 12:50:20,797 [dualprompt.py] => head.weight: 76800
2024-08-25 12:50:20,802 [dualprompt.py] => head.bias: 100
2024-08-25 12:50:20,803 [trainer.py] => All params: 172004552
2024-08-25 12:50:20,804 [trainer.py] => Trainable params: 330340
2024-08-25 12:50:20,804 [dualprompt.py] => Learning on 0-10
2024-08-25 13:08:23,523 [dualprompt.py] => Task 0, Epoch 20/20 => Loss 0.182, Train_accy 92.56, Test_accy 97.50
2024-08-25 13:08:31,250 [trainer.py] => No NME accuracy.
2024-08-25 13:08:31,251 [trainer.py] => CNN: {'total': 97.5, '00-09': 97.5, 'old': 0, 'new': 97.5}
2024-08-25 13:08:31,251 [trainer.py] => CNN top1 curve: [97.5]
2024-08-25 13:08:31,251 [trainer.py] => CNN top5 curve: [99.9]

Average Accuracy (CNN): 97.5
2024-08-25 13:08:31,251 [trainer.py] => Average Accuracy (CNN): 97.5 

2024-08-25 13:08:31,254 [trainer.py] => All params: 172004552
2024-08-25 13:08:31,256 [trainer.py] => Trainable params: 330340
2024-08-25 13:08:31,256 [dualprompt.py] => Learning on 10-20
2024-08-25 13:26:55,393 [dualprompt.py] => Task 1, Epoch 20/20 => Loss 0.218, Train_accy 91.38, Test_accy 94.95
2024-08-25 13:27:10,056 [trainer.py] => No NME accuracy.
2024-08-25 13:27:10,056 [trainer.py] => CNN: {'total': 94.95, '00-09': 97.0, '10-19': 92.9, 'old': 97.0, 'new': 92.9}
2024-08-25 13:27:10,056 [trainer.py] => CNN top1 curve: [97.5, 94.95]
2024-08-25 13:27:10,056 [trainer.py] => CNN top5 curve: [99.9, 99.45]

Average Accuracy (CNN): 96.22
2024-08-25 13:27:10,057 [trainer.py] => Average Accuracy (CNN): 96.22 

2024-08-25 13:27:10,059 [trainer.py] => All params: 172004552
2024-08-25 13:27:10,061 [trainer.py] => Trainable params: 330340
2024-08-25 13:27:10,062 [dualprompt.py] => Learning on 20-30
2024-08-25 13:46:03,319 [dualprompt.py] => Task 2, Epoch 20/20 => Loss 0.084, Train_accy 95.40, Test_accy 93.67
2024-08-25 13:46:24,699 [trainer.py] => No NME accuracy.
2024-08-25 13:46:24,700 [trainer.py] => CNN: {'total': 93.67, '00-09': 94.5, '10-19': 90.5, '20-29': 96.0, 'old': 92.5, 'new': 96.0}
2024-08-25 13:46:24,700 [trainer.py] => CNN top1 curve: [97.5, 94.95, 93.67]
2024-08-25 13:46:24,700 [trainer.py] => CNN top5 curve: [99.9, 99.45, 99.17]

Average Accuracy (CNN): 95.37
2024-08-25 13:46:24,700 [trainer.py] => Average Accuracy (CNN): 95.37 

2024-08-25 13:46:24,703 [trainer.py] => All params: 172004552
2024-08-25 13:46:24,704 [trainer.py] => Trainable params: 330340
2024-08-25 13:46:24,705 [dualprompt.py] => Learning on 30-40
2024-08-25 14:05:47,547 [dualprompt.py] => Task 3, Epoch 20/20 => Loss 0.141, Train_accy 93.14, Test_accy 91.90
2024-08-25 14:06:15,826 [trainer.py] => No NME accuracy.
2024-08-25 14:06:15,826 [trainer.py] => CNN: {'total': 91.9, '00-09': 93.6, '10-19': 88.8, '20-29': 94.5, '30-39': 90.7, 'old': 92.3, 'new': 90.7}
2024-08-25 14:06:15,826 [trainer.py] => CNN top1 curve: [97.5, 94.95, 93.67, 91.9]
2024-08-25 14:06:15,826 [trainer.py] => CNN top5 curve: [99.9, 99.45, 99.17, 99.08]

Average Accuracy (CNN): 94.5
2024-08-25 14:06:15,827 [trainer.py] => Average Accuracy (CNN): 94.5 

2024-08-25 14:06:15,829 [trainer.py] => All params: 172004552
2024-08-25 14:06:15,831 [trainer.py] => Trainable params: 330340
2024-08-25 14:06:15,831 [dualprompt.py] => Learning on 40-50
2024-08-25 14:26:04,089 [dualprompt.py] => Task 4, Epoch 20/20 => Loss 0.083, Train_accy 95.52, Test_accy 89.94
2024-08-25 14:26:39,175 [trainer.py] => No NME accuracy.
2024-08-25 14:26:39,175 [trainer.py] => CNN: {'total': 89.94, '00-09': 91.3, '10-19': 84.1, '20-29': 93.3, '30-39': 89.6, '40-49': 91.4, 'old': 89.58, 'new': 91.4}
2024-08-25 14:26:39,175 [trainer.py] => CNN top1 curve: [97.5, 94.95, 93.67, 91.9, 89.94]
2024-08-25 14:26:39,175 [trainer.py] => CNN top5 curve: [99.9, 99.45, 99.17, 99.08, 98.78]

Average Accuracy (CNN): 93.59
2024-08-25 14:26:39,176 [trainer.py] => Average Accuracy (CNN): 93.59 

2024-08-25 14:26:39,178 [trainer.py] => All params: 172004552
2024-08-25 14:26:39,180 [trainer.py] => Trainable params: 330340
2024-08-25 14:26:39,180 [dualprompt.py] => Learning on 50-60
2024-08-25 14:46:54,374 [dualprompt.py] => Task 5, Epoch 20/20 => Loss 0.107, Train_accy 94.38, Test_accy 89.17
2024-08-25 14:47:36,166 [trainer.py] => No NME accuracy.
2024-08-25 14:47:36,167 [trainer.py] => CNN: {'total': 89.17, '00-09': 90.3, '10-19': 83.8, '20-29': 92.9, '30-39': 89.2, '40-49': 90.4, '50-59': 88.4, 'old': 89.32, 'new': 88.4}
2024-08-25 14:47:36,167 [trainer.py] => CNN top1 curve: [97.5, 94.95, 93.67, 91.9, 89.94, 89.17]
2024-08-25 14:47:36,167 [trainer.py] => CNN top5 curve: [99.9, 99.45, 99.17, 99.08, 98.78, 98.55]

Average Accuracy (CNN): 92.86
2024-08-25 14:47:36,167 [trainer.py] => Average Accuracy (CNN): 92.86 

2024-08-25 14:47:36,169 [trainer.py] => All params: 172004552
2024-08-25 14:47:36,170 [trainer.py] => Trainable params: 330340
2024-08-25 14:47:36,170 [dualprompt.py] => Learning on 60-70
2024-08-25 15:08:19,158 [dualprompt.py] => Task 6, Epoch 20/20 => Loss 0.089, Train_accy 95.56, Test_accy 88.80
2024-08-25 15:09:07,718 [trainer.py] => No NME accuracy.
2024-08-25 15:09:07,719 [trainer.py] => CNN: {'total': 88.8, '00-09': 89.4, '10-19': 83.3, '20-29': 92.4, '30-39': 89.0, '40-49': 90.4, '50-59': 85.4, '60-69': 91.7, 'old': 88.32, 'new': 91.7}
2024-08-25 15:09:07,719 [trainer.py] => CNN top1 curve: [97.5, 94.95, 93.67, 91.9, 89.94, 89.17, 88.8]
2024-08-25 15:09:07,719 [trainer.py] => CNN top5 curve: [99.9, 99.45, 99.17, 99.08, 98.78, 98.55, 98.54]

Average Accuracy (CNN): 92.28
2024-08-25 15:09:07,720 [trainer.py] => Average Accuracy (CNN): 92.28 

2024-08-25 15:09:07,722 [trainer.py] => All params: 172004552
2024-08-25 15:09:07,724 [trainer.py] => Trainable params: 330340
2024-08-25 15:09:07,724 [dualprompt.py] => Learning on 70-80
2024-08-25 15:30:23,333 [dualprompt.py] => Task 7, Epoch 20/20 => Loss 0.134, Train_accy 93.84, Test_accy 86.56
2024-08-25 15:31:18,873 [trainer.py] => No NME accuracy.
2024-08-25 15:31:18,874 [trainer.py] => CNN: {'total': 86.56, '00-09': 89.4, '10-19': 83.0, '20-29': 93.1, '30-39': 88.2, '40-49': 88.3, '50-59': 82.9, '60-69': 90.0, '70-79': 77.6, 'old': 87.84, 'new': 77.6}
2024-08-25 15:31:18,874 [trainer.py] => CNN top1 curve: [97.5, 94.95, 93.67, 91.9, 89.94, 89.17, 88.8, 86.56]
2024-08-25 15:31:18,874 [trainer.py] => CNN top5 curve: [99.9, 99.45, 99.17, 99.08, 98.78, 98.55, 98.54, 98.3]

Average Accuracy (CNN): 91.56
2024-08-25 15:31:18,874 [trainer.py] => Average Accuracy (CNN): 91.56 

2024-08-25 15:31:18,877 [trainer.py] => All params: 172004552
2024-08-25 15:31:18,879 [trainer.py] => Trainable params: 330340
2024-08-25 15:31:18,879 [dualprompt.py] => Learning on 80-90
2024-08-25 15:52:57,495 [dualprompt.py] => Task 8, Epoch 20/20 => Loss 0.121, Train_accy 94.30, Test_accy 85.51
2024-08-25 15:54:00,131 [trainer.py] => No NME accuracy.
2024-08-25 15:54:00,131 [trainer.py] => CNN: {'total': 85.51, '00-09': 88.6, '10-19': 82.1, '20-29': 92.5, '30-39': 88.1, '40-49': 87.4, '50-59': 81.9, '60-69': 89.1, '70-79': 75.7, '80-89': 84.2, 'old': 85.68, 'new': 84.2}
2024-08-25 15:54:00,131 [trainer.py] => CNN top1 curve: [97.5, 94.95, 93.67, 91.9, 89.94, 89.17, 88.8, 86.56, 85.51]
2024-08-25 15:54:00,132 [trainer.py] => CNN top5 curve: [99.9, 99.45, 99.17, 99.08, 98.78, 98.55, 98.54, 98.3, 98.03]

Average Accuracy (CNN): 90.89
2024-08-25 15:54:00,132 [trainer.py] => Average Accuracy (CNN): 90.89 

2024-08-25 15:54:00,134 [trainer.py] => All params: 172004552
2024-08-25 15:54:00,136 [trainer.py] => Trainable params: 330340
2024-08-25 15:54:00,136 [dualprompt.py] => Learning on 90-100
2024-08-25 16:16:05,120 [dualprompt.py] => Task 9, Epoch 20/20 => Loss 0.131, Train_accy 93.78, Test_accy 85.36
2024-08-25 16:17:14,213 [trainer.py] => No NME accuracy.
2024-08-25 16:17:14,214 [trainer.py] => CNN: {'total': 85.36, '00-09': 88.3, '10-19': 82.5, '20-29': 92.7, '30-39': 87.9, '40-49': 87.1, '50-59': 82.3, '60-69': 88.0, '70-79': 75.7, '80-89': 84.5, '90-99': 84.6, 'old': 85.44, 'new': 84.6}
2024-08-25 16:17:14,214 [trainer.py] => CNN top1 curve: [97.5, 94.95, 93.67, 91.9, 89.94, 89.17, 88.8, 86.56, 85.51, 85.36]
2024-08-25 16:17:14,214 [trainer.py] => CNN top5 curve: [99.9, 99.45, 99.17, 99.08, 98.78, 98.55, 98.54, 98.3, 98.03, 97.86]

Average Accuracy (CNN): 90.34
2024-08-25 16:17:14,214 [trainer.py] => Average Accuracy (CNN): 90.34 

Accuracy Matrix (CNN):
[[97.5 97.  94.5 93.6 91.3 90.3 89.4 89.4 88.6 88.3]
 [ 0.  92.9 90.5 88.8 84.1 83.8 83.3 83.  82.1 82.5]
 [ 0.   0.  96.  94.5 93.3 92.9 92.4 93.1 92.5 92.7]
 [ 0.   0.   0.  90.7 89.6 89.2 89.  88.2 88.1 87.9]
 [ 0.   0.   0.   0.  91.4 90.4 90.4 88.3 87.4 87.1]
 [ 0.   0.   0.   0.   0.  88.4 85.4 82.9 81.9 82.3]
 [ 0.   0.   0.   0.   0.   0.  91.7 90.  89.1 88. ]
 [ 0.   0.   0.   0.   0.   0.   0.  77.6 75.7 75.7]
 [ 0.   0.   0.   0.   0.   0.   0.   0.  84.2 84.5]
 [ 0.   0.   0.   0.   0.   0.   0.   0.   0.  84.6]]
2024-08-25 16:17:14,216 [trainer.py] => Forgetting (CNN): 4.6333333333333355
2024-08-25 16:17:17,841 [trainer.py] => config: ./exps/dualprompt_cifar_B0_Inc20.json
2024-08-25 16:17:17,841 [trainer.py] => prefix:  
2024-08-25 16:17:17,842 [trainer.py] => dataset: cifar224
2024-08-25 16:17:17,842 [trainer.py] => memory_size: 0
2024-08-25 16:17:17,842 [trainer.py] => memory_per_class: 0
2024-08-25 16:17:17,842 [trainer.py] => fixed_memory: False
2024-08-25 16:17:17,842 [trainer.py] => shuffle: True
2024-08-25 16:17:17,842 [trainer.py] => init_cls: 5
2024-08-25 16:17:17,842 [trainer.py] => increment: 5
2024-08-25 16:17:17,842 [trainer.py] => model_name: dualprompt
2024-08-25 16:17:17,842 [trainer.py] => backbone_type: vit_base_patch16_224_in21k_dualprompt
2024-08-25 16:17:17,842 [trainer.py] => get_original_backbone: True
2024-08-25 16:17:17,842 [trainer.py] => device: [device(type='cuda', index=0)]
2024-08-25 16:17:17,842 [trainer.py] => seed: 1993
2024-08-25 16:17:17,842 [trainer.py] => tuned_epoch: 20
2024-08-25 16:17:17,842 [trainer.py] => init_lr: 0.001
2024-08-25 16:17:17,842 [trainer.py] => batch_size: 48
2024-08-25 16:17:17,842 [trainer.py] => weight_decay: 0
2024-08-25 16:17:17,842 [trainer.py] => min_lr: 1e-05
2024-08-25 16:17:17,842 [trainer.py] => optimizer: adam
2024-08-25 16:17:17,842 [trainer.py] => scheduler: constant
2024-08-25 16:17:17,842 [trainer.py] => reinit_optimizer: True
2024-08-25 16:17:17,842 [trainer.py] => global_pool: token
2024-08-25 16:17:17,842 [trainer.py] => head_type: token
2024-08-25 16:17:17,842 [trainer.py] => freeze: ['blocks', 'patch_embed', 'cls_token', 'norm', 'pos_embed']
2024-08-25 16:17:17,842 [trainer.py] => pretrained: True
2024-08-25 16:17:17,842 [trainer.py] => drop: 0.0
2024-08-25 16:17:17,842 [trainer.py] => drop_path: 0.0
2024-08-25 16:17:17,842 [trainer.py] => use_g_prompt: True
2024-08-25 16:17:17,843 [trainer.py] => g_prompt_length: 5
2024-08-25 16:17:17,843 [trainer.py] => g_prompt_layer_idx: [0, 1]
2024-08-25 16:17:17,843 [trainer.py] => use_prefix_tune_for_g_prompt: True
2024-08-25 16:17:17,843 [trainer.py] => use_e_prompt: True
2024-08-25 16:17:17,843 [trainer.py] => e_prompt_layer_idx: [2, 3, 4]
2024-08-25 16:17:17,843 [trainer.py] => use_prefix_tune_for_e_prompt: True
2024-08-25 16:17:17,843 [trainer.py] => prompt_pool: True
2024-08-25 16:17:17,843 [trainer.py] => size: 10
2024-08-25 16:17:17,843 [trainer.py] => length: 5
2024-08-25 16:17:17,843 [trainer.py] => top_k: 1
2024-08-25 16:17:17,843 [trainer.py] => initializer: uniform
2024-08-25 16:17:17,843 [trainer.py] => prompt_key: True
2024-08-25 16:17:17,843 [trainer.py] => prompt_key_init: uniform
2024-08-25 16:17:17,843 [trainer.py] => use_prompt_mask: True
2024-08-25 16:17:17,843 [trainer.py] => shared_prompt_pool: True
2024-08-25 16:17:17,843 [trainer.py] => shared_prompt_key: False
2024-08-25 16:17:17,843 [trainer.py] => batchwise_prompt: True
2024-08-25 16:17:17,843 [trainer.py] => embedding_key: cls
2024-08-25 16:17:17,843 [trainer.py] => predefined_key: 
2024-08-25 16:17:17,843 [trainer.py] => pull_constraint: True
2024-08-25 16:17:17,843 [trainer.py] => pull_constraint_coeff: 0.1
2024-08-25 16:17:17,843 [trainer.py] => same_key_value: False
2024-08-25 16:17:19,530 [data_manager.py] => [68, 56, 78, 8, 23, 84, 90, 65, 74, 76, 40, 89, 3, 92, 55, 9, 26, 80, 43, 38, 58, 70, 77, 1, 85, 19, 17, 50, 28, 53, 13, 81, 45, 82, 6, 59, 83, 16, 15, 44, 91, 41, 72, 60, 79, 52, 20, 10, 31, 54, 37, 95, 14, 71, 96, 98, 97, 2, 64, 66, 42, 22, 35, 86, 24, 34, 87, 21, 99, 0, 88, 27, 18, 94, 11, 12, 47, 25, 30, 46, 62, 69, 36, 61, 7, 63, 75, 5, 32, 4, 51, 48, 73, 93, 39, 67, 29, 49, 57, 33]
2024-08-25 16:17:27,118 [dualprompt.py] => 86,128,996 model total parameters.
2024-08-25 16:17:27,119 [dualprompt.py] => 330,340 model training parameters.
2024-08-25 16:17:27,119 [dualprompt.py] => g_prompt: 15360
2024-08-25 16:17:27,119 [dualprompt.py] => e_prompt.prompt: 230400
2024-08-25 16:17:27,119 [dualprompt.py] => e_prompt.prompt_key: 7680
2024-08-25 16:17:27,119 [dualprompt.py] => head.weight: 76800
2024-08-25 16:17:27,124 [dualprompt.py] => head.bias: 100
2024-08-25 16:17:27,125 [trainer.py] => All params: 172004552
2024-08-25 16:17:27,126 [trainer.py] => Trainable params: 330340
2024-08-25 16:17:27,126 [dualprompt.py] => Learning on 0-5
2024-08-25 16:26:42,400 [dualprompt.py] => Task 0, Epoch 20/20 => Loss 0.059, Train_accy 95.96, Test_accy 99.80
2024-08-25 16:26:46,689 [trainer.py] => No NME accuracy.
2024-08-25 16:26:46,689 [trainer.py] => CNN: {'total': 99.8, '00-04': 99.8, 'old': 0, 'new': 99.8}
2024-08-25 16:26:46,689 [trainer.py] => CNN top1 curve: [99.8]
2024-08-25 16:26:46,689 [trainer.py] => CNN top5 curve: [100.0]

Average Accuracy (CNN): 99.8
2024-08-25 16:26:46,690 [trainer.py] => Average Accuracy (CNN): 99.8 

2024-08-25 16:26:46,692 [trainer.py] => All params: 172004552
2024-08-25 16:26:46,694 [trainer.py] => Trainable params: 330340
2024-08-25 16:26:46,694 [dualprompt.py] => Learning on 5-10
2024-08-25 16:36:09,440 [dualprompt.py] => Task 1, Epoch 20/20 => Loss 0.092, Train_accy 94.76, Test_accy 95.70
2024-08-25 16:36:17,120 [trainer.py] => No NME accuracy.
2024-08-25 16:36:17,120 [trainer.py] => CNN: {'total': 95.7, '00-04': 99.2, '05-09': 92.2, 'old': 99.2, 'new': 92.2}
2024-08-25 16:36:17,120 [trainer.py] => CNN top1 curve: [99.8, 95.7]
2024-08-25 16:36:17,120 [trainer.py] => CNN top5 curve: [100.0, 99.9]

Average Accuracy (CNN): 97.75
2024-08-25 16:36:17,121 [trainer.py] => Average Accuracy (CNN): 97.75 

2024-08-25 16:36:17,123 [trainer.py] => All params: 172004552
2024-08-25 16:36:17,124 [trainer.py] => Trainable params: 330340
2024-08-25 16:36:17,124 [dualprompt.py] => Learning on 10-15
2024-08-25 16:45:55,292 [dualprompt.py] => Task 2, Epoch 20/20 => Loss 0.092, Train_accy 94.44, Test_accy 94.73
2024-08-25 16:46:06,449 [trainer.py] => No NME accuracy.
2024-08-25 16:46:06,450 [trainer.py] => CNN: {'total': 94.73, '00-04': 98.6, '05-09': 92.0, '10-14': 93.6, 'old': 95.3, 'new': 93.6}
2024-08-25 16:46:06,450 [trainer.py] => CNN top1 curve: [99.8, 95.7, 94.73]
2024-08-25 16:46:06,450 [trainer.py] => CNN top5 curve: [100.0, 99.9, 99.47]

Average Accuracy (CNN): 96.74
2024-08-25 16:46:06,450 [trainer.py] => Average Accuracy (CNN): 96.74 

2024-08-25 16:46:06,452 [trainer.py] => All params: 172004552
2024-08-25 16:46:06,453 [trainer.py] => Trainable params: 330340
2024-08-25 16:46:06,453 [dualprompt.py] => Learning on 15-20
2024-08-25 16:55:58,035 [dualprompt.py] => Task 3, Epoch 20/20 => Loss 0.119, Train_accy 94.36, Test_accy 93.60
2024-08-25 16:56:12,506 [trainer.py] => No NME accuracy.
2024-08-25 16:56:12,507 [trainer.py] => CNN: {'total': 93.6, '00-04': 98.4, '05-09': 92.0, '10-14': 93.4, '15-19': 90.6, 'old': 94.6, 'new': 90.6}
2024-08-25 16:56:12,507 [trainer.py] => CNN top1 curve: [99.8, 95.7, 94.73, 93.6]
2024-08-25 16:56:12,507 [trainer.py] => CNN top5 curve: [100.0, 99.9, 99.47, 99.15]

Average Accuracy (CNN): 95.96
2024-08-25 16:56:12,507 [trainer.py] => Average Accuracy (CNN): 95.96 

2024-08-25 16:56:12,509 [trainer.py] => All params: 172004552
2024-08-25 16:56:12,511 [trainer.py] => Trainable params: 330340
2024-08-25 16:56:12,511 [dualprompt.py] => Learning on 20-25
2024-08-25 17:06:16,818 [dualprompt.py] => Task 4, Epoch 20/20 => Loss 0.033, Train_accy 96.88, Test_accy 93.32
2024-08-25 17:06:34,913 [trainer.py] => No NME accuracy.
2024-08-25 17:06:34,913 [trainer.py] => CNN: {'total': 93.32, '00-04': 98.4, '05-09': 91.4, '10-14': 92.4, '15-19': 90.2, '20-24': 94.2, 'old': 93.1, 'new': 94.2}
2024-08-25 17:06:34,914 [trainer.py] => CNN top1 curve: [99.8, 95.7, 94.73, 93.6, 93.32]
2024-08-25 17:06:34,914 [trainer.py] => CNN top5 curve: [100.0, 99.9, 99.47, 99.15, 99.08]

Average Accuracy (CNN): 95.43
2024-08-25 17:06:34,914 [trainer.py] => Average Accuracy (CNN): 95.43 

2024-08-25 17:06:34,915 [trainer.py] => All params: 172004552
2024-08-25 17:06:34,916 [trainer.py] => Trainable params: 330340
2024-08-25 17:06:34,916 [dualprompt.py] => Learning on 25-30
2024-08-25 17:16:51,977 [dualprompt.py] => Task 5, Epoch 20/20 => Loss 0.031, Train_accy 97.24, Test_accy 92.57
2024-08-25 17:17:13,448 [trainer.py] => No NME accuracy.
2024-08-25 17:17:13,449 [trainer.py] => CNN: {'total': 92.57, '00-04': 97.6, '05-09': 89.0, '10-14': 92.0, '15-19': 89.4, '20-24': 93.6, '25-29': 93.8, 'old': 92.32, 'new': 93.8}
2024-08-25 17:17:13,449 [trainer.py] => CNN top1 curve: [99.8, 95.7, 94.73, 93.6, 93.32, 92.57]
2024-08-25 17:17:13,449 [trainer.py] => CNN top5 curve: [100.0, 99.9, 99.47, 99.15, 99.08, 98.73]

Average Accuracy (CNN): 94.95
2024-08-25 17:17:13,449 [trainer.py] => Average Accuracy (CNN): 94.95 

2024-08-25 17:17:13,452 [trainer.py] => All params: 172004552
2024-08-25 17:17:13,454 [trainer.py] => Trainable params: 330340
2024-08-25 17:17:13,455 [dualprompt.py] => Learning on 30-35
2024-08-25 17:27:43,702 [dualprompt.py] => Task 6, Epoch 20/20 => Loss 0.119, Train_accy 93.64, Test_accy 90.09
2024-08-25 17:28:08,609 [trainer.py] => No NME accuracy.
2024-08-25 17:28:08,609 [trainer.py] => CNN: {'total': 90.09, '00-04': 97.8, '05-09': 89.2, '10-14': 93.0, '15-19': 88.6, '20-24': 90.8, '25-29': 93.8, '30-34': 77.4, 'old': 92.2, 'new': 77.4}
2024-08-25 17:28:08,609 [trainer.py] => CNN top1 curve: [99.8, 95.7, 94.73, 93.6, 93.32, 92.57, 90.09]
2024-08-25 17:28:08,609 [trainer.py] => CNN top5 curve: [100.0, 99.9, 99.47, 99.15, 99.08, 98.73, 98.83]

Average Accuracy (CNN): 94.26
2024-08-25 17:28:08,609 [trainer.py] => Average Accuracy (CNN): 94.26 

2024-08-25 17:28:08,611 [trainer.py] => All params: 172004552
2024-08-25 17:28:08,611 [trainer.py] => Trainable params: 330340
2024-08-25 17:28:08,612 [dualprompt.py] => Learning on 35-40
2024-08-25 17:38:55,401 [dualprompt.py] => Task 7, Epoch 20/20 => Loss 0.034, Train_accy 97.20, Test_accy 89.90
2024-08-25 17:39:23,594 [trainer.py] => No NME accuracy.
2024-08-25 17:39:23,595 [trainer.py] => CNN: {'total': 89.9, '00-04': 97.4, '05-09': 89.4, '10-14': 92.6, '15-19': 88.4, '20-24': 90.0, '25-29': 94.2, '30-34': 77.0, '35-39': 90.2, 'old': 89.86, 'new': 90.2}
2024-08-25 17:39:23,595 [trainer.py] => CNN top1 curve: [99.8, 95.7, 94.73, 93.6, 93.32, 92.57, 90.09, 89.9]
2024-08-25 17:39:23,595 [trainer.py] => CNN top5 curve: [100.0, 99.9, 99.47, 99.15, 99.08, 98.73, 98.83, 98.75]

Average Accuracy (CNN): 93.71
2024-08-25 17:39:23,595 [trainer.py] => Average Accuracy (CNN): 93.71 

2024-08-25 17:39:23,598 [trainer.py] => All params: 172004552
2024-08-25 17:39:23,600 [trainer.py] => Trainable params: 330340
2024-08-25 17:39:23,600 [dualprompt.py] => Learning on 40-45
2024-08-25 17:50:21,658 [dualprompt.py] => Task 8, Epoch 20/20 => Loss 0.043, Train_accy 96.72, Test_accy 88.91
2024-08-25 17:50:52,826 [trainer.py] => No NME accuracy.
2024-08-25 17:50:52,827 [trainer.py] => CNN: {'total': 88.91, '00-04': 94.4, '05-09': 89.6, '10-14': 88.8, '15-19': 87.6, '20-24': 90.2, '25-29': 93.8, '30-34': 76.8, '35-39': 89.2, '40-44': 89.8, 'old': 88.8, 'new': 89.8}
2024-08-25 17:50:52,827 [trainer.py] => CNN top1 curve: [99.8, 95.7, 94.73, 93.6, 93.32, 92.57, 90.09, 89.9, 88.91]
2024-08-25 17:50:52,827 [trainer.py] => CNN top5 curve: [100.0, 99.9, 99.47, 99.15, 99.08, 98.73, 98.83, 98.75, 98.67]

Average Accuracy (CNN): 93.18
2024-08-25 17:50:52,827 [trainer.py] => Average Accuracy (CNN): 93.18 

2024-08-25 17:50:52,829 [trainer.py] => All params: 172004552
2024-08-25 17:50:52,830 [trainer.py] => Trainable params: 330340
2024-08-25 17:50:52,830 [dualprompt.py] => Learning on 45-50
2024-08-25 18:02:07,322 [dualprompt.py] => Task 9, Epoch 20/20 => Loss 0.003, Train_accy 97.96, Test_accy 87.64
2024-08-25 18:02:42,651 [trainer.py] => No NME accuracy.
2024-08-25 18:02:42,651 [trainer.py] => CNN: {'total': 87.64, '00-04': 95.6, '05-09': 88.8, '10-14': 86.2, '15-19': 87.6, '20-24': 89.8, '25-29': 92.2, '30-34': 75.8, '35-39': 87.4, '40-44': 90.0, '45-49': 83.0, 'old': 88.16, 'new': 83.0}
2024-08-25 18:02:42,652 [trainer.py] => CNN top1 curve: [99.8, 95.7, 94.73, 93.6, 93.32, 92.57, 90.09, 89.9, 88.91, 87.64]
2024-08-25 18:02:42,652 [trainer.py] => CNN top5 curve: [100.0, 99.9, 99.47, 99.15, 99.08, 98.73, 98.83, 98.75, 98.67, 98.48]

Average Accuracy (CNN): 92.63
2024-08-25 18:02:42,652 [trainer.py] => Average Accuracy (CNN): 92.63 

2024-08-25 18:02:42,653 [trainer.py] => All params: 172004552
2024-08-25 18:02:42,654 [trainer.py] => Trainable params: 330340
2024-08-25 18:02:42,655 [dualprompt.py] => Learning on 50-55
2024-08-25 18:14:13,328 [dualprompt.py] => Task 10, Epoch 20/20 => Loss 0.017, Train_accy 97.32, Test_accy 86.82
2024-08-25 18:14:51,838 [trainer.py] => No NME accuracy.
2024-08-25 18:14:51,838 [trainer.py] => CNN: {'total': 86.82, '00-04': 91.2, '05-09': 89.8, '10-14': 86.0, '15-19': 87.2, '20-24': 91.2, '25-29': 92.2, '30-34': 75.6, '35-39': 89.6, '40-44': 90.4, '45-49': 80.2, '50-54': 81.6, 'old': 87.34, 'new': 81.6}
2024-08-25 18:14:51,839 [trainer.py] => CNN top1 curve: [99.8, 95.7, 94.73, 93.6, 93.32, 92.57, 90.09, 89.9, 88.91, 87.64, 86.82]
2024-08-25 18:14:51,839 [trainer.py] => CNN top5 curve: [100.0, 99.9, 99.47, 99.15, 99.08, 98.73, 98.83, 98.75, 98.67, 98.48, 98.4]

Average Accuracy (CNN): 92.1
2024-08-25 18:14:51,839 [trainer.py] => Average Accuracy (CNN): 92.1 

2024-08-25 18:14:51,841 [trainer.py] => All params: 172004552
2024-08-25 18:14:51,843 [trainer.py] => Trainable params: 330340
2024-08-25 18:14:51,843 [dualprompt.py] => Learning on 55-60
2024-08-25 18:26:32,153 [dualprompt.py] => Task 11, Epoch 20/20 => Loss 0.130, Train_accy 92.72, Test_accy 86.63
2024-08-25 18:27:14,103 [trainer.py] => No NME accuracy.
2024-08-25 18:27:14,104 [trainer.py] => CNN: {'total': 86.63, '00-04': 93.6, '05-09': 89.2, '10-14': 86.2, '15-19': 87.0, '20-24': 90.0, '25-29': 92.6, '30-34': 76.2, '35-39': 89.2, '40-44': 89.0, '45-49': 79.6, '50-54': 80.4, '55-59': 86.6, 'old': 86.64, 'new': 86.6}
2024-08-25 18:27:14,104 [trainer.py] => CNN top1 curve: [99.8, 95.7, 94.73, 93.6, 93.32, 92.57, 90.09, 89.9, 88.91, 87.64, 86.82, 86.63]
2024-08-25 18:27:14,104 [trainer.py] => CNN top5 curve: [100.0, 99.9, 99.47, 99.15, 99.08, 98.73, 98.83, 98.75, 98.67, 98.48, 98.4, 98.2]

Average Accuracy (CNN): 91.64
2024-08-25 18:27:14,104 [trainer.py] => Average Accuracy (CNN): 91.64 

2024-08-25 18:27:14,108 [trainer.py] => All params: 172004552
2024-08-25 18:27:14,110 [trainer.py] => Trainable params: 330340
2024-08-25 18:27:14,111 [dualprompt.py] => Learning on 60-65
2024-08-25 18:39:07,397 [dualprompt.py] => Task 12, Epoch 20/20 => Loss 0.014, Train_accy 97.68, Test_accy 85.62
2024-08-25 18:39:52,363 [trainer.py] => No NME accuracy.
2024-08-25 18:39:52,365 [trainer.py] => CNN: {'total': 85.62, '00-04': 92.4, '05-09': 89.8, '10-14': 84.2, '15-19': 85.4, '20-24': 89.8, '25-29': 92.0, '30-34': 75.4, '35-39': 89.0, '40-44': 89.0, '45-49': 81.6, '50-54': 80.2, '55-59': 71.4, '60-64': 92.8, 'old': 85.02, 'new': 92.8}
2024-08-25 18:39:52,365 [trainer.py] => CNN top1 curve: [99.8, 95.7, 94.73, 93.6, 93.32, 92.57, 90.09, 89.9, 88.91, 87.64, 86.82, 86.63, 85.62]
2024-08-25 18:39:52,365 [trainer.py] => CNN top5 curve: [100.0, 99.9, 99.47, 99.15, 99.08, 98.73, 98.83, 98.75, 98.67, 98.48, 98.4, 98.2, 98.03]

Average Accuracy (CNN): 91.18
2024-08-25 18:39:52,365 [trainer.py] => Average Accuracy (CNN): 91.18 

2024-08-25 18:39:52,367 [trainer.py] => All params: 172004552
2024-08-25 18:39:52,368 [trainer.py] => Trainable params: 330340
2024-08-25 18:39:52,368 [dualprompt.py] => Learning on 65-70
2024-08-25 18:51:59,879 [dualprompt.py] => Task 13, Epoch 20/20 => Loss 0.009, Train_accy 97.84, Test_accy 85.93
2024-08-25 18:52:48,705 [trainer.py] => No NME accuracy.
2024-08-25 18:52:48,706 [trainer.py] => CNN: {'total': 85.93, '00-04': 92.0, '05-09': 90.0, '10-14': 84.2, '15-19': 84.8, '20-24': 90.4, '25-29': 92.0, '30-34': 75.6, '35-39': 89.2, '40-44': 88.8, '45-49': 81.4, '50-54': 80.6, '55-59': 70.0, '60-64': 91.8, '65-69': 92.2, 'old': 85.45, 'new': 92.2}
2024-08-25 18:52:48,706 [trainer.py] => CNN top1 curve: [99.8, 95.7, 94.73, 93.6, 93.32, 92.57, 90.09, 89.9, 88.91, 87.64, 86.82, 86.63, 85.62, 85.93]
2024-08-25 18:52:48,706 [trainer.py] => CNN top5 curve: [100.0, 99.9, 99.47, 99.15, 99.08, 98.73, 98.83, 98.75, 98.67, 98.48, 98.4, 98.2, 98.03, 97.97]

Average Accuracy (CNN): 90.8
2024-08-25 18:52:48,706 [trainer.py] => Average Accuracy (CNN): 90.8 

2024-08-25 18:52:48,708 [trainer.py] => All params: 172004552
2024-08-25 18:52:48,710 [trainer.py] => Trainable params: 330340
2024-08-25 18:52:48,710 [dualprompt.py] => Learning on 70-75
2024-08-25 19:05:09,882 [dualprompt.py] => Task 14, Epoch 20/20 => Loss 0.034, Train_accy 96.72, Test_accy 84.97
2024-08-25 19:06:01,474 [trainer.py] => No NME accuracy.
2024-08-25 19:06:01,474 [trainer.py] => CNN: {'total': 84.97, '00-04': 93.0, '05-09': 89.2, '10-14': 84.6, '15-19': 84.0, '20-24': 90.2, '25-29': 92.0, '30-34': 75.4, '35-39': 89.2, '40-44': 88.6, '45-49': 81.0, '50-54': 80.8, '55-59': 65.0, '60-64': 88.0, '65-69': 91.4, '70-74': 82.2, 'old': 85.17, 'new': 82.2}
2024-08-25 19:06:01,474 [trainer.py] => CNN top1 curve: [99.8, 95.7, 94.73, 93.6, 93.32, 92.57, 90.09, 89.9, 88.91, 87.64, 86.82, 86.63, 85.62, 85.93, 84.97]
2024-08-25 19:06:01,474 [trainer.py] => CNN top5 curve: [100.0, 99.9, 99.47, 99.15, 99.08, 98.73, 98.83, 98.75, 98.67, 98.48, 98.4, 98.2, 98.03, 97.97, 97.88]

Average Accuracy (CNN): 90.42
2024-08-25 19:06:01,474 [trainer.py] => Average Accuracy (CNN): 90.42 

2024-08-25 19:06:01,476 [trainer.py] => All params: 172004552
2024-08-25 19:06:01,477 [trainer.py] => Trainable params: 330340
2024-08-25 19:06:01,477 [dualprompt.py] => Learning on 75-80
2024-08-25 19:18:35,540 [dualprompt.py] => Task 15, Epoch 20/20 => Loss 0.026, Train_accy 97.44, Test_accy 83.70
2024-08-25 19:19:31,028 [trainer.py] => No NME accuracy.
2024-08-25 19:19:31,029 [trainer.py] => CNN: {'total': 83.7, '00-04': 90.0, '05-09': 89.4, '10-14': 85.2, '15-19': 85.8, '20-24': 90.2, '25-29': 92.2, '30-34': 75.0, '35-39': 88.8, '40-44': 87.6, '45-49': 77.2, '50-54': 77.0, '55-59': 65.2, '60-64': 86.0, '65-69': 91.2, '70-74': 81.4, '75-79': 77.0, 'old': 84.15, 'new': 77.0}
2024-08-25 19:19:31,029 [trainer.py] => CNN top1 curve: [99.8, 95.7, 94.73, 93.6, 93.32, 92.57, 90.09, 89.9, 88.91, 87.64, 86.82, 86.63, 85.62, 85.93, 84.97, 83.7]
2024-08-25 19:19:31,029 [trainer.py] => CNN top5 curve: [100.0, 99.9, 99.47, 99.15, 99.08, 98.73, 98.83, 98.75, 98.67, 98.48, 98.4, 98.2, 98.03, 97.97, 97.88, 97.72]

Average Accuracy (CNN): 90.0
2024-08-25 19:19:31,029 [trainer.py] => Average Accuracy (CNN): 90.0 

2024-08-25 19:19:31,031 [trainer.py] => All params: 172004552
2024-08-25 19:19:31,032 [trainer.py] => Trainable params: 330340
2024-08-25 19:19:31,032 [dualprompt.py] => Learning on 80-85
2024-08-25 19:32:21,394 [dualprompt.py] => Task 16, Epoch 20/20 => Loss 0.003, Train_accy 98.08, Test_accy 83.31
2024-08-25 19:33:20,334 [trainer.py] => No NME accuracy.
2024-08-25 19:33:20,335 [trainer.py] => CNN: {'total': 83.31, '00-04': 91.6, '05-09': 90.0, '10-14': 84.6, '15-19': 84.8, '20-24': 90.0, '25-29': 91.4, '30-34': 75.8, '35-39': 89.2, '40-44': 87.6, '45-49': 75.6, '50-54': 76.0, '55-59': 64.8, '60-64': 87.6, '65-69': 91.6, '70-74': 80.6, '75-79': 76.6, '80-84': 78.4, 'old': 83.61, 'new': 78.4}
2024-08-25 19:33:20,335 [trainer.py] => CNN top1 curve: [99.8, 95.7, 94.73, 93.6, 93.32, 92.57, 90.09, 89.9, 88.91, 87.64, 86.82, 86.63, 85.62, 85.93, 84.97, 83.7, 83.31]
2024-08-25 19:33:20,335 [trainer.py] => CNN top5 curve: [100.0, 99.9, 99.47, 99.15, 99.08, 98.73, 98.83, 98.75, 98.67, 98.48, 98.4, 98.2, 98.03, 97.97, 97.88, 97.72, 97.65]

Average Accuracy (CNN): 89.6
2024-08-25 19:33:20,335 [trainer.py] => Average Accuracy (CNN): 89.6 

2024-08-25 19:33:20,338 [trainer.py] => All params: 172004552
2024-08-25 19:33:20,341 [trainer.py] => Trainable params: 330340
2024-08-25 19:33:20,342 [dualprompt.py] => Learning on 85-90
2024-08-25 19:46:20,671 [dualprompt.py] => Task 17, Epoch 20/20 => Loss 0.105, Train_accy 93.60, Test_accy 82.58
2024-08-25 19:47:22,164 [trainer.py] => No NME accuracy.
2024-08-25 19:47:22,166 [trainer.py] => CNN: {'total': 82.58, '00-04': 91.4, '05-09': 88.4, '10-14': 83.8, '15-19': 85.0, '20-24': 89.4, '25-29': 91.4, '30-34': 75.8, '35-39': 88.6, '40-44': 87.4, '45-49': 75.0, '50-54': 77.2, '55-59': 64.8, '60-64': 86.8, '65-69': 90.8, '70-74': 81.6, '75-79': 74.8, '80-84': 78.2, '85-89': 76.0, 'old': 82.96, 'new': 76.0}
2024-08-25 19:47:22,166 [trainer.py] => CNN top1 curve: [99.8, 95.7, 94.73, 93.6, 93.32, 92.57, 90.09, 89.9, 88.91, 87.64, 86.82, 86.63, 85.62, 85.93, 84.97, 83.7, 83.31, 82.58]
2024-08-25 19:47:22,166 [trainer.py] => CNN top5 curve: [100.0, 99.9, 99.47, 99.15, 99.08, 98.73, 98.83, 98.75, 98.67, 98.48, 98.4, 98.2, 98.03, 97.97, 97.88, 97.72, 97.65, 97.32]

Average Accuracy (CNN): 89.21
2024-08-25 19:47:22,166 [trainer.py] => Average Accuracy (CNN): 89.21 

2024-08-25 19:47:22,169 [trainer.py] => All params: 172004552
2024-08-25 19:47:22,170 [trainer.py] => Trainable params: 330340
2024-08-25 19:47:22,171 [dualprompt.py] => Learning on 90-95
2024-08-25 20:00:36,723 [dualprompt.py] => Task 18, Epoch 20/20 => Loss 0.026, Train_accy 96.72, Test_accy 82.54
2024-08-25 20:01:42,976 [trainer.py] => No NME accuracy.
2024-08-25 20:01:42,977 [trainer.py] => CNN: {'total': 82.54, '00-04': 91.4, '05-09': 87.6, '10-14': 83.0, '15-19': 85.6, '20-24': 89.2, '25-29': 91.0, '30-34': 76.0, '35-39': 88.2, '40-44': 87.6, '45-49': 75.6, '50-54': 76.0, '55-59': 64.8, '60-64': 86.0, '65-69': 91.0, '70-74': 80.6, '75-79': 74.2, '80-84': 77.4, '85-89': 75.6, '90-94': 87.4, 'old': 82.27, 'new': 87.4}
2024-08-25 20:01:42,977 [trainer.py] => CNN top1 curve: [99.8, 95.7, 94.73, 93.6, 93.32, 92.57, 90.09, 89.9, 88.91, 87.64, 86.82, 86.63, 85.62, 85.93, 84.97, 83.7, 83.31, 82.58, 82.54]
2024-08-25 20:01:42,977 [trainer.py] => CNN top5 curve: [100.0, 99.9, 99.47, 99.15, 99.08, 98.73, 98.83, 98.75, 98.67, 98.48, 98.4, 98.2, 98.03, 97.97, 97.88, 97.72, 97.65, 97.32, 97.16]

Average Accuracy (CNN): 88.86
2024-08-25 20:01:42,977 [trainer.py] => Average Accuracy (CNN): 88.86 

2024-08-25 20:01:42,980 [trainer.py] => All params: 172004552
2024-08-25 20:01:42,982 [trainer.py] => Trainable params: 330340
2024-08-25 20:01:42,982 [dualprompt.py] => Learning on 95-100
2024-08-25 20:15:14,034 [dualprompt.py] => Task 19, Epoch 20/20 => Loss 0.059, Train_accy 95.80, Test_accy 81.85
2024-08-25 20:16:22,609 [trainer.py] => No NME accuracy.
2024-08-25 20:16:22,610 [trainer.py] => CNN: {'total': 81.85, '00-04': 88.6, '05-09': 89.0, '10-14': 82.2, '15-19': 85.2, '20-24': 90.6, '25-29': 91.6, '30-34': 75.8, '35-39': 88.2, '40-44': 87.2, '45-49': 73.6, '50-54': 76.2, '55-59': 65.0, '60-64': 86.0, '65-69': 90.0, '70-74': 79.8, '75-79': 74.0, '80-84': 78.6, '85-89': 74.6, '90-94': 87.6, '95-99': 73.2, 'old': 82.31, 'new': 73.2}
2024-08-25 20:16:22,610 [trainer.py] => CNN top1 curve: [99.8, 95.7, 94.73, 93.6, 93.32, 92.57, 90.09, 89.9, 88.91, 87.64, 86.82, 86.63, 85.62, 85.93, 84.97, 83.7, 83.31, 82.58, 82.54, 81.85]
2024-08-25 20:16:22,610 [trainer.py] => CNN top5 curve: [100.0, 99.9, 99.47, 99.15, 99.08, 98.73, 98.83, 98.75, 98.67, 98.48, 98.4, 98.2, 98.03, 97.97, 97.88, 97.72, 97.65, 97.32, 97.16, 96.96]

Average Accuracy (CNN): 88.51
2024-08-25 20:16:22,610 [trainer.py] => Average Accuracy (CNN): 88.51 

Accuracy Matrix (CNN):
[[99.8 99.2 98.6 98.4 98.4 97.6 97.8 97.4 94.4 95.6 91.2 93.6 92.4 92.
  93.  90.  91.6 91.4 91.4 88.6]
 [ 0.  92.2 92.  92.  91.4 89.  89.2 89.4 89.6 88.8 89.8 89.2 89.8 90.
  89.2 89.4 90.  88.4 87.6 89. ]
 [ 0.   0.  93.6 93.4 92.4 92.  93.  92.6 88.8 86.2 86.  86.2 84.2 84.2
  84.6 85.2 84.6 83.8 83.  82.2]
 [ 0.   0.   0.  90.6 90.2 89.4 88.6 88.4 87.6 87.6 87.2 87.  85.4 84.8
  84.  85.8 84.8 85.  85.6 85.2]
 [ 0.   0.   0.   0.  94.2 93.6 90.8 90.  90.2 89.8 91.2 90.  89.8 90.4
  90.2 90.2 90.  89.4 89.2 90.6]
 [ 0.   0.   0.   0.   0.  93.8 93.8 94.2 93.8 92.2 92.2 92.6 92.  92.
  92.  92.2 91.4 91.4 91.  91.6]
 [ 0.   0.   0.   0.   0.   0.  77.4 77.  76.8 75.8 75.6 76.2 75.4 75.6
  75.4 75.  75.8 75.8 76.  75.8]
 [ 0.   0.   0.   0.   0.   0.   0.  90.2 89.2 87.4 89.6 89.2 89.  89.2
  89.2 88.8 89.2 88.6 88.2 88.2]
 [ 0.   0.   0.   0.   0.   0.   0.   0.  89.8 90.  90.4 89.  89.  88.8
  88.6 87.6 87.6 87.4 87.6 87.2]
 [ 0.   0.   0.   0.   0.   0.   0.   0.   0.  83.  80.2 79.6 81.6 81.4
  81.  77.2 75.6 75.  75.6 73.6]
 [ 0.   0.   0.   0.   0.   0.   0.   0.   0.   0.  81.6 80.4 80.2 80.6
  80.8 77.  76.  77.2 76.  76.2]
 [ 0.   0.   0.   0.   0.   0.   0.   0.   0.   0.   0.  86.6 71.4 70.
  65.  65.2 64.8 64.8 64.8 65. ]
 [ 0.   0.   0.   0.   0.   0.   0.   0.   0.   0.   0.   0.  92.8 91.8
  88.  86.  87.6 86.8 86.  86. ]
 [ 0.   0.   0.   0.   0.   0.   0.   0.   0.   0.   0.   0.   0.  92.2
  91.4 91.2 91.6 90.8 91.  90. ]
 [ 0.   0.   0.   0.   0.   0.   0.   0.   0.   0.   0.   0.   0.   0.
  82.2 81.4 80.6 81.6 80.6 79.8]
 [ 0.   0.   0.   0.   0.   0.   0.   0.   0.   0.   0.   0.   0.   0.
   0.  77.  76.6 74.8 74.2 74. ]
 [ 0.   0.   0.   0.   0.   0.   0.   0.   0.   0.   0.   0.   0.   0.
   0.   0.  78.4 78.2 77.4 78.6]
 [ 0.   0.   0.   0.   0.   0.   0.   0.   0.   0.   0.   0.   0.   0.
   0.   0.   0.  76.  75.6 74.6]
 [ 0.   0.   0.   0.   0.   0.   0.   0.   0.   0.   0.   0.   0.   0.
   0.   0.   0.   0.  87.4 87.6]
 [ 0.   0.   0.   0.   0.   0.   0.   0.   0.   0.   0.   0.   0.   0.
   0.   0.   0.   0.   0.  73.2]]
2024-08-25 20:16:22,615 [trainer.py] => Forgetting (CNN): 5.0736842105263165
2024-08-25 20:16:26,174 [trainer.py] => config: ./exps/dualprompt_cifar_B50_Inc5.json
2024-08-25 20:16:26,174 [trainer.py] => prefix:  
2024-08-25 20:16:26,174 [trainer.py] => dataset: cifar224
2024-08-25 20:16:26,174 [trainer.py] => memory_size: 0
2024-08-25 20:16:26,174 [trainer.py] => memory_per_class: 0
2024-08-25 20:16:26,174 [trainer.py] => fixed_memory: False
2024-08-25 20:16:26,174 [trainer.py] => shuffle: True
2024-08-25 20:16:26,174 [trainer.py] => init_cls: 50
2024-08-25 20:16:26,175 [trainer.py] => increment: 10
2024-08-25 20:16:26,175 [trainer.py] => model_name: dualprompt
2024-08-25 20:16:26,175 [trainer.py] => backbone_type: vit_base_patch16_224_in21k_dualprompt
2024-08-25 20:16:26,175 [trainer.py] => get_original_backbone: True
2024-08-25 20:16:26,175 [trainer.py] => device: [device(type='cuda', index=0)]
2024-08-25 20:16:26,175 [trainer.py] => seed: 1993
2024-08-25 20:16:26,175 [trainer.py] => tuned_epoch: 20
2024-08-25 20:16:26,175 [trainer.py] => init_lr: 0.001
2024-08-25 20:16:26,175 [trainer.py] => batch_size: 48
2024-08-25 20:16:26,175 [trainer.py] => weight_decay: 0
2024-08-25 20:16:26,175 [trainer.py] => min_lr: 1e-05
2024-08-25 20:16:26,175 [trainer.py] => optimizer: adam
2024-08-25 20:16:26,175 [trainer.py] => scheduler: constant
2024-08-25 20:16:26,175 [trainer.py] => reinit_optimizer: True
2024-08-25 20:16:26,175 [trainer.py] => global_pool: token
2024-08-25 20:16:26,175 [trainer.py] => head_type: token
2024-08-25 20:16:26,175 [trainer.py] => freeze: ['blocks', 'patch_embed', 'cls_token', 'norm', 'pos_embed']
2024-08-25 20:16:26,175 [trainer.py] => pretrained: True
2024-08-25 20:16:26,175 [trainer.py] => drop: 0.0
2024-08-25 20:16:26,175 [trainer.py] => drop_path: 0.0
2024-08-25 20:16:26,175 [trainer.py] => use_g_prompt: True
2024-08-25 20:16:26,175 [trainer.py] => g_prompt_length: 5
2024-08-25 20:16:26,175 [trainer.py] => g_prompt_layer_idx: [0, 1]
2024-08-25 20:16:26,176 [trainer.py] => use_prefix_tune_for_g_prompt: True
2024-08-25 20:16:26,176 [trainer.py] => use_e_prompt: True
2024-08-25 20:16:26,176 [trainer.py] => e_prompt_layer_idx: [2, 3, 4]
2024-08-25 20:16:26,176 [trainer.py] => use_prefix_tune_for_e_prompt: True
2024-08-25 20:16:26,176 [trainer.py] => prompt_pool: True
2024-08-25 20:16:26,176 [trainer.py] => size: 10
2024-08-25 20:16:26,176 [trainer.py] => length: 5
2024-08-25 20:16:26,176 [trainer.py] => top_k: 1
2024-08-25 20:16:26,176 [trainer.py] => initializer: uniform
2024-08-25 20:16:26,176 [trainer.py] => prompt_key: True
2024-08-25 20:16:26,176 [trainer.py] => prompt_key_init: uniform
2024-08-25 20:16:26,176 [trainer.py] => use_prompt_mask: True
2024-08-25 20:16:26,176 [trainer.py] => shared_prompt_pool: True
2024-08-25 20:16:26,176 [trainer.py] => shared_prompt_key: False
2024-08-25 20:16:26,176 [trainer.py] => batchwise_prompt: True
2024-08-25 20:16:26,176 [trainer.py] => embedding_key: cls
2024-08-25 20:16:26,176 [trainer.py] => predefined_key: 
2024-08-25 20:16:26,176 [trainer.py] => pull_constraint: True
2024-08-25 20:16:26,176 [trainer.py] => pull_constraint_coeff: 0.1
2024-08-25 20:16:26,176 [trainer.py] => same_key_value: False
2024-08-25 20:16:27,866 [data_manager.py] => [68, 56, 78, 8, 23, 84, 90, 65, 74, 76, 40, 89, 3, 92, 55, 9, 26, 80, 43, 38, 58, 70, 77, 1, 85, 19, 17, 50, 28, 53, 13, 81, 45, 82, 6, 59, 83, 16, 15, 44, 91, 41, 72, 60, 79, 52, 20, 10, 31, 54, 37, 95, 14, 71, 96, 98, 97, 2, 64, 66, 42, 22, 35, 86, 24, 34, 87, 21, 99, 0, 88, 27, 18, 94, 11, 12, 47, 25, 30, 46, 62, 69, 36, 61, 7, 63, 75, 5, 32, 4, 51, 48, 73, 93, 39, 67, 29, 49, 57, 33]
2024-08-25 20:16:35,854 [dualprompt.py] => 86,128,996 model total parameters.
2024-08-25 20:16:35,854 [dualprompt.py] => 330,340 model training parameters.
2024-08-25 20:16:35,854 [dualprompt.py] => g_prompt: 15360
2024-08-25 20:16:35,854 [dualprompt.py] => e_prompt.prompt: 230400
2024-08-25 20:16:35,854 [dualprompt.py] => e_prompt.prompt_key: 7680
2024-08-25 20:16:35,855 [dualprompt.py] => head.weight: 76800
2024-08-25 20:16:35,861 [dualprompt.py] => head.bias: 100
2024-08-25 20:16:35,862 [trainer.py] => All params: 172004552
2024-08-25 20:16:35,863 [trainer.py] => Trainable params: 330340
2024-08-25 20:16:35,863 [dualprompt.py] => Learning on 0-50
2024-08-25 21:44:57,874 [dualprompt.py] => Task 0, Epoch 20/20 => Loss 0.458, Train_accy 85.63, Test_accy 93.92
2024-08-25 21:45:33,183 [trainer.py] => No NME accuracy.
2024-08-25 21:45:33,183 [trainer.py] => CNN: {'total': 93.92, '00-49': 93.92, 'old': 0, 'new': 93.92}
2024-08-25 21:45:33,183 [trainer.py] => CNN top1 curve: [93.92]
2024-08-25 21:45:33,183 [trainer.py] => CNN top5 curve: [99.18]

Average Accuracy (CNN): 93.92
2024-08-25 21:45:33,183 [trainer.py] => Average Accuracy (CNN): 93.92 

2024-08-25 21:45:33,185 [trainer.py] => All params: 172004552
2024-08-25 21:45:33,186 [trainer.py] => Trainable params: 330340
2024-08-25 21:45:33,186 [dualprompt.py] => Learning on 50-60
2024-08-25 22:05:48,990 [dualprompt.py] => Task 1, Epoch 20/20 => Loss 0.139, Train_accy 93.44, Test_accy 91.58
2024-08-25 22:06:31,046 [trainer.py] => No NME accuracy.
2024-08-25 22:06:31,046 [trainer.py] => CNN: {'total': 91.58, '00-49': 93.58, '50-59': 81.6, 'old': 93.58, 'new': 81.6}
2024-08-25 22:06:31,046 [trainer.py] => CNN top1 curve: [93.92, 91.58]
2024-08-25 22:06:31,046 [trainer.py] => CNN top5 curve: [99.18, 98.9]

Average Accuracy (CNN): 92.75
2024-08-25 22:06:31,047 [trainer.py] => Average Accuracy (CNN): 92.75 

2024-08-25 22:06:31,048 [trainer.py] => All params: 172004552
2024-08-25 22:06:31,049 [trainer.py] => Trainable params: 330340
2024-08-25 22:06:31,050 [dualprompt.py] => Learning on 60-70
2024-08-25 22:27:20,414 [dualprompt.py] => Task 2, Epoch 20/20 => Loss 0.086, Train_accy 95.06, Test_accy 89.87
2024-08-25 22:28:09,336 [trainer.py] => No NME accuracy.
2024-08-25 22:28:09,337 [trainer.py] => CNN: {'total': 89.87, '00-49': 93.36, '50-59': 78.4, '60-69': 83.9, 'old': 90.87, 'new': 83.9}
2024-08-25 22:28:09,337 [trainer.py] => CNN top1 curve: [93.92, 91.58, 89.87]
2024-08-25 22:28:09,337 [trainer.py] => CNN top5 curve: [99.18, 98.9, 98.77]

Average Accuracy (CNN): 91.79
2024-08-25 22:28:09,337 [trainer.py] => Average Accuracy (CNN): 91.79 

2024-08-25 22:28:09,340 [trainer.py] => All params: 172004552
2024-08-25 22:28:09,342 [trainer.py] => Trainable params: 330340
2024-08-25 22:28:09,342 [dualprompt.py] => Learning on 70-80
2024-08-25 22:49:21,259 [dualprompt.py] => Task 3, Epoch 20/20 => Loss 0.114, Train_accy 94.46, Test_accy 86.18
2024-08-25 22:50:16,858 [trainer.py] => No NME accuracy.
2024-08-25 22:50:16,858 [trainer.py] => CNN: {'total': 86.18, '00-49': 93.42, '50-59': 77.3, '60-69': 82.9, '70-79': 62.1, 'old': 89.61, 'new': 62.1}
2024-08-25 22:50:16,858 [trainer.py] => CNN top1 curve: [93.92, 91.58, 89.87, 86.18]
2024-08-25 22:50:16,858 [trainer.py] => CNN top5 curve: [99.18, 98.9, 98.77, 98.4]

Average Accuracy (CNN): 90.39
2024-08-25 22:50:16,859 [trainer.py] => Average Accuracy (CNN): 90.39 

2024-08-25 22:50:16,860 [trainer.py] => All params: 172004552
2024-08-25 22:50:16,861 [trainer.py] => Trainable params: 330340
2024-08-25 22:50:16,861 [dualprompt.py] => Learning on 80-90
2024-08-25 23:11:50,385 [dualprompt.py] => Task 4, Epoch 20/20 => Loss 0.128, Train_accy 93.84, Test_accy 82.73
2024-08-25 23:12:52,995 [trainer.py] => No NME accuracy.
2024-08-25 23:12:52,996 [trainer.py] => CNN: {'total': 82.73, '00-49': 93.4, '50-59': 75.9, '60-69': 82.2, '70-79': 61.0, '80-89': 58.5, 'old': 85.76, 'new': 58.5}
2024-08-25 23:12:52,996 [trainer.py] => CNN top1 curve: [93.92, 91.58, 89.87, 86.18, 82.73]
2024-08-25 23:12:52,996 [trainer.py] => CNN top5 curve: [99.18, 98.9, 98.77, 98.4, 97.99]

Average Accuracy (CNN): 88.86
2024-08-25 23:12:52,996 [trainer.py] => Average Accuracy (CNN): 88.86 

2024-08-25 23:12:52,999 [trainer.py] => All params: 172004552
2024-08-25 23:12:53,001 [trainer.py] => Trainable params: 330340
2024-08-25 23:12:53,001 [dualprompt.py] => Learning on 90-100
2024-08-25 23:34:58,185 [dualprompt.py] => Task 5, Epoch 20/20 => Loss 0.122, Train_accy 94.10, Test_accy 80.60
2024-08-25 23:36:07,464 [trainer.py] => No NME accuracy.
2024-08-25 23:36:07,464 [trainer.py] => CNN: {'total': 80.6, '00-49': 93.4, '50-59': 75.9, '60-69': 81.8, '70-79': 61.1, '80-89': 58.0, '90-99': 62.2, 'old': 82.64, 'new': 62.2}
2024-08-25 23:36:07,465 [trainer.py] => CNN top1 curve: [93.92, 91.58, 89.87, 86.18, 82.73, 80.6]
2024-08-25 23:36:07,465 [trainer.py] => CNN top5 curve: [99.18, 98.9, 98.77, 98.4, 97.99, 97.42]

Average Accuracy (CNN): 87.48
2024-08-25 23:36:07,465 [trainer.py] => Average Accuracy (CNN): 87.48 

Accuracy Matrix (CNN):
[[93.92 93.58 93.36 93.42 93.4  93.4 ]
 [ 0.   81.6  78.4  77.3  75.9  75.9 ]
 [ 0.    0.   83.9  82.9  82.2  81.8 ]
 [ 0.    0.    0.   62.1  61.   61.1 ]
 [ 0.    0.    0.    0.   58.5  58.  ]
 [ 0.    0.    0.    0.    0.   62.2 ]]
2024-08-25 23:36:07,466 [trainer.py] => Forgetting (CNN): 1.9639999999999986
2024-08-25 23:36:10,784 [trainer.py] => config: ./exps/dualprompt_cifar_B50_Inc10.json
2024-08-25 23:36:10,784 [trainer.py] => prefix:  
2024-08-25 23:36:10,784 [trainer.py] => dataset: cifar224
2024-08-25 23:36:10,784 [trainer.py] => memory_size: 0
2024-08-25 23:36:10,784 [trainer.py] => memory_per_class: 0
2024-08-25 23:36:10,784 [trainer.py] => fixed_memory: False
2024-08-25 23:36:10,784 [trainer.py] => shuffle: True
2024-08-25 23:36:10,784 [trainer.py] => init_cls: 50
2024-08-25 23:36:10,784 [trainer.py] => increment: 5
2024-08-25 23:36:10,784 [trainer.py] => model_name: dualprompt
2024-08-25 23:36:10,784 [trainer.py] => backbone_type: vit_base_patch16_224_in21k_dualprompt
2024-08-25 23:36:10,784 [trainer.py] => get_original_backbone: True
2024-08-25 23:36:10,784 [trainer.py] => device: [device(type='cuda', index=0)]
2024-08-25 23:36:10,784 [trainer.py] => seed: 1993
2024-08-25 23:36:10,784 [trainer.py] => tuned_epoch: 20
2024-08-25 23:36:10,784 [trainer.py] => init_lr: 0.001
2024-08-25 23:36:10,785 [trainer.py] => batch_size: 48
2024-08-25 23:36:10,785 [trainer.py] => weight_decay: 0
2024-08-25 23:36:10,785 [trainer.py] => min_lr: 1e-05
2024-08-25 23:36:10,785 [trainer.py] => optimizer: adam
2024-08-25 23:36:10,785 [trainer.py] => scheduler: constant
2024-08-25 23:36:10,785 [trainer.py] => reinit_optimizer: True
2024-08-25 23:36:10,785 [trainer.py] => global_pool: token
2024-08-25 23:36:10,785 [trainer.py] => head_type: token
2024-08-25 23:36:10,785 [trainer.py] => freeze: ['blocks', 'patch_embed', 'cls_token', 'norm', 'pos_embed']
2024-08-25 23:36:10,785 [trainer.py] => pretrained: True
2024-08-25 23:36:10,785 [trainer.py] => drop: 0.0
2024-08-25 23:36:10,785 [trainer.py] => drop_path: 0.0
2024-08-25 23:36:10,785 [trainer.py] => use_g_prompt: True
2024-08-25 23:36:10,785 [trainer.py] => g_prompt_length: 5
2024-08-25 23:36:10,785 [trainer.py] => g_prompt_layer_idx: [0, 1]
2024-08-25 23:36:10,785 [trainer.py] => use_prefix_tune_for_g_prompt: True
2024-08-25 23:36:10,785 [trainer.py] => use_e_prompt: True
2024-08-25 23:36:10,785 [trainer.py] => e_prompt_layer_idx: [2, 3, 4]
2024-08-25 23:36:10,785 [trainer.py] => use_prefix_tune_for_e_prompt: True
2024-08-25 23:36:10,785 [trainer.py] => prompt_pool: True
2024-08-25 23:36:10,785 [trainer.py] => size: 10
2024-08-25 23:36:10,785 [trainer.py] => length: 5
2024-08-25 23:36:10,785 [trainer.py] => top_k: 1
2024-08-25 23:36:10,785 [trainer.py] => initializer: uniform
2024-08-25 23:36:10,785 [trainer.py] => prompt_key: True
2024-08-25 23:36:10,785 [trainer.py] => prompt_key_init: uniform
2024-08-25 23:36:10,785 [trainer.py] => use_prompt_mask: True
2024-08-25 23:36:10,785 [trainer.py] => shared_prompt_pool: True
2024-08-25 23:36:10,785 [trainer.py] => shared_prompt_key: False
2024-08-25 23:36:10,786 [trainer.py] => batchwise_prompt: True
2024-08-25 23:36:10,786 [trainer.py] => embedding_key: cls
2024-08-25 23:36:10,786 [trainer.py] => predefined_key: 
2024-08-25 23:36:10,786 [trainer.py] => pull_constraint: True
2024-08-25 23:36:10,786 [trainer.py] => pull_constraint_coeff: 0.1
2024-08-25 23:36:10,786 [trainer.py] => same_key_value: False
2024-08-25 23:36:12,458 [data_manager.py] => [68, 56, 78, 8, 23, 84, 90, 65, 74, 76, 40, 89, 3, 92, 55, 9, 26, 80, 43, 38, 58, 70, 77, 1, 85, 19, 17, 50, 28, 53, 13, 81, 45, 82, 6, 59, 83, 16, 15, 44, 91, 41, 72, 60, 79, 52, 20, 10, 31, 54, 37, 95, 14, 71, 96, 98, 97, 2, 64, 66, 42, 22, 35, 86, 24, 34, 87, 21, 99, 0, 88, 27, 18, 94, 11, 12, 47, 25, 30, 46, 62, 69, 36, 61, 7, 63, 75, 5, 32, 4, 51, 48, 73, 93, 39, 67, 29, 49, 57, 33]
2024-08-25 23:36:19,435 [dualprompt.py] => 86,128,996 model total parameters.
2024-08-25 23:36:19,436 [dualprompt.py] => 330,340 model training parameters.
2024-08-25 23:36:19,436 [dualprompt.py] => g_prompt: 15360
2024-08-25 23:36:19,436 [dualprompt.py] => e_prompt.prompt: 230400
2024-08-25 23:36:19,436 [dualprompt.py] => e_prompt.prompt_key: 7680
2024-08-25 23:36:19,436 [dualprompt.py] => head.weight: 76800
2024-08-25 23:36:19,442 [dualprompt.py] => head.bias: 100
2024-08-25 23:36:19,443 [trainer.py] => All params: 172004552
2024-08-25 23:36:19,444 [trainer.py] => Trainable params: 330340
2024-08-25 23:36:19,444 [dualprompt.py] => Learning on 0-50
2024-08-26 01:04:59,730 [dualprompt.py] => Task 0, Epoch 20/20 => Loss 0.458, Train_accy 85.63, Test_accy 93.92
2024-08-26 01:05:34,677 [trainer.py] => No NME accuracy.
2024-08-26 01:05:34,677 [trainer.py] => CNN: {'total': 93.92, '00-49': 93.92, 'old': 0, 'new': 93.92}
2024-08-26 01:05:34,677 [trainer.py] => CNN top1 curve: [93.92]
2024-08-26 01:05:34,677 [trainer.py] => CNN top5 curve: [99.18]

Average Accuracy (CNN): 93.92
2024-08-26 01:05:34,677 [trainer.py] => Average Accuracy (CNN): 93.92 

2024-08-26 01:05:34,679 [trainer.py] => All params: 172004552
2024-08-26 01:05:34,680 [trainer.py] => Trainable params: 330340
2024-08-26 01:05:34,680 [dualprompt.py] => Learning on 50-55
2024-08-26 01:17:04,805 [dualprompt.py] => Task 1, Epoch 20/20 => Loss 0.021, Train_accy 97.88, Test_accy 91.18
2024-08-26 01:17:43,467 [trainer.py] => No NME accuracy.
2024-08-26 01:17:43,468 [trainer.py] => CNN: {'total': 91.18, '00-49': 93.96, '50-54': 63.4, 'old': 93.96, 'new': 63.4}
2024-08-26 01:17:43,468 [trainer.py] => CNN top1 curve: [93.92, 91.18]
2024-08-26 01:17:43,468 [trainer.py] => CNN top5 curve: [99.18, 99.07]

Average Accuracy (CNN): 92.55
2024-08-26 01:17:43,468 [trainer.py] => Average Accuracy (CNN): 92.55 

2024-08-26 01:17:43,471 [trainer.py] => All params: 172004552
2024-08-26 01:17:43,473 [trainer.py] => Trainable params: 330340
2024-08-26 01:17:43,474 [dualprompt.py] => Learning on 55-60
2024-08-26 01:29:22,710 [dualprompt.py] => Task 2, Epoch 20/20 => Loss 0.137, Train_accy 92.16, Test_accy 88.75
2024-08-26 01:30:04,878 [trainer.py] => No NME accuracy.
2024-08-26 01:30:04,879 [trainer.py] => CNN: {'total': 88.75, '00-49': 93.66, '50-54': 63.4, '55-59': 65.0, 'old': 90.91, 'new': 65.0}
2024-08-26 01:30:04,879 [trainer.py] => CNN top1 curve: [93.92, 91.18, 88.75]
2024-08-26 01:30:04,879 [trainer.py] => CNN top5 curve: [99.18, 99.07, 98.52]

Average Accuracy (CNN): 91.28
2024-08-26 01:30:04,879 [trainer.py] => Average Accuracy (CNN): 91.28 

2024-08-26 01:30:04,881 [trainer.py] => All params: 172004552
2024-08-26 01:30:04,883 [trainer.py] => Trainable params: 330340
2024-08-26 01:30:04,883 [dualprompt.py] => Learning on 60-65
2024-08-26 01:42:00,599 [dualprompt.py] => Task 3, Epoch 20/20 => Loss 0.020, Train_accy 97.56, Test_accy 86.45
2024-08-26 01:42:46,204 [trainer.py] => No NME accuracy.
2024-08-26 01:42:46,205 [trainer.py] => CNN: {'total': 86.45, '00-49': 93.62, '50-54': 63.6, '55-59': 59.4, '60-64': 64.6, 'old': 88.27, 'new': 64.6}
2024-08-26 01:42:46,205 [trainer.py] => CNN top1 curve: [93.92, 91.18, 88.75, 86.45]
2024-08-26 01:42:46,205 [trainer.py] => CNN top5 curve: [99.18, 99.07, 98.52, 98.35]

Average Accuracy (CNN): 90.08
2024-08-26 01:42:46,205 [trainer.py] => Average Accuracy (CNN): 90.08 

2024-08-26 01:42:46,208 [trainer.py] => All params: 172004552
2024-08-26 01:42:46,210 [trainer.py] => Trainable params: 330340
2024-08-26 01:42:46,210 [dualprompt.py] => Learning on 65-70
2024-08-26 01:54:55,553 [dualprompt.py] => Task 4, Epoch 20/20 => Loss 0.017, Train_accy 97.40, Test_accy 84.74
2024-08-26 01:55:44,300 [trainer.py] => No NME accuracy.
2024-08-26 01:55:44,300 [trainer.py] => CNN: {'total': 84.74, '00-49': 93.56, '50-54': 62.4, '55-59': 58.0, '60-64': 63.6, '65-69': 66.8, 'old': 86.12, 'new': 66.8}
2024-08-26 01:55:44,300 [trainer.py] => CNN top1 curve: [93.92, 91.18, 88.75, 86.45, 84.74]
2024-08-26 01:55:44,300 [trainer.py] => CNN top5 curve: [99.18, 99.07, 98.52, 98.35, 98.17]

Average Accuracy (CNN): 89.01
2024-08-26 01:55:44,301 [trainer.py] => Average Accuracy (CNN): 89.01 

2024-08-26 01:55:44,303 [trainer.py] => All params: 172004552
2024-08-26 01:55:44,305 [trainer.py] => Trainable params: 330340
2024-08-26 01:55:44,305 [dualprompt.py] => Learning on 70-75
2024-08-26 02:08:07,435 [dualprompt.py] => Task 5, Epoch 20/20 => Loss 0.045, Train_accy 96.80, Test_accy 81.36
2024-08-26 02:08:59,937 [trainer.py] => No NME accuracy.
2024-08-26 02:08:59,938 [trainer.py] => CNN: {'total': 81.36, '00-49': 93.52, '50-54': 62.8, '55-59': 51.4, '60-64': 59.4, '65-69': 65.0, '70-74': 46.6, 'old': 83.84, 'new': 46.6}
2024-08-26 02:08:59,938 [trainer.py] => CNN top1 curve: [93.92, 91.18, 88.75, 86.45, 84.74, 81.36]
2024-08-26 02:08:59,938 [trainer.py] => CNN top5 curve: [99.18, 99.07, 98.52, 98.35, 98.17, 97.72]

Average Accuracy (CNN): 87.73
2024-08-26 02:08:59,938 [trainer.py] => Average Accuracy (CNN): 87.73 

2024-08-26 02:08:59,942 [trainer.py] => All params: 172004552
2024-08-26 02:08:59,945 [trainer.py] => Trainable params: 330340
2024-08-26 02:08:59,945 [dualprompt.py] => Learning on 75-80
2024-08-26 02:21:33,446 [dualprompt.py] => Task 6, Epoch 20/20 => Loss 0.025, Train_accy 97.48, Test_accy 78.32
2024-08-26 02:22:28,969 [trainer.py] => No NME accuracy.
2024-08-26 02:22:28,970 [trainer.py] => CNN: {'total': 78.32, '00-49': 93.56, '50-54': 61.4, '55-59': 51.0, '60-64': 58.4, '65-69': 65.2, '70-74': 46.6, '75-79': 35.0, 'old': 81.21, 'new': 35.0}
2024-08-26 02:22:28,970 [trainer.py] => CNN top1 curve: [93.92, 91.18, 88.75, 86.45, 84.74, 81.36, 78.32]
2024-08-26 02:22:28,970 [trainer.py] => CNN top5 curve: [99.18, 99.07, 98.52, 98.35, 98.17, 97.72, 97.19]

Average Accuracy (CNN): 86.39
2024-08-26 02:22:28,970 [trainer.py] => Average Accuracy (CNN): 86.39 

2024-08-26 02:22:28,973 [trainer.py] => All params: 172004552
2024-08-26 02:22:28,975 [trainer.py] => Trainable params: 330340
2024-08-26 02:22:28,975 [dualprompt.py] => Learning on 80-85
2024-08-26 02:35:20,659 [dualprompt.py] => Task 7, Epoch 20/20 => Loss 0.019, Train_accy 97.64, Test_accy 75.40
2024-08-26 02:36:20,201 [trainer.py] => No NME accuracy.
2024-08-26 02:36:20,201 [trainer.py] => CNN: {'total': 75.4, '00-49': 93.4, '50-54': 61.2, '55-59': 51.2, '60-64': 58.4, '65-69': 64.2, '70-74': 46.6, '75-79': 34.8, '80-84': 31.4, 'old': 78.15, 'new': 31.4}
2024-08-26 02:36:20,201 [trainer.py] => CNN top1 curve: [93.92, 91.18, 88.75, 86.45, 84.74, 81.36, 78.32, 75.4]
2024-08-26 02:36:20,201 [trainer.py] => CNN top5 curve: [99.18, 99.07, 98.52, 98.35, 98.17, 97.72, 97.19, 97.04]

Average Accuracy (CNN): 85.02
2024-08-26 02:36:20,201 [trainer.py] => Average Accuracy (CNN): 85.02 

2024-08-26 02:36:20,203 [trainer.py] => All params: 172004552
2024-08-26 02:36:20,204 [trainer.py] => Trainable params: 330340
2024-08-26 02:36:20,205 [dualprompt.py] => Learning on 85-90
2024-08-26 02:49:25,113 [dualprompt.py] => Task 8, Epoch 20/20 => Loss 0.084, Train_accy 94.84, Test_accy 73.02
2024-08-26 02:50:28,090 [trainer.py] => No NME accuracy.
2024-08-26 02:50:28,091 [trainer.py] => CNN: {'total': 73.02, '00-49': 93.54, '50-54': 59.6, '55-59': 48.8, '60-64': 57.4, '65-69': 63.6, '70-74': 44.2, '75-79': 33.6, '80-84': 30.0, '85-89': 41.8, 'old': 74.86, 'new': 41.8}
2024-08-26 02:50:28,091 [trainer.py] => CNN top1 curve: [93.92, 91.18, 88.75, 86.45, 84.74, 81.36, 78.32, 75.4, 73.02]
2024-08-26 02:50:28,091 [trainer.py] => CNN top5 curve: [99.18, 99.07, 98.52, 98.35, 98.17, 97.72, 97.19, 97.04, 96.01]

Average Accuracy (CNN): 83.68
2024-08-26 02:50:28,091 [trainer.py] => Average Accuracy (CNN): 83.68 

2024-08-26 02:50:28,092 [trainer.py] => All params: 172004552
2024-08-26 02:50:28,094 [trainer.py] => Trainable params: 330340
2024-08-26 02:50:28,094 [dualprompt.py] => Learning on 90-95
2024-08-26 03:03:46,351 [dualprompt.py] => Task 9, Epoch 20/20 => Loss 0.042, Train_accy 97.00, Test_accy 71.32
2024-08-26 03:04:52,031 [trainer.py] => No NME accuracy.
2024-08-26 03:04:52,032 [trainer.py] => CNN: {'total': 71.32, '00-49': 93.56, '50-54': 58.4, '55-59': 48.6, '60-64': 57.2, '65-69': 64.0, '70-74': 44.6, '75-79': 33.6, '80-84': 30.8, '85-89': 42.4, '90-94': 39.8, 'old': 73.07, 'new': 39.8}
2024-08-26 03:04:52,032 [trainer.py] => CNN top1 curve: [93.92, 91.18, 88.75, 86.45, 84.74, 81.36, 78.32, 75.4, 73.02, 71.32]
2024-08-26 03:04:52,032 [trainer.py] => CNN top5 curve: [99.18, 99.07, 98.52, 98.35, 98.17, 97.72, 97.19, 97.04, 96.01, 96.01]

Average Accuracy (CNN): 82.45
2024-08-26 03:04:52,032 [trainer.py] => Average Accuracy (CNN): 82.45 

2024-08-26 03:04:52,034 [trainer.py] => All params: 172004552
2024-08-26 03:04:52,036 [trainer.py] => Trainable params: 330340
2024-08-26 03:04:52,036 [dualprompt.py] => Learning on 95-100
2024-08-26 03:18:23,230 [dualprompt.py] => Task 10, Epoch 20/20 => Loss 0.047, Train_accy 96.40, Test_accy 66.45
2024-08-26 03:19:32,626 [trainer.py] => No NME accuracy.
2024-08-26 03:19:32,627 [trainer.py] => CNN: {'total': 66.45, '00-49': 92.82, '50-54': 53.4, '55-59': 46.0, '60-64': 51.4, '65-69': 49.6, '70-74': 37.4, '75-79': 27.8, '80-84': 24.8, '85-89': 33.8, '90-94': 32.4, '95-99': 44.2, 'old': 67.62, 'new': 44.2}
2024-08-26 03:19:32,627 [trainer.py] => CNN top1 curve: [93.92, 91.18, 88.75, 86.45, 84.74, 81.36, 78.32, 75.4, 73.02, 71.32, 66.45]
2024-08-26 03:19:32,627 [trainer.py] => CNN top5 curve: [99.18, 99.07, 98.52, 98.35, 98.17, 97.72, 97.19, 97.04, 96.01, 96.01, 94.54]

Average Accuracy (CNN): 80.99
2024-08-26 03:19:32,627 [trainer.py] => Average Accuracy (CNN): 80.99 

Accuracy Matrix (CNN):
[[93.92 93.96 93.66 93.62 93.56 93.52 93.56 93.4  93.54 93.56 92.82]
 [ 0.   63.4  63.4  63.6  62.4  62.8  61.4  61.2  59.6  58.4  53.4 ]
 [ 0.    0.   65.   59.4  58.   51.4  51.   51.2  48.8  48.6  46.  ]
 [ 0.    0.    0.   64.6  63.6  59.4  58.4  58.4  57.4  57.2  51.4 ]
 [ 0.    0.    0.    0.   66.8  65.   65.2  64.2  63.6  64.   49.6 ]
 [ 0.    0.    0.    0.    0.   46.6  46.6  46.6  44.2  44.6  37.4 ]
 [ 0.    0.    0.    0.    0.    0.   35.   34.8  33.6  33.6  27.8 ]
 [ 0.    0.    0.    0.    0.    0.    0.   31.4  30.   30.8  24.8 ]
 [ 0.    0.    0.    0.    0.    0.    0.    0.   41.8  42.4  33.8 ]
 [ 0.    0.    0.    0.    0.    0.    0.    0.    0.   39.8  32.4 ]
 [ 0.    0.    0.    0.    0.    0.    0.    0.    0.    0.   44.2 ]]
2024-08-26 03:19:32,630 [trainer.py] => Forgetting (CNN): 9.974
