2024-08-23 19:25:34,477 [trainer.py] => config: ./exps/l2p_cifar_B0_Inc5.json
2024-08-23 19:25:34,478 [trainer.py] => prefix:  
2024-08-23 19:25:34,478 [trainer.py] => dataset: cifar224
2024-08-23 19:25:34,478 [trainer.py] => memory_size: 0
2024-08-23 19:25:34,478 [trainer.py] => memory_per_class: 0
2024-08-23 19:25:34,478 [trainer.py] => fixed_memory: False
2024-08-23 19:25:34,479 [trainer.py] => shuffle: True
2024-08-23 19:25:34,479 [trainer.py] => init_cls: 20
2024-08-23 19:25:34,479 [trainer.py] => increment: 20
2024-08-23 19:25:34,479 [trainer.py] => model_name: l2p
2024-08-23 19:25:34,479 [trainer.py] => backbone_type: vit_base_patch16_224_in21k_l2p
2024-08-23 19:25:34,484 [trainer.py] => get_original_backbone: True
2024-08-23 19:25:34,484 [trainer.py] => device: [device(type='cuda', index=0)]
2024-08-23 19:25:34,484 [trainer.py] => seed: 1993
2024-08-23 19:25:34,484 [trainer.py] => tuned_epoch: 20
2024-08-23 19:25:34,484 [trainer.py] => init_lr: 0.001875
2024-08-23 19:25:34,484 [trainer.py] => batch_size: 48
2024-08-23 19:25:34,484 [trainer.py] => weight_decay: 0
2024-08-23 19:25:34,484 [trainer.py] => min_lr: 1e-05
2024-08-23 19:25:34,484 [trainer.py] => optimizer: adam
2024-08-23 19:25:34,484 [trainer.py] => scheduler: constant
2024-08-23 19:25:34,484 [trainer.py] => reinit_optimizer: True
2024-08-23 19:25:34,484 [trainer.py] => global_pool: token
2024-08-23 19:25:34,484 [trainer.py] => head_type: prompt
2024-08-23 19:25:34,484 [trainer.py] => freeze: ['blocks', 'patch_embed', 'cls_token', 'norm', 'pos_embed']
2024-08-23 19:25:34,484 [trainer.py] => pretrained: True
2024-08-23 19:25:34,485 [trainer.py] => drop: 0.0
2024-08-23 19:25:34,485 [trainer.py] => drop_path: 0.0
2024-08-23 19:25:34,485 [trainer.py] => prompt_pool: True
2024-08-23 19:25:34,485 [trainer.py] => size: 10
2024-08-23 19:25:34,485 [trainer.py] => length: 5
2024-08-23 19:25:34,485 [trainer.py] => top_k: 5
2024-08-23 19:25:34,485 [trainer.py] => initializer: uniform
2024-08-23 19:25:34,485 [trainer.py] => prompt_key: True
2024-08-23 19:25:34,485 [trainer.py] => prompt_key_init: uniform
2024-08-23 19:25:34,485 [trainer.py] => use_prompt_mask: False
2024-08-23 19:25:34,485 [trainer.py] => shared_prompt_pool: False
2024-08-23 19:25:34,485 [trainer.py] => shared_prompt_key: False
2024-08-23 19:25:34,485 [trainer.py] => batchwise_prompt: True
2024-08-23 19:25:34,485 [trainer.py] => embedding_key: cls
2024-08-23 19:25:34,485 [trainer.py] => predefined_key: 
2024-08-23 19:25:34,485 [trainer.py] => pull_constraint: True
2024-08-23 19:25:34,485 [trainer.py] => pull_constraint_coeff: 0.1
2024-08-23 19:25:36,195 [data_manager.py] => [68, 56, 78, 8, 23, 84, 90, 65, 74, 76, 40, 89, 3, 92, 55, 9, 26, 80, 43, 38, 58, 70, 77, 1, 85, 19, 17, 50, 28, 53, 13, 81, 45, 82, 6, 59, 83, 16, 15, 44, 91, 41, 72, 60, 79, 52, 20, 10, 31, 54, 37, 95, 14, 71, 96, 98, 97, 2, 64, 66, 42, 22, 35, 86, 24, 34, 87, 21, 99, 0, 88, 27, 18, 94, 11, 12, 47, 25, 30, 46, 62, 69, 36, 61, 7, 63, 75, 5, 32, 4, 51, 48, 73, 93, 39, 67, 29, 49, 57, 33]
2024-08-23 19:25:39,601 [vit_l2p.py] => Resized position embedding: torch.Size([1, 197, 768]) to torch.Size([1, 222, 768])
2024-08-23 19:25:39,602 [vit_l2p.py] => Position embedding grid-size from [14, 14] to (14, 14)
2024-08-23 19:25:44,704 [l2p.py] => 85,940,836 model total parameters.
2024-08-23 19:25:44,704 [l2p.py] => 122,980 model training parameters.
2024-08-23 19:25:44,704 [l2p.py] => prompt.prompt: 38400
2024-08-23 19:25:44,705 [l2p.py] => prompt.prompt_key: 7680
2024-08-23 19:25:44,705 [l2p.py] => head.weight: 76800
2024-08-23 19:25:44,705 [l2p.py] => head.bias: 100
2024-08-23 19:25:44,706 [trainer.py] => All params: 171816392
2024-08-23 19:25:44,707 [trainer.py] => Trainable params: 122980
2024-08-23 19:25:44,707 [l2p.py] => Learning on 0-20
2024-08-23 20:05:15,286 [l2p.py] => Task 0, Epoch 20/20 => Loss 0.111, Train_accy 88.43, Test_accy 96.50
2024-08-23 20:05:30,698 [trainer.py] => No NME accuracy.
2024-08-23 20:05:30,700 [trainer.py] => CNN: {'total': 96.5, '00-19': 96.5, 'old': 0, 'new': 96.5}
2024-08-23 20:05:30,706 [trainer.py] => CNN top1 curve: [96.5]
2024-08-23 20:05:30,706 [trainer.py] => CNN top5 curve: [99.5]

Average Accuracy (CNN): 96.5
2024-08-23 20:05:30,706 [trainer.py] => Average Accuracy (CNN): 96.5 

2024-08-23 20:05:30,706 [trainer.py] => Train Time: 4734.82
2024-08-23 20:05:30,706 [trainer.py] => Test Time: 15.41 

2024-08-23 20:05:30,708 [trainer.py] => All params: 171816392
2024-08-23 20:05:30,709 [trainer.py] => Trainable params: 122980
2024-08-23 20:05:30,709 [l2p.py] => Learning on 20-40
2024-08-23 20:45:51,454 [l2p.py] => Task 1, Epoch 20/20 => Loss 0.008, Train_accy 91.42, Test_accy 93.60
2024-08-23 20:46:21,612 [trainer.py] => No NME accuracy.
2024-08-23 20:46:21,613 [trainer.py] => CNN: {'total': 93.6, '00-19': 92.1, '20-39': 95.1, 'old': 92.1, 'new': 95.1}
2024-08-23 20:46:21,613 [trainer.py] => CNN top1 curve: [96.5, 93.6]
2024-08-23 20:46:21,625 [trainer.py] => CNN top5 curve: [99.5, 99.35]

Average Accuracy (CNN): 95.05
2024-08-23 20:46:21,625 [trainer.py] => Average Accuracy (CNN): 95.05 

2024-08-23 20:46:21,625 [trainer.py] => Train Time: 9576.17
2024-08-23 20:46:21,625 [trainer.py] => Test Time: 45.56 

2024-08-23 20:46:21,627 [trainer.py] => All params: 171816392
2024-08-23 20:46:21,629 [trainer.py] => Trainable params: 122980
2024-08-23 20:46:21,629 [l2p.py] => Learning on 40-60
2024-08-23 21:27:41,259 [l2p.py] => Task 2, Epoch 20/20 => Loss 0.026, Train_accy 90.31, Test_accy 91.08
2024-08-23 21:28:26,025 [trainer.py] => No NME accuracy.
2024-08-23 21:28:26,026 [trainer.py] => CNN: {'total': 91.08, '00-19': 86.55, '20-39': 92.65, '40-59': 94.05, 'old': 89.6, 'new': 94.05}
2024-08-23 21:28:26,026 [trainer.py] => CNN top1 curve: [96.5, 93.6, 91.08]
2024-08-23 21:28:26,026 [trainer.py] => CNN top5 curve: [99.5, 99.35, 99.12]

Average Accuracy (CNN): 93.73
2024-08-23 21:28:26,027 [trainer.py] => Average Accuracy (CNN): 93.73 

2024-08-23 21:28:26,027 [trainer.py] => Train Time: 14535.259999999998
2024-08-23 21:28:26,027 [trainer.py] => Test Time: 90.32 

2024-08-23 21:28:26,030 [trainer.py] => All params: 171816392
2024-08-23 21:28:26,032 [trainer.py] => Trainable params: 122980
2024-08-23 21:28:26,032 [l2p.py] => Learning on 60-80
2024-08-23 22:10:46,685 [l2p.py] => Task 3, Epoch 20/20 => Loss 0.014, Train_accy 90.82, Test_accy 86.86
2024-08-23 22:11:46,232 [trainer.py] => No NME accuracy.
2024-08-23 22:11:46,234 [trainer.py] => CNN: {'total': 86.86, '00-19': 82.35, '20-39': 90.9, '40-59': 82.95, '60-79': 91.25, 'old': 85.4, 'new': 91.25}
2024-08-23 22:11:46,234 [trainer.py] => CNN top1 curve: [96.5, 93.6, 91.08, 86.86]
2024-08-23 22:11:46,234 [trainer.py] => CNN top5 curve: [99.5, 99.35, 99.12, 98.89]

Average Accuracy (CNN): 92.01
2024-08-23 22:11:46,234 [trainer.py] => Average Accuracy (CNN): 92.01 

2024-08-23 22:11:46,234 [trainer.py] => Train Time: 19616.379999999997
2024-08-23 22:11:46,235 [trainer.py] => Test Time: 149.85999999999999 

2024-08-23 22:11:46,237 [trainer.py] => All params: 171816392
2024-08-23 22:11:46,239 [trainer.py] => Trainable params: 122980
2024-08-23 22:11:46,239 [l2p.py] => Learning on 80-100
2024-08-23 22:55:02,165 [l2p.py] => Task 4, Epoch 20/20 => Loss -0.017, Train_accy 92.30, Test_accy 86.02
2024-08-23 22:56:16,046 [trainer.py] => No NME accuracy.
2024-08-23 22:56:16,046 [trainer.py] => CNN: {'total': 86.02, '00-19': 78.25, '20-39': 89.7, '40-59': 81.65, '60-79': 88.9, '80-99': 91.6, 'old': 84.62, 'new': 91.6}
2024-08-23 22:56:16,046 [trainer.py] => CNN top1 curve: [96.5, 93.6, 91.08, 86.86, 86.02]
2024-08-23 22:56:16,046 [trainer.py] => CNN top5 curve: [99.5, 99.35, 99.12, 98.89, 98.58]

Average Accuracy (CNN): 90.81
2024-08-23 22:56:16,046 [trainer.py] => Average Accuracy (CNN): 90.81 

2024-08-23 22:56:16,046 [trainer.py] => Train Time: 24807.91
2024-08-23 22:56:16,046 [trainer.py] => Test Time: 223.73999999999998 

Accuracy Matrix (CNN):
[[96.5  92.1  86.55 82.35 78.25]
 [ 0.   95.1  92.65 90.9  89.7 ]
 [ 0.    0.   94.05 82.95 81.65]
 [ 0.    0.    0.   91.25 88.9 ]
 [ 0.    0.    0.    0.   91.6 ]]
2024-08-23 22:56:16,047 [trainer.py] => Forgetting (CNN): 9.599999999999994
2024-08-23 22:56:27,101 [trainer.py] => config: ./exps/l2p_cifar_B0_Inc10.json
2024-08-23 22:56:27,102 [trainer.py] => prefix:  
2024-08-23 22:56:27,102 [trainer.py] => dataset: cifar224
2024-08-23 22:56:27,102 [trainer.py] => memory_size: 0
2024-08-23 22:56:27,102 [trainer.py] => memory_per_class: 0
2024-08-23 22:56:27,102 [trainer.py] => fixed_memory: False
2024-08-23 22:56:27,102 [trainer.py] => shuffle: True
2024-08-23 22:56:27,102 [trainer.py] => init_cls: 10
2024-08-23 22:56:27,102 [trainer.py] => increment: 10
2024-08-23 22:56:27,102 [trainer.py] => model_name: l2p
2024-08-23 22:56:27,103 [trainer.py] => backbone_type: vit_base_patch16_224_in21k_l2p
2024-08-23 22:56:27,111 [trainer.py] => get_original_backbone: True
2024-08-23 22:56:27,111 [trainer.py] => device: [device(type='cuda', index=0)]
2024-08-23 22:56:27,111 [trainer.py] => seed: 1993
2024-08-23 22:56:27,111 [trainer.py] => tuned_epoch: 20
2024-08-23 22:56:27,111 [trainer.py] => init_lr: 0.001875
2024-08-23 22:56:27,111 [trainer.py] => batch_size: 48
2024-08-23 22:56:27,111 [trainer.py] => weight_decay: 0
2024-08-23 22:56:27,112 [trainer.py] => min_lr: 1e-05
2024-08-23 22:56:27,112 [trainer.py] => optimizer: adam
2024-08-23 22:56:27,112 [trainer.py] => scheduler: constant
2024-08-23 22:56:27,112 [trainer.py] => reinit_optimizer: True
2024-08-23 22:56:27,112 [trainer.py] => global_pool: token
2024-08-23 22:56:27,112 [trainer.py] => head_type: prompt
2024-08-23 22:56:27,112 [trainer.py] => freeze: ['blocks', 'patch_embed', 'cls_token', 'norm', 'pos_embed']
2024-08-23 22:56:27,112 [trainer.py] => pretrained: True
2024-08-23 22:56:27,112 [trainer.py] => drop: 0.0
2024-08-23 22:56:27,113 [trainer.py] => drop_path: 0.0
2024-08-23 22:56:27,113 [trainer.py] => prompt_pool: True
2024-08-23 22:56:27,113 [trainer.py] => size: 10
2024-08-23 22:56:27,113 [trainer.py] => length: 5
2024-08-23 22:56:27,113 [trainer.py] => top_k: 5
2024-08-23 22:56:27,113 [trainer.py] => initializer: uniform
2024-08-23 22:56:27,113 [trainer.py] => prompt_key: True
2024-08-23 22:56:27,113 [trainer.py] => prompt_key_init: uniform
2024-08-23 22:56:27,113 [trainer.py] => use_prompt_mask: False
2024-08-23 22:56:27,114 [trainer.py] => shared_prompt_pool: False
2024-08-23 22:56:27,114 [trainer.py] => shared_prompt_key: False
2024-08-23 22:56:27,114 [trainer.py] => batchwise_prompt: True
2024-08-23 22:56:27,114 [trainer.py] => embedding_key: cls
2024-08-23 22:56:27,114 [trainer.py] => predefined_key: 
2024-08-23 22:56:27,114 [trainer.py] => pull_constraint: True
2024-08-23 22:56:27,114 [trainer.py] => pull_constraint_coeff: 0.1
2024-08-23 22:56:29,040 [data_manager.py] => [68, 56, 78, 8, 23, 84, 90, 65, 74, 76, 40, 89, 3, 92, 55, 9, 26, 80, 43, 38, 58, 70, 77, 1, 85, 19, 17, 50, 28, 53, 13, 81, 45, 82, 6, 59, 83, 16, 15, 44, 91, 41, 72, 60, 79, 52, 20, 10, 31, 54, 37, 95, 14, 71, 96, 98, 97, 2, 64, 66, 42, 22, 35, 86, 24, 34, 87, 21, 99, 0, 88, 27, 18, 94, 11, 12, 47, 25, 30, 46, 62, 69, 36, 61, 7, 63, 75, 5, 32, 4, 51, 48, 73, 93, 39, 67, 29, 49, 57, 33]
2024-08-23 22:56:35,402 [vit_l2p.py] => Resized position embedding: torch.Size([1, 197, 768]) to torch.Size([1, 222, 768])
2024-08-23 22:56:35,403 [vit_l2p.py] => Position embedding grid-size from [14, 14] to (14, 14)
2024-08-23 22:56:40,582 [l2p.py] => 85,940,836 model total parameters.
2024-08-23 22:56:40,583 [l2p.py] => 122,980 model training parameters.
2024-08-23 22:56:40,583 [l2p.py] => prompt.prompt: 38400
2024-08-23 22:56:40,583 [l2p.py] => prompt.prompt_key: 7680
2024-08-23 22:56:40,583 [l2p.py] => head.weight: 76800
2024-08-23 22:56:40,583 [l2p.py] => head.bias: 100
2024-08-23 22:56:40,584 [trainer.py] => All params: 171816392
2024-08-23 22:56:40,585 [trainer.py] => Trainable params: 122980
2024-08-23 22:56:40,585 [l2p.py] => Learning on 0-10
2024-08-23 23:16:38,890 [l2p.py] => Task 0, Epoch 20/20 => Loss -0.031, Train_accy 91.64, Test_accy 97.00
2024-08-23 23:16:47,161 [trainer.py] => No NME accuracy.
2024-08-23 23:16:47,162 [trainer.py] => CNN: {'total': 97.0, '00-09': 97.0, 'old': 0, 'new': 97.0}
2024-08-23 23:16:47,162 [trainer.py] => CNN top1 curve: [97.0]
2024-08-23 23:16:47,162 [trainer.py] => CNN top5 curve: [100.0]

Average Accuracy (CNN): 97.0
2024-08-23 23:16:47,162 [trainer.py] => Average Accuracy (CNN): 97.0 

2024-08-23 23:16:47,162 [trainer.py] => Train Time: 2393.4300000000003
2024-08-23 23:16:47,162 [trainer.py] => Test Time: 8.27 

2024-08-23 23:16:47,165 [trainer.py] => All params: 171816392
2024-08-23 23:16:47,167 [trainer.py] => Trainable params: 122980
2024-08-23 23:16:47,167 [l2p.py] => Learning on 10-20
2024-08-23 23:37:11,211 [l2p.py] => Task 1, Epoch 20/20 => Loss -0.008, Train_accy 91.10, Test_accy 94.90
2024-08-23 23:37:26,566 [trainer.py] => No NME accuracy.
2024-08-23 23:37:26,566 [trainer.py] => CNN: {'total': 94.9, '00-09': 96.6, '10-19': 93.2, 'old': 96.6, 'new': 93.2}
2024-08-23 23:37:26,566 [trainer.py] => CNN top1 curve: [97.0, 94.9]
2024-08-23 23:37:26,567 [trainer.py] => CNN top5 curve: [100.0, 99.65]

Average Accuracy (CNN): 95.95
2024-08-23 23:37:26,567 [trainer.py] => Average Accuracy (CNN): 95.95 

2024-08-23 23:37:26,567 [trainer.py] => Train Time: 4841.42
2024-08-23 23:37:26,567 [trainer.py] => Test Time: 23.619999999999997 

2024-08-23 23:37:26,569 [trainer.py] => All params: 171816392
2024-08-23 23:37:26,571 [trainer.py] => Trainable params: 122980
2024-08-23 23:37:26,571 [l2p.py] => Learning on 20-30
2024-08-23 23:58:16,421 [l2p.py] => Task 2, Epoch 20/20 => Loss -0.111, Train_accy 94.62, Test_accy 93.50
2024-08-23 23:58:38,954 [trainer.py] => No NME accuracy.
2024-08-23 23:58:38,954 [trainer.py] => CNN: {'total': 93.5, '00-09': 92.4, '10-19': 91.0, '20-29': 97.1, 'old': 91.7, 'new': 97.1}
2024-08-23 23:58:38,954 [trainer.py] => CNN top1 curve: [97.0, 94.9, 93.5]
2024-08-23 23:58:38,954 [trainer.py] => CNN top5 curve: [100.0, 99.65, 99.3]

Average Accuracy (CNN): 95.13
2024-08-23 23:58:38,954 [trainer.py] => Average Accuracy (CNN): 95.13 

2024-08-23 23:58:38,954 [trainer.py] => Train Time: 7341.02
2024-08-23 23:58:38,955 [trainer.py] => Test Time: 46.15 

2024-08-23 23:58:38,957 [trainer.py] => All params: 171816392
2024-08-23 23:58:38,959 [trainer.py] => Trainable params: 122980
2024-08-23 23:58:38,959 [l2p.py] => Learning on 30-40
2024-08-24 00:19:59,576 [l2p.py] => Task 3, Epoch 20/20 => Loss -0.064, Train_accy 92.42, Test_accy 92.02
2024-08-24 00:20:29,584 [trainer.py] => No NME accuracy.
2024-08-24 00:20:29,585 [trainer.py] => CNN: {'total': 92.02, '00-09': 90.0, '10-19': 89.9, '20-29': 96.2, '30-39': 92.0, 'old': 92.03, 'new': 92.0}
2024-08-24 00:20:29,585 [trainer.py] => CNN top1 curve: [97.0, 94.9, 93.5, 92.02]
2024-08-24 00:20:29,585 [trainer.py] => CNN top5 curve: [100.0, 99.65, 99.3, 99.2]

Average Accuracy (CNN): 94.35
2024-08-24 00:20:29,586 [trainer.py] => Average Accuracy (CNN): 94.35 

2024-08-24 00:20:29,586 [trainer.py] => Train Time: 9902.050000000001
2024-08-24 00:20:29,586 [trainer.py] => Test Time: 76.16 

2024-08-24 00:20:29,587 [trainer.py] => All params: 171816392
2024-08-24 00:20:29,588 [trainer.py] => Trainable params: 122980
2024-08-24 00:20:29,588 [l2p.py] => Learning on 40-50
2024-08-24 00:42:20,349 [l2p.py] => Task 4, Epoch 20/20 => Loss -0.127, Train_accy 95.42, Test_accy 89.10
2024-08-24 00:42:57,588 [trainer.py] => No NME accuracy.
2024-08-24 00:42:57,589 [trainer.py] => CNN: {'total': 89.1, '00-09': 81.8, '10-19': 85.4, '20-29': 94.7, '30-39': 89.5, '40-49': 94.1, 'old': 87.85, 'new': 94.1}
2024-08-24 00:42:57,590 [trainer.py] => CNN top1 curve: [97.0, 94.9, 93.5, 92.02, 89.1]
2024-08-24 00:42:57,590 [trainer.py] => CNN top5 curve: [100.0, 99.65, 99.3, 99.2, 99.14]

Average Accuracy (CNN): 93.3
2024-08-24 00:42:57,590 [trainer.py] => Average Accuracy (CNN): 93.3 

2024-08-24 00:42:57,590 [trainer.py] => Train Time: 12523.480000000001
2024-08-24 00:42:57,590 [trainer.py] => Test Time: 113.4 

2024-08-24 00:42:57,591 [trainer.py] => All params: 171816392
2024-08-24 00:42:57,593 [trainer.py] => Trainable params: 122980
2024-08-24 00:42:57,593 [l2p.py] => Learning on 50-60
2024-08-24 01:05:15,915 [l2p.py] => Task 5, Epoch 20/20 => Loss -0.100, Train_accy 93.92, Test_accy 88.20
2024-08-24 01:06:00,339 [trainer.py] => No NME accuracy.
2024-08-24 01:06:00,340 [trainer.py] => CNN: {'total': 88.2, '00-09': 79.2, '10-19': 86.0, '20-29': 92.8, '30-39': 87.3, '40-49': 91.7, '50-59': 92.2, 'old': 87.4, 'new': 92.2}
2024-08-24 01:06:00,340 [trainer.py] => CNN top1 curve: [97.0, 94.9, 93.5, 92.02, 89.1, 88.2]
2024-08-24 01:06:00,340 [trainer.py] => CNN top5 curve: [100.0, 99.65, 99.3, 99.2, 99.14, 98.95]

Average Accuracy (CNN): 92.45
2024-08-24 01:06:00,340 [trainer.py] => Average Accuracy (CNN): 92.45 

2024-08-24 01:06:00,340 [trainer.py] => Train Time: 15200.020000000002
2024-08-24 01:06:00,340 [trainer.py] => Test Time: 157.82 

2024-08-24 01:06:00,342 [trainer.py] => All params: 171816392
2024-08-24 01:06:00,343 [trainer.py] => Trainable params: 122980
2024-08-24 01:06:00,343 [l2p.py] => Learning on 60-70
2024-08-24 01:28:49,576 [l2p.py] => Task 6, Epoch 20/20 => Loss -0.134, Train_accy 95.46, Test_accy 87.81
2024-08-24 01:29:41,218 [trainer.py] => No NME accuracy.
2024-08-24 01:29:41,218 [trainer.py] => CNN: {'total': 87.81, '00-09': 77.5, '10-19': 83.6, '20-29': 93.0, '30-39': 87.3, '40-49': 90.2, '50-59': 87.3, '60-69': 95.8, 'old': 86.48, 'new': 95.8}
2024-08-24 01:29:41,219 [trainer.py] => CNN top1 curve: [97.0, 94.9, 93.5, 92.02, 89.1, 88.2, 87.81]
2024-08-24 01:29:41,219 [trainer.py] => CNN top5 curve: [100.0, 99.65, 99.3, 99.2, 99.14, 98.95, 98.83]

Average Accuracy (CNN): 91.79
2024-08-24 01:29:41,219 [trainer.py] => Average Accuracy (CNN): 91.79 

2024-08-24 01:29:41,219 [trainer.py] => Train Time: 17938.370000000003
2024-08-24 01:29:41,219 [trainer.py] => Test Time: 209.45999999999998 

2024-08-24 01:29:41,221 [trainer.py] => All params: 171816392
2024-08-24 01:29:41,223 [trainer.py] => Trainable params: 122980
2024-08-24 01:29:41,223 [l2p.py] => Learning on 70-80
2024-08-24 01:53:00,252 [l2p.py] => Task 7, Epoch 20/20 => Loss -0.102, Train_accy 93.78, Test_accy 85.89
2024-08-24 01:53:59,349 [trainer.py] => No NME accuracy.
2024-08-24 01:53:59,350 [trainer.py] => CNN: {'total': 85.89, '00-09': 74.7, '10-19': 82.4, '20-29': 92.8, '30-39': 85.5, '40-49': 88.0, '50-59': 85.2, '60-69': 94.7, '70-79': 83.8, 'old': 86.19, 'new': 83.8}
2024-08-24 01:53:59,350 [trainer.py] => CNN top1 curve: [97.0, 94.9, 93.5, 92.02, 89.1, 88.2, 87.81, 85.89]
2024-08-24 01:53:59,350 [trainer.py] => CNN top5 curve: [100.0, 99.65, 99.3, 99.2, 99.14, 98.95, 98.83, 98.68]

Average Accuracy (CNN): 91.05
2024-08-24 01:53:59,350 [trainer.py] => Average Accuracy (CNN): 91.05 

2024-08-24 01:53:59,350 [trainer.py] => Train Time: 20736.200000000004
2024-08-24 01:53:59,350 [trainer.py] => Test Time: 268.54999999999995 

2024-08-24 01:53:59,352 [trainer.py] => All params: 171816392
2024-08-24 01:53:59,353 [trainer.py] => Trainable params: 122980
2024-08-24 01:53:59,353 [l2p.py] => Learning on 80-90
2024-08-24 02:17:44,908 [l2p.py] => Task 8, Epoch 20/20 => Loss -0.112, Train_accy 94.46, Test_accy 85.16
2024-08-24 02:18:51,341 [trainer.py] => No NME accuracy.
2024-08-24 02:18:51,341 [trainer.py] => CNN: {'total': 85.16, '00-09': 72.9, '10-19': 82.0, '20-29': 92.3, '30-39': 85.1, '40-49': 87.2, '50-59': 83.1, '60-69': 91.6, '70-79': 82.4, '80-89': 89.8, 'old': 84.58, 'new': 89.8}
2024-08-24 02:18:51,341 [trainer.py] => CNN top1 curve: [97.0, 94.9, 93.5, 92.02, 89.1, 88.2, 87.81, 85.89, 85.16]
2024-08-24 02:18:51,341 [trainer.py] => CNN top5 curve: [100.0, 99.65, 99.3, 99.2, 99.14, 98.95, 98.83, 98.68, 98.44]

Average Accuracy (CNN): 90.4
2024-08-24 02:18:51,341 [trainer.py] => Average Accuracy (CNN): 90.4 

2024-08-24 02:18:51,341 [trainer.py] => Train Time: 23587.190000000006
2024-08-24 02:18:51,342 [trainer.py] => Test Time: 334.97999999999996 

2024-08-24 02:18:51,344 [trainer.py] => All params: 171816392
2024-08-24 02:18:51,346 [trainer.py] => Trainable params: 122980
2024-08-24 02:18:51,346 [l2p.py] => Learning on 90-100
2024-08-24 02:43:04,897 [l2p.py] => Task 9, Epoch 20/20 => Loss -0.082, Train_accy 93.48, Test_accy 85.01
2024-08-24 02:44:19,182 [trainer.py] => No NME accuracy.
2024-08-24 02:44:19,182 [trainer.py] => CNN: {'total': 85.01, '00-09': 70.7, '10-19': 79.9, '20-29': 92.5, '30-39': 84.9, '40-49': 86.7, '50-59': 82.7, '60-69': 90.8, '70-79': 83.2, '80-89': 89.2, '90-99': 89.5, 'old': 84.51, 'new': 89.5}
2024-08-24 02:44:19,182 [trainer.py] => CNN top1 curve: [97.0, 94.9, 93.5, 92.02, 89.1, 88.2, 87.81, 85.89, 85.16, 85.01]
2024-08-24 02:44:19,183 [trainer.py] => CNN top5 curve: [100.0, 99.65, 99.3, 99.2, 99.14, 98.95, 98.83, 98.68, 98.44, 98.2]

Average Accuracy (CNN): 89.86
2024-08-24 02:44:19,183 [trainer.py] => Average Accuracy (CNN): 89.86 

2024-08-24 02:44:19,183 [trainer.py] => Train Time: 26494.120000000006
2024-08-24 02:44:19,183 [trainer.py] => Test Time: 409.26 

Accuracy Matrix (CNN):
[[97.  96.6 92.4 90.  81.8 79.2 77.5 74.7 72.9 70.7]
 [ 0.  93.2 91.  89.9 85.4 86.  83.6 82.4 82.  79.9]
 [ 0.   0.  97.1 96.2 94.7 92.8 93.  92.8 92.3 92.5]
 [ 0.   0.   0.  92.  89.5 87.3 87.3 85.5 85.1 84.9]
 [ 0.   0.   0.   0.  94.1 91.7 90.2 88.  87.2 86.7]
 [ 0.   0.   0.   0.   0.  92.2 87.3 85.2 83.1 82.7]
 [ 0.   0.   0.   0.   0.   0.  95.8 94.7 91.6 90.8]
 [ 0.   0.   0.   0.   0.   0.   0.  83.8 82.4 83.2]
 [ 0.   0.   0.   0.   0.   0.   0.   0.  89.8 89.2]
 [ 0.   0.   0.   0.   0.   0.   0.   0.   0.  89.5]]
2024-08-24 02:44:19,185 [trainer.py] => Forgetting (CNN): 8.266666666666662
2024-08-24 02:44:22,813 [trainer.py] => config: ./exps/l2p_cifar_B0_Inc20.json
2024-08-24 02:44:22,813 [trainer.py] => prefix:  
2024-08-24 02:44:22,813 [trainer.py] => dataset: cifar224
2024-08-24 02:44:22,813 [trainer.py] => memory_size: 0
2024-08-24 02:44:22,813 [trainer.py] => memory_per_class: 0
2024-08-24 02:44:22,813 [trainer.py] => fixed_memory: False
2024-08-24 02:44:22,813 [trainer.py] => shuffle: True
2024-08-24 02:44:22,813 [trainer.py] => init_cls: 5
2024-08-24 02:44:22,813 [trainer.py] => increment: 5
2024-08-24 02:44:22,813 [trainer.py] => model_name: l2p
2024-08-24 02:44:22,813 [trainer.py] => backbone_type: vit_base_patch16_224_in21k_l2p
2024-08-24 02:44:22,818 [trainer.py] => get_original_backbone: True
2024-08-24 02:44:22,818 [trainer.py] => device: [device(type='cuda', index=0)]
2024-08-24 02:44:22,818 [trainer.py] => seed: 1993
2024-08-24 02:44:22,818 [trainer.py] => tuned_epoch: 20
2024-08-24 02:44:22,818 [trainer.py] => init_lr: 0.001875
2024-08-24 02:44:22,818 [trainer.py] => batch_size: 48
2024-08-24 02:44:22,818 [trainer.py] => weight_decay: 0
2024-08-24 02:44:22,818 [trainer.py] => min_lr: 1e-05
2024-08-24 02:44:22,818 [trainer.py] => optimizer: adam
2024-08-24 02:44:22,818 [trainer.py] => scheduler: constant
2024-08-24 02:44:22,818 [trainer.py] => reinit_optimizer: True
2024-08-24 02:44:22,818 [trainer.py] => global_pool: token
2024-08-24 02:44:22,818 [trainer.py] => head_type: prompt
2024-08-24 02:44:22,818 [trainer.py] => freeze: ['blocks', 'patch_embed', 'cls_token', 'norm', 'pos_embed']
2024-08-24 02:44:22,819 [trainer.py] => pretrained: True
2024-08-24 02:44:22,819 [trainer.py] => drop: 0.0
2024-08-24 02:44:22,819 [trainer.py] => drop_path: 0.0
2024-08-24 02:44:22,819 [trainer.py] => prompt_pool: True
2024-08-24 02:44:22,819 [trainer.py] => size: 10
2024-08-24 02:44:22,819 [trainer.py] => length: 5
2024-08-24 02:44:22,819 [trainer.py] => top_k: 5
2024-08-24 02:44:22,819 [trainer.py] => initializer: uniform
2024-08-24 02:44:22,819 [trainer.py] => prompt_key: True
2024-08-24 02:44:22,819 [trainer.py] => prompt_key_init: uniform
2024-08-24 02:44:22,819 [trainer.py] => use_prompt_mask: False
2024-08-24 02:44:22,819 [trainer.py] => shared_prompt_pool: False
2024-08-24 02:44:22,819 [trainer.py] => shared_prompt_key: False
2024-08-24 02:44:22,819 [trainer.py] => batchwise_prompt: True
2024-08-24 02:44:22,819 [trainer.py] => embedding_key: cls
2024-08-24 02:44:22,819 [trainer.py] => predefined_key: 
2024-08-24 02:44:22,819 [trainer.py] => pull_constraint: True
2024-08-24 02:44:22,819 [trainer.py] => pull_constraint_coeff: 0.1
2024-08-24 02:44:24,504 [data_manager.py] => [68, 56, 78, 8, 23, 84, 90, 65, 74, 76, 40, 89, 3, 92, 55, 9, 26, 80, 43, 38, 58, 70, 77, 1, 85, 19, 17, 50, 28, 53, 13, 81, 45, 82, 6, 59, 83, 16, 15, 44, 91, 41, 72, 60, 79, 52, 20, 10, 31, 54, 37, 95, 14, 71, 96, 98, 97, 2, 64, 66, 42, 22, 35, 86, 24, 34, 87, 21, 99, 0, 88, 27, 18, 94, 11, 12, 47, 25, 30, 46, 62, 69, 36, 61, 7, 63, 75, 5, 32, 4, 51, 48, 73, 93, 39, 67, 29, 49, 57, 33]
2024-08-24 02:44:27,424 [vit_l2p.py] => Resized position embedding: torch.Size([1, 197, 768]) to torch.Size([1, 222, 768])
2024-08-24 02:44:27,424 [vit_l2p.py] => Position embedding grid-size from [14, 14] to (14, 14)
2024-08-24 02:44:31,852 [l2p.py] => 85,940,836 model total parameters.
2024-08-24 02:44:31,853 [l2p.py] => 122,980 model training parameters.
2024-08-24 02:44:31,853 [l2p.py] => prompt.prompt: 38400
2024-08-24 02:44:31,853 [l2p.py] => prompt.prompt_key: 7680
2024-08-24 02:44:31,854 [l2p.py] => head.weight: 76800
2024-08-24 02:44:31,854 [l2p.py] => head.bias: 100
2024-08-24 02:44:31,855 [trainer.py] => All params: 171816392
2024-08-24 02:44:31,856 [trainer.py] => Trainable params: 122980
2024-08-24 02:44:31,856 [l2p.py] => Learning on 0-5
2024-08-24 02:54:43,667 [l2p.py] => Task 0, Epoch 20/20 => Loss -0.104, Train_accy 93.68, Test_accy 98.60
2024-08-24 02:54:48,172 [trainer.py] => No NME accuracy.
2024-08-24 02:54:48,173 [trainer.py] => CNN: {'total': 98.6, '00-04': 98.6, 'old': 0, 'new': 98.6}
2024-08-24 02:54:48,173 [trainer.py] => CNN top1 curve: [98.6]
2024-08-24 02:54:48,173 [trainer.py] => CNN top5 curve: [100.0]

Average Accuracy (CNN): 98.6
2024-08-24 02:54:48,173 [trainer.py] => Average Accuracy (CNN): 98.6 

2024-08-24 02:54:48,173 [trainer.py] => Train Time: 1220.48
2024-08-24 02:54:48,173 [trainer.py] => Test Time: 4.5 

2024-08-24 02:54:48,176 [trainer.py] => All params: 171816392
2024-08-24 02:54:48,177 [trainer.py] => Trainable params: 122980
2024-08-24 02:54:48,178 [l2p.py] => Learning on 5-10
2024-08-24 03:05:09,194 [l2p.py] => Task 1, Epoch 20/20 => Loss -0.128, Train_accy 94.12, Test_accy 96.10
2024-08-24 03:05:17,331 [trainer.py] => No NME accuracy.
2024-08-24 03:05:17,332 [trainer.py] => CNN: {'total': 96.1, '00-04': 96.6, '05-09': 95.6, 'old': 96.6, 'new': 95.6}
2024-08-24 03:05:17,332 [trainer.py] => CNN top1 curve: [98.6, 96.1]
2024-08-24 03:05:17,332 [trainer.py] => CNN top5 curve: [100.0, 99.9]

Average Accuracy (CNN): 97.35
2024-08-24 03:05:17,332 [trainer.py] => Average Accuracy (CNN): 97.35 

2024-08-24 03:05:17,332 [trainer.py] => Train Time: 2462.4700000000003
2024-08-24 03:05:17,332 [trainer.py] => Test Time: 12.64 

2024-08-24 03:05:17,334 [trainer.py] => All params: 171816392
2024-08-24 03:05:17,335 [trainer.py] => Trainable params: 122980
2024-08-24 03:05:17,335 [l2p.py] => Learning on 10-15
2024-08-24 03:15:52,855 [l2p.py] => Task 2, Epoch 20/20 => Loss -0.099, Train_accy 93.16, Test_accy 95.40
2024-08-24 03:16:04,512 [trainer.py] => No NME accuracy.
2024-08-24 03:16:04,513 [trainer.py] => CNN: {'total': 95.4, '00-04': 95.8, '05-09': 93.8, '10-14': 96.6, 'old': 94.8, 'new': 96.6}
2024-08-24 03:16:04,513 [trainer.py] => CNN top1 curve: [98.6, 96.1, 95.4]
2024-08-24 03:16:04,513 [trainer.py] => CNN top5 curve: [100.0, 99.9, 99.73]

Average Accuracy (CNN): 96.7
2024-08-24 03:16:04,513 [trainer.py] => Average Accuracy (CNN): 96.7 

2024-08-24 03:16:04,513 [trainer.py] => Train Time: 3733.46
2024-08-24 03:16:04,513 [trainer.py] => Test Time: 24.3 

2024-08-24 03:16:04,514 [trainer.py] => All params: 171816392
2024-08-24 03:16:04,515 [trainer.py] => Trainable params: 122980
2024-08-24 03:16:04,516 [l2p.py] => Learning on 15-20
2024-08-24 03:26:53,944 [l2p.py] => Task 3, Epoch 20/20 => Loss -0.108, Train_accy 93.52, Test_accy 94.25
2024-08-24 03:27:09,465 [trainer.py] => No NME accuracy.
2024-08-24 03:27:09,465 [trainer.py] => CNN: {'total': 94.25, '00-04': 94.8, '05-09': 94.6, '10-14': 96.8, '15-19': 90.8, 'old': 95.4, 'new': 90.8}
2024-08-24 03:27:09,465 [trainer.py] => CNN top1 curve: [98.6, 96.1, 95.4, 94.25]
2024-08-24 03:27:09,465 [trainer.py] => CNN top5 curve: [100.0, 99.9, 99.73, 99.15]

Average Accuracy (CNN): 96.09
2024-08-24 03:27:09,465 [trainer.py] => Average Accuracy (CNN): 96.09 

2024-08-24 03:27:09,465 [trainer.py] => Train Time: 5032.2699999999995
2024-08-24 03:27:09,465 [trainer.py] => Test Time: 39.82 

2024-08-24 03:27:09,467 [trainer.py] => All params: 171816392
2024-08-24 03:27:09,468 [trainer.py] => Trainable params: 122980
2024-08-24 03:27:09,468 [l2p.py] => Learning on 20-25
2024-08-24 03:38:13,676 [l2p.py] => Task 4, Epoch 20/20 => Loss -0.200, Train_accy 97.00, Test_accy 94.04
2024-08-24 03:38:32,708 [trainer.py] => No NME accuracy.
2024-08-24 03:38:32,709 [trainer.py] => CNN: {'total': 94.04, '00-04': 94.8, '05-09': 94.4, '10-14': 95.0, '15-19': 89.0, '20-24': 97.0, 'old': 93.3, 'new': 97.0}
2024-08-24 03:38:32,709 [trainer.py] => CNN top1 curve: [98.6, 96.1, 95.4, 94.25, 94.04]
2024-08-24 03:38:32,710 [trainer.py] => CNN top5 curve: [100.0, 99.9, 99.73, 99.15, 99.12]

Average Accuracy (CNN): 95.68
2024-08-24 03:38:32,710 [trainer.py] => Average Accuracy (CNN): 95.68 

2024-08-24 03:38:32,710 [trainer.py] => Train Time: 6360.639999999999
2024-08-24 03:38:32,710 [trainer.py] => Test Time: 58.85 

2024-08-24 03:38:32,712 [trainer.py] => All params: 171816392
2024-08-24 03:38:32,715 [trainer.py] => Trainable params: 122980
2024-08-24 03:38:32,715 [l2p.py] => Learning on 25-30
2024-08-24 03:49:52,790 [l2p.py] => Task 5, Epoch 20/20 => Loss -0.206, Train_accy 97.28, Test_accy 91.50
2024-08-24 03:50:15,746 [trainer.py] => No NME accuracy.
2024-08-24 03:50:15,746 [trainer.py] => CNN: {'total': 91.5, '00-04': 94.6, '05-09': 81.8, '10-14': 92.8, '15-19': 85.8, '20-24': 97.0, '25-29': 97.0, 'old': 90.4, 'new': 97.0}
2024-08-24 03:50:15,746 [trainer.py] => CNN top1 curve: [98.6, 96.1, 95.4, 94.25, 94.04, 91.5]
2024-08-24 03:50:15,746 [trainer.py] => CNN top5 curve: [100.0, 99.9, 99.73, 99.15, 99.12, 98.93]

Average Accuracy (CNN): 94.98
2024-08-24 03:50:15,747 [trainer.py] => Average Accuracy (CNN): 94.98 

2024-08-24 03:50:15,747 [trainer.py] => Train Time: 7720.619999999999
2024-08-24 03:50:15,747 [trainer.py] => Test Time: 81.8 

2024-08-24 03:50:15,749 [trainer.py] => All params: 171816392
2024-08-24 03:50:15,751 [trainer.py] => Trainable params: 122980
2024-08-24 03:50:15,751 [l2p.py] => Learning on 30-35
2024-08-24 04:01:50,693 [l2p.py] => Task 6, Epoch 20/20 => Loss -0.132, Train_accy 93.88, Test_accy 89.60
2024-08-24 04:02:16,955 [trainer.py] => No NME accuracy.
2024-08-24 04:02:16,956 [trainer.py] => CNN: {'total': 89.6, '00-04': 94.4, '05-09': 82.0, '10-14': 93.2, '15-19': 86.4, '20-24': 95.4, '25-29': 97.0, '30-34': 78.8, 'old': 91.4, 'new': 78.8}
2024-08-24 04:02:16,956 [trainer.py] => CNN top1 curve: [98.6, 96.1, 95.4, 94.25, 94.04, 91.5, 89.6]
2024-08-24 04:02:16,956 [trainer.py] => CNN top5 curve: [100.0, 99.9, 99.73, 99.15, 99.12, 98.93, 98.83]

Average Accuracy (CNN): 94.21
2024-08-24 04:02:16,956 [trainer.py] => Average Accuracy (CNN): 94.21 

2024-08-24 04:02:16,956 [trainer.py] => Train Time: 9110.389999999998
2024-08-24 04:02:16,956 [trainer.py] => Test Time: 108.06 

2024-08-24 04:02:16,957 [trainer.py] => All params: 171816392
2024-08-24 04:02:16,958 [trainer.py] => Trainable params: 122980
2024-08-24 04:02:16,958 [l2p.py] => Learning on 35-40
2024-08-24 04:14:06,588 [l2p.py] => Task 7, Epoch 20/20 => Loss -0.194, Train_accy 97.00, Test_accy 89.35
2024-08-24 04:14:36,486 [trainer.py] => No NME accuracy.
2024-08-24 04:14:36,487 [trainer.py] => CNN: {'total': 89.35, '00-04': 90.8, '05-09': 80.8, '10-14': 91.2, '15-19': 85.2, '20-24': 95.0, '25-29': 96.6, '30-34': 78.8, '35-39': 96.4, 'old': 88.34, 'new': 96.4}
2024-08-24 04:14:36,487 [trainer.py] => CNN top1 curve: [98.6, 96.1, 95.4, 94.25, 94.04, 91.5, 89.6, 89.35]
2024-08-24 04:14:36,487 [trainer.py] => CNN top5 curve: [100.0, 99.9, 99.73, 99.15, 99.12, 98.93, 98.83, 98.65]

Average Accuracy (CNN): 93.61
2024-08-24 04:14:36,487 [trainer.py] => Average Accuracy (CNN): 93.61 

2024-08-24 04:14:36,487 [trainer.py] => Train Time: 10529.589999999998
2024-08-24 04:14:36,487 [trainer.py] => Test Time: 137.96 

2024-08-24 04:14:36,490 [trainer.py] => All params: 171816392
2024-08-24 04:14:36,491 [trainer.py] => Trainable params: 122980
2024-08-24 04:14:36,491 [l2p.py] => Learning on 40-45
2024-08-24 04:26:40,116 [l2p.py] => Task 8, Epoch 20/20 => Loss -0.153, Train_accy 95.76, Test_accy 87.20
2024-08-24 04:27:13,616 [trainer.py] => No NME accuracy.
2024-08-24 04:27:13,616 [trainer.py] => CNN: {'total': 87.2, '00-04': 79.6, '05-09': 81.8, '10-14': 81.2, '15-19': 84.0, '20-24': 95.0, '25-29': 95.8, '30-34': 76.8, '35-39': 96.6, '40-44': 94.0, 'old': 86.35, 'new': 94.0}
2024-08-24 04:27:13,616 [trainer.py] => CNN top1 curve: [98.6, 96.1, 95.4, 94.25, 94.04, 91.5, 89.6, 89.35, 87.2]
2024-08-24 04:27:13,616 [trainer.py] => CNN top5 curve: [100.0, 99.9, 99.73, 99.15, 99.12, 98.93, 98.83, 98.65, 98.42]

Average Accuracy (CNN): 92.89
2024-08-24 04:27:13,616 [trainer.py] => Average Accuracy (CNN): 92.89 

2024-08-24 04:27:13,616 [trainer.py] => Train Time: 11976.669999999998
2024-08-24 04:27:13,616 [trainer.py] => Test Time: 171.46 

2024-08-24 04:27:13,618 [trainer.py] => All params: 171816392
2024-08-24 04:27:13,619 [trainer.py] => Trainable params: 122980
2024-08-24 04:27:13,619 [l2p.py] => Learning on 45-50
2024-08-24 04:39:29,819 [l2p.py] => Task 9, Epoch 20/20 => Loss -0.210, Train_accy 97.40, Test_accy 86.28
2024-08-24 04:40:07,284 [trainer.py] => No NME accuracy.
2024-08-24 04:40:07,284 [trainer.py] => CNN: {'total': 86.28, '00-04': 79.2, '05-09': 79.8, '10-14': 78.0, '15-19': 83.4, '20-24': 94.6, '25-29': 95.0, '30-34': 75.4, '35-39': 91.8, '40-44': 92.2, '45-49': 93.4, 'old': 85.49, 'new': 93.4}
2024-08-24 04:40:07,284 [trainer.py] => CNN top1 curve: [98.6, 96.1, 95.4, 94.25, 94.04, 91.5, 89.6, 89.35, 87.2, 86.28]
2024-08-24 04:40:07,284 [trainer.py] => CNN top5 curve: [100.0, 99.9, 99.73, 99.15, 99.12, 98.93, 98.83, 98.65, 98.42, 98.54]

Average Accuracy (CNN): 92.23
2024-08-24 04:40:07,285 [trainer.py] => Average Accuracy (CNN): 92.23 

2024-08-24 04:40:07,285 [trainer.py] => Train Time: 13448.999999999998
2024-08-24 04:40:07,285 [trainer.py] => Test Time: 208.92000000000002 

2024-08-24 04:40:07,286 [trainer.py] => All params: 171816392
2024-08-24 04:40:07,287 [trainer.py] => Trainable params: 122980
2024-08-24 04:40:07,287 [l2p.py] => Learning on 50-55
2024-08-24 04:52:44,590 [l2p.py] => Task 10, Epoch 20/20 => Loss -0.198, Train_accy 96.92, Test_accy 85.62
2024-08-24 04:53:25,832 [trainer.py] => No NME accuracy.
2024-08-24 04:53:25,832 [trainer.py] => CNN: {'total': 85.62, '00-04': 75.6, '05-09': 80.6, '10-14': 76.2, '15-19': 83.8, '20-24': 93.2, '25-29': 93.8, '30-34': 75.0, '35-39': 92.0, '40-44': 92.6, '45-49': 91.8, '50-54': 87.2, 'old': 85.46, 'new': 87.2}
2024-08-24 04:53:25,832 [trainer.py] => CNN top1 curve: [98.6, 96.1, 95.4, 94.25, 94.04, 91.5, 89.6, 89.35, 87.2, 86.28, 85.62]
2024-08-24 04:53:25,833 [trainer.py] => CNN top5 curve: [100.0, 99.9, 99.73, 99.15, 99.12, 98.93, 98.83, 98.65, 98.42, 98.54, 98.33]

Average Accuracy (CNN): 91.63
2024-08-24 04:53:25,833 [trainer.py] => Average Accuracy (CNN): 91.63 

2024-08-24 04:53:25,833 [trainer.py] => Train Time: 14963.529999999999
2024-08-24 04:53:25,833 [trainer.py] => Test Time: 250.16000000000003 

2024-08-24 04:53:25,836 [trainer.py] => All params: 171816392
2024-08-24 04:53:25,838 [trainer.py] => Trainable params: 122980
2024-08-24 04:53:25,838 [l2p.py] => Learning on 55-60
2024-08-24 05:06:15,129 [l2p.py] => Task 11, Epoch 20/20 => Loss -0.098, Train_accy 93.00, Test_accy 85.80
2024-08-24 05:06:59,777 [trainer.py] => No NME accuracy.
2024-08-24 05:06:59,778 [trainer.py] => CNN: {'total': 85.8, '00-04': 78.2, '05-09': 80.2, '10-14': 76.0, '15-19': 83.6, '20-24': 92.6, '25-29': 93.8, '30-34': 74.6, '35-39': 92.6, '40-44': 91.4, '45-49': 90.6, '50-54': 84.8, '55-59': 91.2, 'old': 85.31, 'new': 91.2}
2024-08-24 05:06:59,778 [trainer.py] => CNN top1 curve: [98.6, 96.1, 95.4, 94.25, 94.04, 91.5, 89.6, 89.35, 87.2, 86.28, 85.62, 85.8]
2024-08-24 05:06:59,778 [trainer.py] => CNN top5 curve: [100.0, 99.9, 99.73, 99.15, 99.12, 98.93, 98.83, 98.65, 98.42, 98.54, 98.33, 98.12]

Average Accuracy (CNN): 91.15
2024-08-24 05:06:59,778 [trainer.py] => Average Accuracy (CNN): 91.15 

2024-08-24 05:06:59,778 [trainer.py] => Train Time: 16502.0
2024-08-24 05:06:59,778 [trainer.py] => Test Time: 294.81 

2024-08-24 05:06:59,781 [trainer.py] => All params: 171816392
2024-08-24 05:06:59,783 [trainer.py] => Trainable params: 122980
2024-08-24 05:06:59,783 [l2p.py] => Learning on 60-65
2024-08-24 05:20:01,445 [l2p.py] => Task 12, Epoch 20/20 => Loss -0.193, Train_accy 96.92, Test_accy 85.00
2024-08-24 05:20:49,760 [trainer.py] => No NME accuracy.
2024-08-24 05:20:49,761 [trainer.py] => CNN: {'total': 85.0, '00-04': 80.2, '05-09': 80.2, '10-14': 76.2, '15-19': 79.2, '20-24': 91.8, '25-29': 93.2, '30-34': 75.2, '35-39': 91.8, '40-44': 90.2, '45-49': 91.4, '50-54': 83.2, '55-59': 78.4, '60-64': 94.0, 'old': 84.25, 'new': 94.0}
2024-08-24 05:20:49,761 [trainer.py] => CNN top1 curve: [98.6, 96.1, 95.4, 94.25, 94.04, 91.5, 89.6, 89.35, 87.2, 86.28, 85.62, 85.8, 85.0]
2024-08-24 05:20:49,761 [trainer.py] => CNN top5 curve: [100.0, 99.9, 99.73, 99.15, 99.12, 98.93, 98.83, 98.65, 98.42, 98.54, 98.33, 98.12, 98.02]

Average Accuracy (CNN): 90.67
2024-08-24 05:20:49,761 [trainer.py] => Average Accuracy (CNN): 90.67 

2024-08-24 05:20:49,761 [trainer.py] => Train Time: 18065.13
2024-08-24 05:20:49,761 [trainer.py] => Test Time: 343.12 

2024-08-24 05:20:49,763 [trainer.py] => All params: 171816392
2024-08-24 05:20:49,764 [trainer.py] => Trainable params: 122980
2024-08-24 05:20:49,764 [l2p.py] => Learning on 65-70
2024-08-24 05:34:05,458 [l2p.py] => Task 13, Epoch 20/20 => Loss -0.186, Train_accy 96.92, Test_accy 84.64
2024-08-24 05:34:57,303 [trainer.py] => No NME accuracy.
2024-08-24 05:34:57,304 [trainer.py] => CNN: {'total': 84.64, '00-04': 74.0, '05-09': 78.8, '10-14': 73.6, '15-19': 77.8, '20-24': 92.2, '25-29': 91.8, '30-34': 74.6, '35-39': 91.0, '40-44': 90.8, '45-49': 90.8, '50-54': 81.6, '55-59': 77.6, '60-64': 92.6, '65-69': 97.8, 'old': 83.63, 'new': 97.8}
2024-08-24 05:34:57,304 [trainer.py] => CNN top1 curve: [98.6, 96.1, 95.4, 94.25, 94.04, 91.5, 89.6, 89.35, 87.2, 86.28, 85.62, 85.8, 85.0, 84.64]
2024-08-24 05:34:57,304 [trainer.py] => CNN top5 curve: [100.0, 99.9, 99.73, 99.15, 99.12, 98.93, 98.83, 98.65, 98.42, 98.54, 98.33, 98.12, 98.02, 97.79]

Average Accuracy (CNN): 90.24
2024-08-24 05:34:57,304 [trainer.py] => Average Accuracy (CNN): 90.24 

2024-08-24 05:34:57,304 [trainer.py] => Train Time: 19656.430000000004
2024-08-24 05:34:57,304 [trainer.py] => Test Time: 394.96000000000004 

2024-08-24 05:34:57,306 [trainer.py] => All params: 171816392
2024-08-24 05:34:57,308 [trainer.py] => Trainable params: 122980
2024-08-24 05:34:57,308 [l2p.py] => Learning on 70-75
2024-08-24 05:48:28,767 [l2p.py] => Task 14, Epoch 20/20 => Loss -0.192, Train_accy 96.76, Test_accy 82.77
2024-08-24 05:49:24,376 [trainer.py] => No NME accuracy.
2024-08-24 05:49:24,377 [trainer.py] => CNN: {'total': 82.77, '00-04': 72.0, '05-09': 78.4, '10-14': 73.4, '15-19': 78.8, '20-24': 93.0, '25-29': 91.8, '30-34': 75.0, '35-39': 90.0, '40-44': 90.8, '45-49': 90.8, '50-54': 81.8, '55-59': 65.8, '60-64': 80.8, '65-69': 96.8, '70-74': 82.4, 'old': 82.8, 'new': 82.4}
2024-08-24 05:49:24,377 [trainer.py] => CNN top1 curve: [98.6, 96.1, 95.4, 94.25, 94.04, 91.5, 89.6, 89.35, 87.2, 86.28, 85.62, 85.8, 85.0, 84.64, 82.77]
2024-08-24 05:49:24,377 [trainer.py] => CNN top5 curve: [100.0, 99.9, 99.73, 99.15, 99.12, 98.93, 98.83, 98.65, 98.42, 98.54, 98.33, 98.12, 98.02, 97.79, 98.07]

Average Accuracy (CNN): 89.74
2024-08-24 05:49:24,377 [trainer.py] => Average Accuracy (CNN): 89.74 

2024-08-24 05:49:24,377 [trainer.py] => Train Time: 21279.250000000004
2024-08-24 05:49:24,377 [trainer.py] => Test Time: 450.57000000000005 

2024-08-24 05:49:24,378 [trainer.py] => All params: 171816392
2024-08-24 05:49:24,379 [trainer.py] => Trainable params: 122980
2024-08-24 05:49:24,379 [l2p.py] => Learning on 75-80
2024-08-24 06:03:12,042 [l2p.py] => Task 15, Epoch 20/20 => Loss -0.210, Train_accy 97.28, Test_accy 81.78
2024-08-24 06:04:11,283 [trainer.py] => No NME accuracy.
2024-08-24 06:04:11,283 [trainer.py] => CNN: {'total': 81.78, '00-04': 71.0, '05-09': 80.6, '10-14': 73.2, '15-19': 78.4, '20-24': 91.4, '25-29': 91.8, '30-34': 75.2, '35-39': 89.6, '40-44': 90.2, '45-49': 90.2, '50-54': 73.8, '55-59': 67.0, '60-64': 80.6, '65-69': 96.8, '70-74': 84.2, '75-79': 74.4, 'old': 82.27, 'new': 74.4}
2024-08-24 06:04:11,283 [trainer.py] => CNN top1 curve: [98.6, 96.1, 95.4, 94.25, 94.04, 91.5, 89.6, 89.35, 87.2, 86.28, 85.62, 85.8, 85.0, 84.64, 82.77, 81.78]
2024-08-24 06:04:11,283 [trainer.py] => CNN top5 curve: [100.0, 99.9, 99.73, 99.15, 99.12, 98.93, 98.83, 98.65, 98.42, 98.54, 98.33, 98.12, 98.02, 97.79, 98.07, 97.95]

Average Accuracy (CNN): 89.25
2024-08-24 06:04:11,283 [trainer.py] => Average Accuracy (CNN): 89.25 

2024-08-24 06:04:11,284 [trainer.py] => Train Time: 22934.49
2024-08-24 06:04:11,284 [trainer.py] => Test Time: 509.81000000000006 

2024-08-24 06:04:11,285 [trainer.py] => All params: 171816392
2024-08-24 06:04:11,286 [trainer.py] => Trainable params: 122980
2024-08-24 06:04:11,286 [l2p.py] => Learning on 80-85
2024-08-24 06:18:09,632 [l2p.py] => Task 16, Epoch 20/20 => Loss -0.229, Train_accy 98.40, Test_accy 80.34
2024-08-24 06:19:12,050 [trainer.py] => No NME accuracy.
2024-08-24 06:19:12,050 [trainer.py] => CNN: {'total': 80.34, '00-04': 72.4, '05-09': 75.8, '10-14': 72.0, '15-19': 77.4, '20-24': 91.2, '25-29': 90.6, '30-34': 72.8, '35-39': 89.2, '40-44': 88.4, '45-49': 89.0, '50-54': 71.0, '55-59': 65.2, '60-64': 77.6, '65-69': 96.4, '70-74': 82.4, '75-79': 70.6, '80-84': 83.8, 'old': 80.12, 'new': 83.8}
2024-08-24 06:19:12,050 [trainer.py] => CNN top1 curve: [98.6, 96.1, 95.4, 94.25, 94.04, 91.5, 89.6, 89.35, 87.2, 86.28, 85.62, 85.8, 85.0, 84.64, 82.77, 81.78, 80.34]
2024-08-24 06:19:12,051 [trainer.py] => CNN top5 curve: [100.0, 99.9, 99.73, 99.15, 99.12, 98.93, 98.83, 98.65, 98.42, 98.54, 98.33, 98.12, 98.02, 97.79, 98.07, 97.95, 97.71]

Average Accuracy (CNN): 88.72
2024-08-24 06:19:12,051 [trainer.py] => Average Accuracy (CNN): 88.72 

2024-08-24 06:19:12,051 [trainer.py] => Train Time: 24611.100000000002
2024-08-24 06:19:12,051 [trainer.py] => Test Time: 572.23 

2024-08-24 06:19:12,053 [trainer.py] => All params: 171816392
2024-08-24 06:19:12,055 [trainer.py] => Trainable params: 122980
2024-08-24 06:19:12,055 [l2p.py] => Learning on 85-90
2024-08-24 06:33:24,658 [l2p.py] => Task 17, Epoch 20/20 => Loss -0.116, Train_accy 93.60, Test_accy 80.43
2024-08-24 06:34:30,851 [trainer.py] => No NME accuracy.
2024-08-24 06:34:30,852 [trainer.py] => CNN: {'total': 80.43, '00-04': 68.8, '05-09': 77.2, '10-14': 72.0, '15-19': 77.4, '20-24': 92.4, '25-29': 91.8, '30-34': 74.4, '35-39': 88.2, '40-44': 89.8, '45-49': 88.6, '50-54': 72.4, '55-59': 65.4, '60-64': 76.8, '65-69': 95.6, '70-74': 84.4, '75-79': 71.2, '80-84': 85.2, '85-89': 76.2, 'old': 80.68, 'new': 76.2}
2024-08-24 06:34:30,852 [trainer.py] => CNN top1 curve: [98.6, 96.1, 95.4, 94.25, 94.04, 91.5, 89.6, 89.35, 87.2, 86.28, 85.62, 85.8, 85.0, 84.64, 82.77, 81.78, 80.34, 80.43]
2024-08-24 06:34:30,852 [trainer.py] => CNN top5 curve: [100.0, 99.9, 99.73, 99.15, 99.12, 98.93, 98.83, 98.65, 98.42, 98.54, 98.33, 98.12, 98.02, 97.79, 98.07, 97.95, 97.71, 97.61]

Average Accuracy (CNN): 88.26
2024-08-24 06:34:30,852 [trainer.py] => Average Accuracy (CNN): 88.26 

2024-08-24 06:34:30,852 [trainer.py] => Train Time: 26316.190000000002
2024-08-24 06:34:30,852 [trainer.py] => Test Time: 638.4200000000001 

2024-08-24 06:34:30,854 [trainer.py] => All params: 171816392
2024-08-24 06:34:30,855 [trainer.py] => Trainable params: 122980
2024-08-24 06:34:30,855 [l2p.py] => Learning on 90-95
2024-08-24 06:49:01,319 [l2p.py] => Task 18, Epoch 20/20 => Loss -0.182, Train_accy 96.48, Test_accy 81.18
2024-08-24 06:50:11,767 [trainer.py] => No NME accuracy.
2024-08-24 06:50:11,767 [trainer.py] => CNN: {'total': 81.18, '00-04': 68.0, '05-09': 78.4, '10-14': 73.2, '15-19': 77.4, '20-24': 92.8, '25-29': 90.6, '30-34': 74.8, '35-39': 89.0, '40-44': 89.4, '45-49': 88.6, '50-54': 71.4, '55-59': 67.0, '60-64': 77.4, '65-69': 95.8, '70-74': 85.6, '75-79': 71.0, '80-84': 84.2, '85-89': 74.6, '90-94': 93.2, 'old': 80.51, 'new': 93.2}
2024-08-24 06:50:11,767 [trainer.py] => CNN top1 curve: [98.6, 96.1, 95.4, 94.25, 94.04, 91.5, 89.6, 89.35, 87.2, 86.28, 85.62, 85.8, 85.0, 84.64, 82.77, 81.78, 80.34, 80.43, 81.18]
2024-08-24 06:50:11,767 [trainer.py] => CNN top5 curve: [100.0, 99.9, 99.73, 99.15, 99.12, 98.93, 98.83, 98.65, 98.42, 98.54, 98.33, 98.12, 98.02, 97.79, 98.07, 97.95, 97.71, 97.61, 97.23]

Average Accuracy (CNN): 87.89
2024-08-24 06:50:11,767 [trainer.py] => Average Accuracy (CNN): 87.89 

2024-08-24 06:50:11,768 [trainer.py] => Train Time: 28057.02
2024-08-24 06:50:11,768 [trainer.py] => Test Time: 708.8700000000001 

2024-08-24 06:50:11,770 [trainer.py] => All params: 171816392
2024-08-24 06:50:11,771 [trainer.py] => Trainable params: 122980
2024-08-24 06:50:11,771 [l2p.py] => Learning on 95-100
2024-08-24 07:04:58,605 [l2p.py] => Task 19, Epoch 20/20 => Loss -0.184, Train_accy 96.24, Test_accy 81.66
2024-08-24 07:06:12,980 [trainer.py] => No NME accuracy.
2024-08-24 07:06:12,981 [trainer.py] => CNN: {'total': 81.66, '00-04': 68.2, '05-09': 78.0, '10-14': 73.2, '15-19': 79.8, '20-24': 92.6, '25-29': 90.6, '30-34': 76.0, '35-39': 89.2, '40-44': 91.0, '45-49': 86.6, '50-54': 74.2, '55-59': 69.0, '60-64': 76.8, '65-69': 94.8, '70-74': 87.0, '75-79': 72.2, '80-84': 86.0, '85-89': 72.2, '90-94': 92.8, '95-99': 83.0, 'old': 81.59, 'new': 83.0}
2024-08-24 07:06:12,981 [trainer.py] => CNN top1 curve: [98.6, 96.1, 95.4, 94.25, 94.04, 91.5, 89.6, 89.35, 87.2, 86.28, 85.62, 85.8, 85.0, 84.64, 82.77, 81.78, 80.34, 80.43, 81.18, 81.66]
2024-08-24 07:06:12,981 [trainer.py] => CNN top5 curve: [100.0, 99.9, 99.73, 99.15, 99.12, 98.93, 98.83, 98.65, 98.42, 98.54, 98.33, 98.12, 98.02, 97.79, 98.07, 97.95, 97.71, 97.61, 97.23, 97.25]

Average Accuracy (CNN): 87.58
2024-08-24 07:06:12,981 [trainer.py] => Average Accuracy (CNN): 87.58 

2024-08-24 07:06:12,981 [trainer.py] => Train Time: 29830.59
2024-08-24 07:06:12,981 [trainer.py] => Test Time: 783.2400000000001 

Accuracy Matrix (CNN):
[[98.6 96.6 95.8 94.8 94.8 94.6 94.4 90.8 79.6 79.2 75.6 78.2 80.2 74.
  72.  71.  72.4 68.8 68.  68.2]
 [ 0.  95.6 93.8 94.6 94.4 81.8 82.  80.8 81.8 79.8 80.6 80.2 80.2 78.8
  78.4 80.6 75.8 77.2 78.4 78. ]
 [ 0.   0.  96.6 96.8 95.  92.8 93.2 91.2 81.2 78.  76.2 76.  76.2 73.6
  73.4 73.2 72.  72.  73.2 73.2]
 [ 0.   0.   0.  90.8 89.  85.8 86.4 85.2 84.  83.4 83.8 83.6 79.2 77.8
  78.8 78.4 77.4 77.4 77.4 79.8]
 [ 0.   0.   0.   0.  97.  97.  95.4 95.  95.  94.6 93.2 92.6 91.8 92.2
  93.  91.4 91.2 92.4 92.8 92.6]
 [ 0.   0.   0.   0.   0.  97.  97.  96.6 95.8 95.  93.8 93.8 93.2 91.8
  91.8 91.8 90.6 91.8 90.6 90.6]
 [ 0.   0.   0.   0.   0.   0.  78.8 78.8 76.8 75.4 75.  74.6 75.2 74.6
  75.  75.2 72.8 74.4 74.8 76. ]
 [ 0.   0.   0.   0.   0.   0.   0.  96.4 96.6 91.8 92.  92.6 91.8 91.
  90.  89.6 89.2 88.2 89.  89.2]
 [ 0.   0.   0.   0.   0.   0.   0.   0.  94.  92.2 92.6 91.4 90.2 90.8
  90.8 90.2 88.4 89.8 89.4 91. ]
 [ 0.   0.   0.   0.   0.   0.   0.   0.   0.  93.4 91.8 90.6 91.4 90.8
  90.8 90.2 89.  88.6 88.6 86.6]
 [ 0.   0.   0.   0.   0.   0.   0.   0.   0.   0.  87.2 84.8 83.2 81.6
  81.8 73.8 71.  72.4 71.4 74.2]
 [ 0.   0.   0.   0.   0.   0.   0.   0.   0.   0.   0.  91.2 78.4 77.6
  65.8 67.  65.2 65.4 67.  69. ]
 [ 0.   0.   0.   0.   0.   0.   0.   0.   0.   0.   0.   0.  94.  92.6
  80.8 80.6 77.6 76.8 77.4 76.8]
 [ 0.   0.   0.   0.   0.   0.   0.   0.   0.   0.   0.   0.   0.  97.8
  96.8 96.8 96.4 95.6 95.8 94.8]
 [ 0.   0.   0.   0.   0.   0.   0.   0.   0.   0.   0.   0.   0.   0.
  82.4 84.2 82.4 84.4 85.6 87. ]
 [ 0.   0.   0.   0.   0.   0.   0.   0.   0.   0.   0.   0.   0.   0.
   0.  74.4 70.6 71.2 71.  72.2]
 [ 0.   0.   0.   0.   0.   0.   0.   0.   0.   0.   0.   0.   0.   0.
   0.   0.  83.8 85.2 84.2 86. ]
 [ 0.   0.   0.   0.   0.   0.   0.   0.   0.   0.   0.   0.   0.   0.
   0.   0.   0.  76.2 74.6 72.2]
 [ 0.   0.   0.   0.   0.   0.   0.   0.   0.   0.   0.   0.   0.   0.
   0.   0.   0.   0.  93.2 92.8]
 [ 0.   0.   0.   0.   0.   0.   0.   0.   0.   0.   0.   0.   0.   0.
   0.   0.   0.   0.   0.  83. ]]
2024-08-24 07:06:12,984 [trainer.py] => Forgetting (CNN): 9.23157894736842
2024-08-24 07:06:16,546 [trainer.py] => config: ./exps/l2p_cifar_B50_Inc5.json
2024-08-24 07:06:16,546 [trainer.py] => prefix:  
2024-08-24 07:06:16,546 [trainer.py] => dataset: cifar224
2024-08-24 07:06:16,546 [trainer.py] => memory_size: 0
2024-08-24 07:06:16,546 [trainer.py] => memory_per_class: 0
2024-08-24 07:06:16,546 [trainer.py] => fixed_memory: False
2024-08-24 07:06:16,546 [trainer.py] => shuffle: True
2024-08-24 07:06:16,546 [trainer.py] => init_cls: 50
2024-08-24 07:06:16,546 [trainer.py] => increment: 10
2024-08-24 07:06:16,546 [trainer.py] => model_name: l2p
2024-08-24 07:06:16,546 [trainer.py] => backbone_type: vit_base_patch16_224_in21k_l2p
2024-08-24 07:06:16,553 [trainer.py] => get_original_backbone: True
2024-08-24 07:06:16,553 [trainer.py] => device: [device(type='cuda', index=0)]
2024-08-24 07:06:16,553 [trainer.py] => seed: 1993
2024-08-24 07:06:16,553 [trainer.py] => tuned_epoch: 20
2024-08-24 07:06:16,553 [trainer.py] => init_lr: 0.001875
2024-08-24 07:06:16,553 [trainer.py] => batch_size: 48
2024-08-24 07:06:16,553 [trainer.py] => weight_decay: 0
2024-08-24 07:06:16,553 [trainer.py] => min_lr: 1e-05
2024-08-24 07:06:16,553 [trainer.py] => optimizer: adam
2024-08-24 07:06:16,553 [trainer.py] => scheduler: constant
2024-08-24 07:06:16,553 [trainer.py] => reinit_optimizer: True
2024-08-24 07:06:16,553 [trainer.py] => global_pool: token
2024-08-24 07:06:16,553 [trainer.py] => head_type: prompt
2024-08-24 07:06:16,553 [trainer.py] => freeze: ['blocks', 'patch_embed', 'cls_token', 'norm', 'pos_embed']
2024-08-24 07:06:16,553 [trainer.py] => pretrained: True
2024-08-24 07:06:16,553 [trainer.py] => drop: 0.0
2024-08-24 07:06:16,553 [trainer.py] => drop_path: 0.0
2024-08-24 07:06:16,554 [trainer.py] => prompt_pool: True
2024-08-24 07:06:16,554 [trainer.py] => size: 10
2024-08-24 07:06:16,554 [trainer.py] => length: 5
2024-08-24 07:06:16,554 [trainer.py] => top_k: 5
2024-08-24 07:06:16,554 [trainer.py] => initializer: uniform
2024-08-24 07:06:16,554 [trainer.py] => prompt_key: True
2024-08-24 07:06:16,554 [trainer.py] => prompt_key_init: uniform
2024-08-24 07:06:16,554 [trainer.py] => use_prompt_mask: False
2024-08-24 07:06:16,554 [trainer.py] => shared_prompt_pool: False
2024-08-24 07:06:16,554 [trainer.py] => shared_prompt_key: False
2024-08-24 07:06:16,554 [trainer.py] => batchwise_prompt: True
2024-08-24 07:06:16,554 [trainer.py] => embedding_key: cls
2024-08-24 07:06:16,554 [trainer.py] => predefined_key: 
2024-08-24 07:06:16,554 [trainer.py] => pull_constraint: True
2024-08-24 07:06:16,554 [trainer.py] => pull_constraint_coeff: 0.1
2024-08-24 07:06:18,229 [data_manager.py] => [68, 56, 78, 8, 23, 84, 90, 65, 74, 76, 40, 89, 3, 92, 55, 9, 26, 80, 43, 38, 58, 70, 77, 1, 85, 19, 17, 50, 28, 53, 13, 81, 45, 82, 6, 59, 83, 16, 15, 44, 91, 41, 72, 60, 79, 52, 20, 10, 31, 54, 37, 95, 14, 71, 96, 98, 97, 2, 64, 66, 42, 22, 35, 86, 24, 34, 87, 21, 99, 0, 88, 27, 18, 94, 11, 12, 47, 25, 30, 46, 62, 69, 36, 61, 7, 63, 75, 5, 32, 4, 51, 48, 73, 93, 39, 67, 29, 49, 57, 33]
2024-08-24 07:06:20,604 [vit_l2p.py] => Resized position embedding: torch.Size([1, 197, 768]) to torch.Size([1, 222, 768])
2024-08-24 07:06:20,605 [vit_l2p.py] => Position embedding grid-size from [14, 14] to (14, 14)
2024-08-24 07:06:25,050 [l2p.py] => 85,940,836 model total parameters.
2024-08-24 07:06:25,051 [l2p.py] => 122,980 model training parameters.
2024-08-24 07:06:25,051 [l2p.py] => prompt.prompt: 38400
2024-08-24 07:06:25,051 [l2p.py] => prompt.prompt_key: 7680
2024-08-24 07:06:25,051 [l2p.py] => head.weight: 76800
2024-08-24 07:06:25,051 [l2p.py] => head.bias: 100
2024-08-24 07:06:25,052 [trainer.py] => All params: 171816392
2024-08-24 07:06:25,053 [trainer.py] => Trainable params: 122980
2024-08-24 07:06:25,053 [l2p.py] => Learning on 0-50
2024-08-24 08:44:18,499 [l2p.py] => Task 0, Epoch 20/20 => Loss 0.252, Train_accy 84.96, Test_accy 94.24
2024-08-24 08:44:55,865 [trainer.py] => No NME accuracy.
2024-08-24 08:44:55,865 [trainer.py] => CNN: {'total': 94.24, '00-49': 94.24, 'old': 0, 'new': 94.24}
2024-08-24 08:44:55,865 [trainer.py] => CNN top1 curve: [94.24]
2024-08-24 08:44:55,865 [trainer.py] => CNN top5 curve: [99.36]

Average Accuracy (CNN): 94.24
2024-08-24 08:44:55,866 [trainer.py] => Average Accuracy (CNN): 94.24 

2024-08-24 08:44:55,866 [trainer.py] => Train Time: 11743.45
2024-08-24 08:44:55,866 [trainer.py] => Test Time: 37.36 

2024-08-24 08:44:55,868 [trainer.py] => All params: 171816392
2024-08-24 08:44:55,870 [trainer.py] => Trainable params: 122980
2024-08-24 08:44:55,870 [l2p.py] => Learning on 50-60
2024-08-24 09:07:13,999 [l2p.py] => Task 1, Epoch 20/20 => Loss -0.104, Train_accy 93.72, Test_accy 91.75
2024-08-24 09:07:58,487 [trainer.py] => No NME accuracy.
2024-08-24 09:07:58,488 [trainer.py] => CNN: {'total': 91.75, '00-49': 93.9, '50-59': 81.0, 'old': 93.9, 'new': 81.0}
2024-08-24 09:07:58,489 [trainer.py] => CNN top1 curve: [94.24, 91.75]
2024-08-24 09:07:58,489 [trainer.py] => CNN top5 curve: [99.36, 99.15]

Average Accuracy (CNN): 93.0
2024-08-24 09:07:58,489 [trainer.py] => Average Accuracy (CNN): 93.0 

2024-08-24 09:07:58,489 [trainer.py] => Train Time: 14419.56
2024-08-24 09:07:58,489 [trainer.py] => Test Time: 81.84 

2024-08-24 09:07:58,490 [trainer.py] => All params: 171816392
2024-08-24 09:07:58,492 [trainer.py] => Trainable params: 122980
2024-08-24 09:07:58,492 [l2p.py] => Learning on 60-70
2024-08-24 09:30:47,242 [l2p.py] => Task 2, Epoch 20/20 => Loss -0.109, Train_accy 94.80, Test_accy 89.97
2024-08-24 09:31:39,040 [trainer.py] => No NME accuracy.
2024-08-24 09:31:39,041 [trainer.py] => CNN: {'total': 89.97, '00-49': 93.74, '50-59': 79.4, '60-69': 81.7, 'old': 91.35, 'new': 81.7}
2024-08-24 09:31:39,041 [trainer.py] => CNN top1 curve: [94.24, 91.75, 89.97]
2024-08-24 09:31:39,041 [trainer.py] => CNN top5 curve: [99.36, 99.15, 99.07]

Average Accuracy (CNN): 91.99
2024-08-24 09:31:39,042 [trainer.py] => Average Accuracy (CNN): 91.99 

2024-08-24 09:31:39,042 [trainer.py] => Train Time: 17156.95
2024-08-24 09:31:39,042 [trainer.py] => Test Time: 133.64 

2024-08-24 09:31:39,045 [trainer.py] => All params: 171816392
2024-08-24 09:31:39,047 [trainer.py] => Trainable params: 122980
2024-08-24 09:31:39,047 [l2p.py] => Learning on 70-80
2024-08-24 09:54:57,144 [l2p.py] => Task 3, Epoch 20/20 => Loss -0.095, Train_accy 93.90, Test_accy 86.11
2024-08-24 09:55:56,251 [trainer.py] => No NME accuracy.
2024-08-24 09:55:56,251 [trainer.py] => CNN: {'total': 86.11, '00-49': 93.94, '50-59': 79.4, '60-69': 77.3, '70-79': 62.5, 'old': 89.49, 'new': 62.5}
2024-08-24 09:55:56,251 [trainer.py] => CNN top1 curve: [94.24, 91.75, 89.97, 86.11]
2024-08-24 09:55:56,251 [trainer.py] => CNN top5 curve: [99.36, 99.15, 99.07, 98.94]

Average Accuracy (CNN): 90.52
2024-08-24 09:55:56,251 [trainer.py] => Average Accuracy (CNN): 90.52 

2024-08-24 09:55:56,251 [trainer.py] => Train Time: 19953.0
2024-08-24 09:55:56,251 [trainer.py] => Test Time: 192.75 

2024-08-24 09:55:56,253 [trainer.py] => All params: 171816392
2024-08-24 09:55:56,253 [trainer.py] => Trainable params: 122980
2024-08-24 09:55:56,254 [l2p.py] => Learning on 80-90
2024-08-24 10:19:41,079 [l2p.py] => Task 4, Epoch 20/20 => Loss -0.118, Train_accy 94.54, Test_accy 82.34
2024-08-24 10:20:47,657 [trainer.py] => No NME accuracy.
2024-08-24 10:20:47,658 [trainer.py] => CNN: {'total': 82.34, '00-49': 93.6, '50-59': 77.9, '60-69': 77.0, '70-79': 59.4, '80-89': 58.8, 'old': 85.29, 'new': 58.8}
2024-08-24 10:20:47,658 [trainer.py] => CNN top1 curve: [94.24, 91.75, 89.97, 86.11, 82.34]
2024-08-24 10:20:47,658 [trainer.py] => CNN top5 curve: [99.36, 99.15, 99.07, 98.94, 98.41]

Average Accuracy (CNN): 88.88
2024-08-24 10:20:47,658 [trainer.py] => Average Accuracy (CNN): 88.88 

2024-08-24 10:20:47,658 [trainer.py] => Train Time: 22802.43
2024-08-24 10:20:47,658 [trainer.py] => Test Time: 259.33 

2024-08-24 10:20:47,661 [trainer.py] => All params: 171816392
2024-08-24 10:20:47,662 [trainer.py] => Trainable params: 122980
2024-08-24 10:20:47,663 [l2p.py] => Learning on 90-100
2024-08-24 10:45:03,070 [l2p.py] => Task 5, Epoch 20/20 => Loss -0.085, Train_accy 93.34, Test_accy 81.22
2024-08-24 10:46:16,832 [trainer.py] => No NME accuracy.
2024-08-24 10:46:16,833 [trainer.py] => CNN: {'total': 81.22, '00-49': 93.54, '50-59': 77.0, '60-69': 77.0, '70-79': 60.2, '80-89': 58.3, '90-99': 72.0, 'old': 82.24, 'new': 72.0}
2024-08-24 10:46:16,833 [trainer.py] => CNN top1 curve: [94.24, 91.75, 89.97, 86.11, 82.34, 81.22]
2024-08-24 10:46:16,833 [trainer.py] => CNN top5 curve: [99.36, 99.15, 99.07, 98.94, 98.41, 98.05]

Average Accuracy (CNN): 87.61
2024-08-24 10:46:16,833 [trainer.py] => Average Accuracy (CNN): 87.61 

2024-08-24 10:46:16,833 [trainer.py] => Train Time: 25713.100000000002
2024-08-24 10:46:16,833 [trainer.py] => Test Time: 333.09 

Accuracy Matrix (CNN):
[[94.24 93.9  93.74 93.94 93.6  93.54]
 [ 0.   81.   79.4  79.4  77.9  77.  ]
 [ 0.    0.   81.7  77.3  77.   77.  ]
 [ 0.    0.    0.   62.5  59.4  60.2 ]
 [ 0.    0.    0.    0.   58.8  58.3 ]
 [ 0.    0.    0.    0.    0.   72.  ]]
2024-08-24 10:46:16,834 [trainer.py] => Forgetting (CNN): 2.4399999999999977
2024-08-24 10:46:19,853 [trainer.py] => config: ./exps/l2p_cifar_B50_Inc10.json
2024-08-24 10:46:19,853 [trainer.py] => prefix:  
2024-08-24 10:46:19,853 [trainer.py] => dataset: cifar224
2024-08-24 10:46:19,853 [trainer.py] => memory_size: 0
2024-08-24 10:46:19,854 [trainer.py] => memory_per_class: 0
2024-08-24 10:46:19,854 [trainer.py] => fixed_memory: False
2024-08-24 10:46:19,854 [trainer.py] => shuffle: True
2024-08-24 10:46:19,854 [trainer.py] => init_cls: 50
2024-08-24 10:46:19,854 [trainer.py] => increment: 5
2024-08-24 10:46:19,854 [trainer.py] => model_name: l2p
2024-08-24 10:46:19,854 [trainer.py] => backbone_type: vit_base_patch16_224_in21k_l2p
2024-08-24 10:46:19,859 [trainer.py] => get_original_backbone: True
2024-08-24 10:46:19,859 [trainer.py] => device: [device(type='cuda', index=0)]
2024-08-24 10:46:19,859 [trainer.py] => seed: 1993
2024-08-24 10:46:19,859 [trainer.py] => tuned_epoch: 20
2024-08-24 10:46:19,859 [trainer.py] => init_lr: 0.001875
2024-08-24 10:46:19,859 [trainer.py] => batch_size: 48
2024-08-24 10:46:19,859 [trainer.py] => weight_decay: 0
2024-08-24 10:46:19,859 [trainer.py] => min_lr: 1e-05
2024-08-24 10:46:19,859 [trainer.py] => optimizer: adam
2024-08-24 10:46:19,859 [trainer.py] => scheduler: constant
2024-08-24 10:46:19,859 [trainer.py] => reinit_optimizer: True
2024-08-24 10:46:19,859 [trainer.py] => global_pool: token
2024-08-24 10:46:19,859 [trainer.py] => head_type: prompt
2024-08-24 10:46:19,859 [trainer.py] => freeze: ['blocks', 'patch_embed', 'cls_token', 'norm', 'pos_embed']
2024-08-24 10:46:19,859 [trainer.py] => pretrained: True
2024-08-24 10:46:19,859 [trainer.py] => drop: 0.0
2024-08-24 10:46:19,859 [trainer.py] => drop_path: 0.0
2024-08-24 10:46:19,859 [trainer.py] => prompt_pool: True
2024-08-24 10:46:19,859 [trainer.py] => size: 10
2024-08-24 10:46:19,859 [trainer.py] => length: 5
2024-08-24 10:46:19,859 [trainer.py] => top_k: 5
2024-08-24 10:46:19,859 [trainer.py] => initializer: uniform
2024-08-24 10:46:19,859 [trainer.py] => prompt_key: True
2024-08-24 10:46:19,859 [trainer.py] => prompt_key_init: uniform
2024-08-24 10:46:19,859 [trainer.py] => use_prompt_mask: False
2024-08-24 10:46:19,859 [trainer.py] => shared_prompt_pool: False
2024-08-24 10:46:19,860 [trainer.py] => shared_prompt_key: False
2024-08-24 10:46:19,860 [trainer.py] => batchwise_prompt: True
2024-08-24 10:46:19,860 [trainer.py] => embedding_key: cls
2024-08-24 10:46:19,860 [trainer.py] => predefined_key: 
2024-08-24 10:46:19,860 [trainer.py] => pull_constraint: True
2024-08-24 10:46:19,860 [trainer.py] => pull_constraint_coeff: 0.1
2024-08-24 10:46:21,550 [data_manager.py] => [68, 56, 78, 8, 23, 84, 90, 65, 74, 76, 40, 89, 3, 92, 55, 9, 26, 80, 43, 38, 58, 70, 77, 1, 85, 19, 17, 50, 28, 53, 13, 81, 45, 82, 6, 59, 83, 16, 15, 44, 91, 41, 72, 60, 79, 52, 20, 10, 31, 54, 37, 95, 14, 71, 96, 98, 97, 2, 64, 66, 42, 22, 35, 86, 24, 34, 87, 21, 99, 0, 88, 27, 18, 94, 11, 12, 47, 25, 30, 46, 62, 69, 36, 61, 7, 63, 75, 5, 32, 4, 51, 48, 73, 93, 39, 67, 29, 49, 57, 33]
2024-08-24 10:46:24,244 [vit_l2p.py] => Resized position embedding: torch.Size([1, 197, 768]) to torch.Size([1, 222, 768])
2024-08-24 10:46:24,244 [vit_l2p.py] => Position embedding grid-size from [14, 14] to (14, 14)
2024-08-24 10:46:28,629 [l2p.py] => 85,940,836 model total parameters.
2024-08-24 10:46:28,629 [l2p.py] => 122,980 model training parameters.
2024-08-24 10:46:28,629 [l2p.py] => prompt.prompt: 38400
2024-08-24 10:46:28,629 [l2p.py] => prompt.prompt_key: 7680
2024-08-24 10:46:28,630 [l2p.py] => head.weight: 76800
2024-08-24 10:46:28,630 [l2p.py] => head.bias: 100
2024-08-24 10:46:28,631 [trainer.py] => All params: 171816392
2024-08-24 10:46:28,632 [trainer.py] => Trainable params: 122980
2024-08-24 10:46:28,632 [l2p.py] => Learning on 0-50
2024-08-24 12:24:19,613 [l2p.py] => Task 0, Epoch 20/20 => Loss 0.252, Train_accy 84.96, Test_accy 94.24
2024-08-24 12:24:56,915 [trainer.py] => No NME accuracy.
2024-08-24 12:24:56,915 [trainer.py] => CNN: {'total': 94.24, '00-49': 94.24, 'old': 0, 'new': 94.24}
2024-08-24 12:24:56,915 [trainer.py] => CNN top1 curve: [94.24]
2024-08-24 12:24:56,915 [trainer.py] => CNN top5 curve: [99.36]

Average Accuracy (CNN): 94.24
2024-08-24 12:24:56,916 [trainer.py] => Average Accuracy (CNN): 94.24 

2024-08-24 12:24:56,916 [trainer.py] => Train Time: 11738.43
2024-08-24 12:24:56,916 [trainer.py] => Test Time: 37.3 

2024-08-24 12:24:56,919 [trainer.py] => All params: 171816392
2024-08-24 12:24:56,921 [trainer.py] => Trainable params: 122980
2024-08-24 12:24:56,921 [l2p.py] => Learning on 50-55
2024-08-24 12:37:28,079 [l2p.py] => Task 1, Epoch 20/20 => Loss -0.220, Train_accy 97.28, Test_accy 90.20
2024-08-24 12:38:08,967 [trainer.py] => No NME accuracy.
2024-08-24 12:38:08,968 [trainer.py] => CNN: {'total': 90.2, '00-49': 94.04, '50-54': 51.8, 'old': 94.04, 'new': 51.8}
2024-08-24 12:38:08,968 [trainer.py] => CNN top1 curve: [94.24, 90.2]
2024-08-24 12:38:08,968 [trainer.py] => CNN top5 curve: [99.36, 99.18]

Average Accuracy (CNN): 92.22
2024-08-24 12:38:08,968 [trainer.py] => Average Accuracy (CNN): 92.22 

2024-08-24 12:38:08,968 [trainer.py] => Train Time: 13240.650000000001
2024-08-24 12:38:08,968 [trainer.py] => Test Time: 78.19 

2024-08-24 12:38:08,970 [trainer.py] => All params: 171816392
2024-08-24 12:38:08,971 [trainer.py] => Trainable params: 122980
2024-08-24 12:38:08,971 [l2p.py] => Learning on 55-60
2024-08-24 12:50:57,744 [l2p.py] => Task 2, Epoch 20/20 => Loss -0.120, Train_accy 92.76, Test_accy 86.67
2024-08-24 12:51:42,704 [trainer.py] => No NME accuracy.
2024-08-24 12:51:42,705 [trainer.py] => CNN: {'total': 86.67, '00-49': 93.62, '50-54': 46.6, '55-59': 57.2, 'old': 89.35, 'new': 57.2}
2024-08-24 12:51:42,705 [trainer.py] => CNN top1 curve: [94.24, 90.2, 86.67]
2024-08-24 12:51:42,705 [trainer.py] => CNN top5 curve: [99.36, 99.18, 98.48]

Average Accuracy (CNN): 90.37
2024-08-24 12:51:42,705 [trainer.py] => Average Accuracy (CNN): 90.37 

2024-08-24 12:51:42,705 [trainer.py] => Train Time: 14778.12
2024-08-24 12:51:42,705 [trainer.py] => Test Time: 123.15 

2024-08-24 12:51:42,707 [trainer.py] => All params: 171816392
2024-08-24 12:51:42,708 [trainer.py] => Trainable params: 122980
2024-08-24 12:51:42,708 [l2p.py] => Learning on 60-65
2024-08-24 13:04:45,529 [l2p.py] => Task 3, Epoch 20/20 => Loss -0.179, Train_accy 96.72, Test_accy 84.23
2024-08-24 13:05:33,887 [trainer.py] => No NME accuracy.
2024-08-24 13:05:33,887 [trainer.py] => CNN: {'total': 84.23, '00-49': 93.28, '50-54': 43.8, '55-59': 54.6, '60-64': 63.8, 'old': 85.93, 'new': 63.8}
2024-08-24 13:05:33,887 [trainer.py] => CNN top1 curve: [94.24, 90.2, 86.67, 84.23]
2024-08-24 13:05:33,887 [trainer.py] => CNN top5 curve: [99.36, 99.18, 98.48, 98.22]

Average Accuracy (CNN): 88.84
2024-08-24 13:05:33,887 [trainer.py] => Average Accuracy (CNN): 88.84 

2024-08-24 13:05:33,888 [trainer.py] => Train Time: 16343.690000000002
2024-08-24 13:05:33,888 [trainer.py] => Test Time: 171.51 

2024-08-24 13:05:33,889 [trainer.py] => All params: 171816392
2024-08-24 13:05:33,890 [trainer.py] => Trainable params: 122980
2024-08-24 13:05:33,891 [l2p.py] => Learning on 65-70
2024-08-24 13:18:48,745 [l2p.py] => Task 4, Epoch 20/20 => Loss -0.222, Train_accy 97.92, Test_accy 81.44
2024-08-24 13:19:40,959 [trainer.py] => No NME accuracy.
2024-08-24 13:19:40,960 [trainer.py] => CNN: {'total': 81.44, '00-49': 93.3, '50-54': 43.4, '55-59': 49.6, '60-64': 61.8, '65-69': 52.4, 'old': 83.68, 'new': 52.4}
2024-08-24 13:19:40,960 [trainer.py] => CNN top1 curve: [94.24, 90.2, 86.67, 84.23, 81.44]
2024-08-24 13:19:40,960 [trainer.py] => CNN top5 curve: [99.36, 99.18, 98.48, 98.22, 98.09]

Average Accuracy (CNN): 87.36
2024-08-24 13:19:40,960 [trainer.py] => Average Accuracy (CNN): 87.36 

2024-08-24 13:19:40,960 [trainer.py] => Train Time: 17933.22
2024-08-24 13:19:40,960 [trainer.py] => Test Time: 223.72 

2024-08-24 13:19:40,962 [trainer.py] => All params: 171816392
2024-08-24 13:19:40,963 [trainer.py] => Trainable params: 122980
2024-08-24 13:19:40,963 [l2p.py] => Learning on 70-75
2024-08-24 13:33:11,933 [l2p.py] => Task 5, Epoch 20/20 => Loss -0.204, Train_accy 97.44, Test_accy 78.84
2024-08-24 13:34:07,787 [trainer.py] => No NME accuracy.
2024-08-24 13:34:07,787 [trainer.py] => CNN: {'total': 78.84, '00-49': 93.74, '50-54': 45.0, '55-59': 44.4, '60-64': 54.4, '65-69': 52.2, '70-74': 49.2, 'old': 80.96, 'new': 49.2}
2024-08-24 13:34:07,787 [trainer.py] => CNN top1 curve: [94.24, 90.2, 86.67, 84.23, 81.44, 78.84]
2024-08-24 13:34:07,787 [trainer.py] => CNN top5 curve: [99.36, 99.18, 98.48, 98.22, 98.09, 97.77]

Average Accuracy (CNN): 85.94
2024-08-24 13:34:07,787 [trainer.py] => Average Accuracy (CNN): 85.94 

2024-08-24 13:34:07,788 [trainer.py] => Train Time: 19555.09
2024-08-24 13:34:07,788 [trainer.py] => Test Time: 279.57 

2024-08-24 13:34:07,790 [trainer.py] => All params: 171816392
2024-08-24 13:34:07,791 [trainer.py] => Trainable params: 122980
2024-08-24 13:34:07,792 [l2p.py] => Learning on 75-80
2024-08-24 13:47:56,964 [l2p.py] => Task 6, Epoch 20/20 => Loss -0.221, Train_accy 97.36, Test_accy 76.10
2024-08-24 13:48:56,105 [trainer.py] => No NME accuracy.
2024-08-24 13:48:56,107 [trainer.py] => CNN: {'total': 76.1, '00-49': 93.74, '50-54': 47.0, '55-59': 45.2, '60-64': 52.6, '65-69': 53.2, '70-74': 48.6, '75-79': 33.6, 'old': 78.93, 'new': 33.6}
2024-08-24 13:48:56,107 [trainer.py] => CNN top1 curve: [94.24, 90.2, 86.67, 84.23, 81.44, 78.84, 76.1]
2024-08-24 13:48:56,107 [trainer.py] => CNN top5 curve: [99.36, 99.18, 98.48, 98.22, 98.09, 97.77, 97.68]

Average Accuracy (CNN): 84.53
2024-08-24 13:48:56,107 [trainer.py] => Average Accuracy (CNN): 84.53 

2024-08-24 13:48:56,107 [trainer.py] => Train Time: 21213.34
2024-08-24 13:48:56,107 [trainer.py] => Test Time: 338.71 

2024-08-24 13:48:56,109 [trainer.py] => All params: 171816392
2024-08-24 13:48:56,111 [trainer.py] => Trainable params: 122980
2024-08-24 13:48:56,111 [l2p.py] => Learning on 80-85
2024-08-24 14:02:55,434 [l2p.py] => Task 7, Epoch 20/20 => Loss -0.211, Train_accy 97.84, Test_accy 72.11
2024-08-24 14:03:58,039 [trainer.py] => No NME accuracy.
2024-08-24 14:03:58,039 [trainer.py] => CNN: {'total': 72.11, '00-49': 93.2, '50-54': 44.2, '55-59': 42.4, '60-64': 52.4, '65-69': 52.8, '70-74': 46.4, '75-79': 30.6, '80-84': 25.0, 'old': 75.05, 'new': 25.0}
2024-08-24 14:03:58,039 [trainer.py] => CNN top1 curve: [94.24, 90.2, 86.67, 84.23, 81.44, 78.84, 76.1, 72.11]
2024-08-24 14:03:58,039 [trainer.py] => CNN top5 curve: [99.36, 99.18, 98.48, 98.22, 98.09, 97.77, 97.68, 97.18]

Average Accuracy (CNN): 82.98
2024-08-24 14:03:58,040 [trainer.py] => Average Accuracy (CNN): 82.98 

2024-08-24 14:03:58,040 [trainer.py] => Train Time: 22891.83
2024-08-24 14:03:58,040 [trainer.py] => Test Time: 401.31 

2024-08-24 14:03:58,041 [trainer.py] => All params: 171816392
2024-08-24 14:03:58,042 [trainer.py] => Trainable params: 122980
2024-08-24 14:03:58,042 [l2p.py] => Learning on 85-90
2024-08-24 14:18:11,841 [l2p.py] => Task 8, Epoch 20/20 => Loss -0.131, Train_accy 94.52, Test_accy 71.11
2024-08-24 14:19:18,629 [trainer.py] => No NME accuracy.
2024-08-24 14:19:18,630 [trainer.py] => CNN: {'total': 71.11, '00-49': 93.78, '50-54': 44.6, '55-59': 46.2, '60-64': 48.6, '65-69': 53.6, '70-74': 50.0, '75-79': 29.4, '80-84': 23.8, '85-89': 46.0, 'old': 72.59, 'new': 46.0}
2024-08-24 14:19:18,630 [trainer.py] => CNN top1 curve: [94.24, 90.2, 86.67, 84.23, 81.44, 78.84, 76.1, 72.11, 71.11]
2024-08-24 14:19:18,631 [trainer.py] => CNN top5 curve: [99.36, 99.18, 98.48, 98.22, 98.09, 97.77, 97.68, 97.18, 96.98]

Average Accuracy (CNN): 81.66
2024-08-24 14:19:18,631 [trainer.py] => Average Accuracy (CNN): 81.66 

2024-08-24 14:19:18,631 [trainer.py] => Train Time: 24599.34
2024-08-24 14:19:18,631 [trainer.py] => Test Time: 468.1 

2024-08-24 14:19:18,633 [trainer.py] => All params: 171816392
2024-08-24 14:19:18,635 [trainer.py] => Trainable params: 122980
2024-08-24 14:19:18,635 [l2p.py] => Learning on 90-95
2024-08-24 14:33:48,005 [l2p.py] => Task 9, Epoch 20/20 => Loss -0.190, Train_accy 96.60, Test_accy 70.36
2024-08-24 14:34:57,933 [trainer.py] => No NME accuracy.
2024-08-24 14:34:57,933 [trainer.py] => CNN: {'total': 70.36, '00-49': 93.7, '50-54': 44.4, '55-59': 43.0, '60-64': 49.8, '65-69': 51.6, '70-74': 49.4, '75-79': 30.6, '80-84': 23.0, '85-89': 43.6, '90-94': 64.4, 'old': 70.69, 'new': 64.4}
2024-08-24 14:34:57,933 [trainer.py] => CNN top1 curve: [94.24, 90.2, 86.67, 84.23, 81.44, 78.84, 76.1, 72.11, 71.11, 70.36]
2024-08-24 14:34:57,933 [trainer.py] => CNN top5 curve: [99.36, 99.18, 98.48, 98.22, 98.09, 97.77, 97.68, 97.18, 96.98, 96.67]

Average Accuracy (CNN): 80.53
2024-08-24 14:34:57,934 [trainer.py] => Average Accuracy (CNN): 80.53 

2024-08-24 14:34:57,934 [trainer.py] => Train Time: 26337.81
2024-08-24 14:34:57,934 [trainer.py] => Test Time: 538.03 

2024-08-24 14:34:57,935 [trainer.py] => All params: 171816392
2024-08-24 14:34:57,937 [trainer.py] => Trainable params: 122980
2024-08-24 14:34:57,937 [l2p.py] => Learning on 95-100
2024-08-24 14:49:42,006 [l2p.py] => Task 10, Epoch 20/20 => Loss -0.166, Train_accy 95.28, Test_accy 68.29
2024-08-24 14:50:56,003 [trainer.py] => No NME accuracy.
2024-08-24 14:50:56,003 [trainer.py] => CNN: {'total': 68.29, '00-49': 94.18, '50-54': 45.8, '55-59': 42.6, '60-64': 46.0, '65-69': 52.0, '70-74': 45.8, '75-79': 29.8, '80-84': 22.0, '85-89': 42.0, '90-94': 61.2, '95-99': 36.8, 'old': 69.95, 'new': 36.8}
2024-08-24 14:50:56,003 [trainer.py] => CNN top1 curve: [94.24, 90.2, 86.67, 84.23, 81.44, 78.84, 76.1, 72.11, 71.11, 70.36, 68.29]
2024-08-24 14:50:56,003 [trainer.py] => CNN top5 curve: [99.36, 99.18, 98.48, 98.22, 98.09, 97.77, 97.68, 97.18, 96.98, 96.67, 95.96]

Average Accuracy (CNN): 79.42
2024-08-24 14:50:56,003 [trainer.py] => Average Accuracy (CNN): 79.42 

2024-08-24 14:50:56,003 [trainer.py] => Train Time: 28105.850000000002
2024-08-24 14:50:56,003 [trainer.py] => Test Time: 612.02 

Accuracy Matrix (CNN):
[[94.24 94.04 93.62 93.28 93.3  93.74 93.74 93.2  93.78 93.7  94.18]
 [ 0.   51.8  46.6  43.8  43.4  45.   47.   44.2  44.6  44.4  45.8 ]
 [ 0.    0.   57.2  54.6  49.6  44.4  45.2  42.4  46.2  43.   42.6 ]
 [ 0.    0.    0.   63.8  61.8  54.4  52.6  52.4  48.6  49.8  46.  ]
 [ 0.    0.    0.    0.   52.4  52.2  53.2  52.8  53.6  51.6  52.  ]
 [ 0.    0.    0.    0.    0.   49.2  48.6  46.4  50.   49.4  45.8 ]
 [ 0.    0.    0.    0.    0.    0.   33.6  30.6  29.4  30.6  29.8 ]
 [ 0.    0.    0.    0.    0.    0.    0.   25.   23.8  23.   22.  ]
 [ 0.    0.    0.    0.    0.    0.    0.    0.   46.   43.6  42.  ]
 [ 0.    0.    0.    0.    0.    0.    0.    0.    0.   64.4  61.2 ]
 [ 0.    0.    0.    0.    0.    0.    0.    0.    0.    0.   36.8 ]]
2024-08-24 14:50:56,005 [trainer.py] => Forgetting (CNN): 5.825999999999999
